n103-c10-tsmc16ffpgl-18-ns.txt
INFO: tsmc16ffpgl 18 rel4.4
ERROR: IcvRunDRC not defined.
tsmc16ffpgl-18_10M_2Xa1Xd_h_2Xe_vh_2Y2R : /remote/cad-rep/proj/c229-tsmc16ffpgl-1.8v/rel4.4/cad/10M_2Xa1Xd_h_2Xe_vh_2Y2R/env.tcl
ERROR: IcvRunDRC not defined.
tsmc16ffpgl-18_10M_2Xa1Xd_v_2Xe_hv_2Y2R : /remote/cad-rep/proj/c229-tsmc16ffpgl-1.8v/rel4.4/cad/10M_2Xa1Xd_v_2Xe_hv_2Y2R/env.tcl
ERROR: IcvRunDRC not defined.
tsmc16ffpgl-18_11M_2Xa1Xd_h_3Xe_vhv_2Y2R : /remote/cad-rep/proj/c229-tsmc16ffpgl-1.8v/rel4.4/cad/11M_2Xa1Xd_h_3Xe_vhv_2Y2R/env.tcl
ERROR: IcvRunDRC not defined.
tsmc16ffpgl-18_11M_2Xa1Xd_h_3Xe_vhv_2Y2R_DBOC : /remote/cad-rep/proj/c229-tsmc16ffpgl-1.8v/rel4.4/cad/11M_2Xa1Xd_h_3Xe_vhv_2Y2R_DBOC/env.tcl
ERROR: IcvRunDRC not defined.
tsmc16ffpgl-18_11M_2Xa1Xd_v_3Xe_hvh_2Y2R : /remote/cad-rep/proj/c229-tsmc16ffpgl-1.8v/rel4.4/cad/11M_2Xa1Xd_v_3Xe_hvh_2Y2R/env.tcl
ERROR: IcvRunDRC not defined.
tsmc16ffpgl-18_12M_1X2Xa2Xy2Y2Yy1Z1R : /remote/cad-rep/proj/c229-tsmc16ffpgl-1.8v/rel4.4/cad/12M_1X2Xa2Xy2Y2Yy1Z1R/env.tcl
ERROR: IcvRunDRC not defined.
tsmc16ffpgl-18_12M_2Xa1Xd_h_4Xe_vhvh_2Y2R : /remote/cad-rep/proj/c229-tsmc16ffpgl-1.8v/rel4.4/cad/12M_2Xa1Xd_h_4Xe_vhvh_2Y2R/env.tcl
ERROR: IcvRunDRC not defined.
tsmc16ffpgl-18_12M_2Xa1Xd_v_4Xe_hvhv_2Y2R : /remote/cad-rep/proj/c229-tsmc16ffpgl-1.8v/rel4.4/cad/12M_2Xa1Xd_v_4Xe_hvhv_2Y2R/env.tcl
ERROR: IcvRunDRC not defined.
tsmc16ffpgl-18_7M_2Xa1Xd_h_2Xe_vh_1Z : /remote/cad-rep/proj/c229-tsmc16ffpgl-1.8v/rel4.4/cad/7M_2Xa1Xd_h_2Xe_vh_1Z/env.tcl
ERROR: IcvRunDRC not defined.
tsmc16ffpgl-18_7M_2Xa1Xd_v_2Xe_hv_1Z : /remote/cad-rep/proj/c229-tsmc16ffpgl-1.8v/rel4.4/cad/7M_2Xa1Xd_v_2Xe_hv_1Z/env.tcl
ERROR: IcvRunDRC not defined.
tsmc16ffpgl-18_9M_2Xa1Xd_h_3Xe_vhv_2Z : /remote/cad-rep/proj/c229-tsmc16ffpgl-1.8v/rel4.4/cad/9M_2Xa1Xd_h_3Xe_vhv_2Z/env.tcl
ERROR: IcvRunDRC not defined.
tsmc16ffpgl-18_9M_2Xa1Xd_h_4Xe_vhvh_1Z : /remote/cad-rep/proj/c229-tsmc16ffpgl-1.8v/rel4.4/cad/9M_2Xa1Xd_h_4Xe_vhvh_1Z/env.tcl
ERROR: IcvRunDRC not defined.
tsmc16ffpgl-18_9M_2Xa1Xd_v_3Xe_hvh_2Z : /remote/cad-rep/proj/c229-tsmc16ffpgl-1.8v/rel4.4/cad/9M_2Xa1Xd_v_3Xe_hvh_2Z/env.tcl
ERROR: IcvRunDRC not defined.
tsmc16ffpgl-18_9M_2Xa1Xd_v_4Xe_hvhv_1Z : /remote/cad-rep/proj/c229-tsmc16ffpgl-1.8v/rel4.4/cad/9M_2Xa1Xd_v_4Xe_hvhv_1Z/env.tcl
d622-ddr4m-tsmc16ffpgl18.txt
INFO: tsmc16ffpgl 18" 
INFO: SKIPPED. NOT RELEASE VESION.

e309-hdmi-mhl-txphy-tsmc16ffpgl-18.txt
INFO: tsmc16ffpgl 18 rel4.4
ERROR: IcvRunDRC not defined.
tsmc16ffpgl-18_10M_2Xa1Xd_h_2Xe_vh_2Y2R : /remote/cad-rep/proj/c229-tsmc16ffpgl-1.8v/rel4.4/cad/10M_2Xa1Xd_h_2Xe_vh_2Y2R/env.tcl
ERROR: IcvRunDRC not defined.
tsmc16ffpgl-18_10M_2Xa1Xd_v_2Xe_hv_2Y2R : /remote/cad-rep/proj/c229-tsmc16ffpgl-1.8v/rel4.4/cad/10M_2Xa1Xd_v_2Xe_hv_2Y2R/env.tcl
ERROR: IcvRunDRC not defined.
tsmc16ffpgl-18_11M_2Xa1Xd_h_3Xe_vhv_2Y2R : /remote/cad-rep/proj/c229-tsmc16ffpgl-1.8v/rel4.4/cad/11M_2Xa1Xd_h_3Xe_vhv_2Y2R/env.tcl
ERROR: IcvRunDRC not defined.
tsmc16ffpgl-18_11M_2Xa1Xd_h_3Xe_vhv_2Y2R_DBOC : /remote/cad-rep/proj/c229-tsmc16ffpgl-1.8v/rel4.4/cad/11M_2Xa1Xd_h_3Xe_vhv_2Y2R_DBOC/env.tcl
ERROR: IcvRunDRC not defined.
tsmc16ffpgl-18_11M_2Xa1Xd_v_3Xe_hvh_2Y2R : /remote/cad-rep/proj/c229-tsmc16ffpgl-1.8v/rel4.4/cad/11M_2Xa1Xd_v_3Xe_hvh_2Y2R/env.tcl
ERROR: IcvRunDRC not defined.
tsmc16ffpgl-18_12M_1X2Xa2Xy2Y2Yy1Z1R : /remote/cad-rep/proj/c229-tsmc16ffpgl-1.8v/rel4.4/cad/12M_1X2Xa2Xy2Y2Yy1Z1R/env.tcl
ERROR: IcvRunDRC not defined.
tsmc16ffpgl-18_12M_2Xa1Xd_h_4Xe_vhvh_2Y2R : /remote/cad-rep/proj/c229-tsmc16ffpgl-1.8v/rel4.4/cad/12M_2Xa1Xd_h_4Xe_vhvh_2Y2R/env.tcl
ERROR: IcvRunDRC not defined.
tsmc16ffpgl-18_12M_2Xa1Xd_v_4Xe_hvhv_2Y2R : /remote/cad-rep/proj/c229-tsmc16ffpgl-1.8v/rel4.4/cad/12M_2Xa1Xd_v_4Xe_hvhv_2Y2R/env.tcl
ERROR: IcvRunDRC not defined.
tsmc16ffpgl-18_7M_2Xa1Xd_h_2Xe_vh_1Z : /remote/cad-rep/proj/c229-tsmc16ffpgl-1.8v/rel4.4/cad/7M_2Xa1Xd_h_2Xe_vh_1Z/env.tcl
ERROR: IcvRunDRC not defined.
tsmc16ffpgl-18_7M_2Xa1Xd_v_2Xe_hv_1Z : /remote/cad-rep/proj/c229-tsmc16ffpgl-1.8v/rel4.4/cad/7M_2Xa1Xd_v_2Xe_hv_1Z/env.tcl
ERROR: IcvRunDRC not defined.
tsmc16ffpgl-18_9M_2Xa1Xd_h_3Xe_vhv_2Z : /remote/cad-rep/proj/c229-tsmc16ffpgl-1.8v/rel4.4/cad/9M_2Xa1Xd_h_3Xe_vhv_2Z/env.tcl
ERROR: IcvRunDRC not defined.
tsmc16ffpgl-18_9M_2Xa1Xd_h_4Xe_vhvh_1Z : /remote/cad-rep/proj/c229-tsmc16ffpgl-1.8v/rel4.4/cad/9M_2Xa1Xd_h_4Xe_vhvh_1Z/env.tcl
ERROR: IcvRunDRC not defined.
tsmc16ffpgl-18_9M_2Xa1Xd_v_3Xe_hvh_2Z : /remote/cad-rep/proj/c229-tsmc16ffpgl-1.8v/rel4.4/cad/9M_2Xa1Xd_v_3Xe_hvh_2Z/env.tcl
ERROR: IcvRunDRC not defined.
tsmc16ffpgl-18_9M_2Xa1Xd_v_4Xe_hvhv_1Z : /remote/cad-rep/proj/c229-tsmc16ffpgl-1.8v/rel4.4/cad/9M_2Xa1Xd_v_4Xe_hvhv_1Z/env.tcl
e314-hdmi-txphy-tsmc16ffpgl-18.txt
INFO: tsmc16ffpgl 18 rel7.1.0
INFO: DONE

d506-lpddr4m-tsmc16ffpgl18.txt
INFO: tsmc16ffpgl 18 
INFO: SKIPPED. NOT RELEASE VESION.

g126-dphy-tsmc16ffpgl-18.txt
INFO: tsmc16ffpgl 18 
INFO: SKIPPED. NOT RELEASE VESION.

g215-mphy-tsmc16ffpgl-18.txt
INFO: tsmc16ffpgl 18 rel7.0.0
INFO: DONE

x639-ssp-tsmc16ffpgl-18-ns.txt
INFO: CCS CCS 
INFO: SKIPPED. NOT RELEASE VESION.

l229-std-tsmc16ffpgl-1.8v.txt
INFO:   
INFO: SKIPPED. NOT RELEASE VESION.

x032-up16-tsmc16ffpgl-18.txt
INFO: CCS CCS 
INFO: SKIPPED. NOT RELEASE VESION.

x639-usb2-tsmc16ffpgl-18-ns.txt
INFO: tsmc16ffpgl 18 
INFO: SKIPPED. NOT RELEASE VESION.

x639-usb3-tsmc16ffpgl-18-ns.txt
INFO: CCS CCS 
INFO: SKIPPED. NOT RELEASE VESION.

d510-ddr43-tsmc16ffpgl18.txt
INFO: tsmc16ffpgl 18 rel7.8.0
INFO: DONE

d520-ddr43-tsmc16ffpgl18.txt
INFO: common common c229-tsmc16ffpgl-1.8v
INFO: SKIPPED. NOT RELEASE VESION.

x038-e16-tsmc16ffpgl-18.txt
INFO: CCS CCS to
INFO: SKIPPED. NOT RELEASE VESION.

d540-lpddr4mv2-tsmc16ffpgl18.txt
INFO: common common c229-tsmc16ffpgl-1.8v
INFO: SKIPPED. NOT RELEASE VESION.

d722-hbm2-tsmc16ffpgl18.txt
INFO: common common c229-tsmc16ffpgl-1.8v
INFO: SKIPPED. NOT RELEASE VESION.

t101-typec-usb3.1-dpalt-tsmc16ffpgl-18-ns.txt
INFO:   
INFO: SKIPPED. NOT RELEASE VESION.

y202-emmc-tsmc16ffpgl-1.8v.txt
INFO: tsmc16ffpgl 18" 
INFO: SKIPPED. NOT RELEASE VESION.

x087-e25-tsmc16ffpgl-18-ns.txt
INFO: tsmc16ffpgl 18 
INFO: SKIPPED. NOT RELEASE VESION.

d811-ddr54-tsmc16ffpgl18.txt
INFO: tsmc16ffpgl 18 
INFO: SKIPPED. NOT RELEASE VESION.

f510-gpio-tsmc16ffpgl-1.8v.txt
INFO: tsmc16ffpgl 18_iPDK 
INFO: SKIPPED. NOT RELEASE VESION.

