c229-tsmc16ffpgl-1.8v : /remote/cad-rep/projects/c10/n103-c10-tsmc16ffpgl-18-ns/rel1.04/cad/project.env
tsmc16ffpgl-18_10M_2Xa1Xd_h_2Xe_vh_2Y2R : /remote/cad-rep/proj/c229-tsmc16ffpgl-1.8v/rel4.4/cad/10M_2Xa1Xd_h_2Xe_vh_2Y2R/env.tcl
tsmc16ffpgl-18_10M_2Xa1Xd_v_2Xe_hv_2Y2R : /remote/cad-rep/proj/c229-tsmc16ffpgl-1.8v/rel4.4/cad/10M_2Xa1Xd_v_2Xe_hv_2Y2R/env.tcl
tsmc16ffpgl-18_11M_2Xa1Xd_h_3Xe_vhv_2Y2R : /remote/cad-rep/proj/c229-tsmc16ffpgl-1.8v/rel4.4/cad/11M_2Xa1Xd_h_3Xe_vhv_2Y2R/env.tcl
tsmc16ffpgl-18_11M_2Xa1Xd_h_3Xe_vhv_2Y2R_DBOC : /remote/cad-rep/proj/c229-tsmc16ffpgl-1.8v/rel4.4/cad/11M_2Xa1Xd_h_3Xe_vhv_2Y2R_DBOC/env.tcl
tsmc16ffpgl-18_11M_2Xa1Xd_v_3Xe_hvh_2Y2R : /remote/cad-rep/proj/c229-tsmc16ffpgl-1.8v/rel4.4/cad/11M_2Xa1Xd_v_3Xe_hvh_2Y2R/env.tcl
tsmc16ffpgl-18_12M_1X2Xa2Xy2Y2Yy1Z1R : /remote/cad-rep/proj/c229-tsmc16ffpgl-1.8v/rel4.4/cad/12M_1X2Xa2Xy2Y2Yy1Z1R/env.tcl
tsmc16ffpgl-18_12M_2Xa1Xd_h_4Xe_vhvh_2Y2R : /remote/cad-rep/proj/c229-tsmc16ffpgl-1.8v/rel4.4/cad/12M_2Xa1Xd_h_4Xe_vhvh_2Y2R/env.tcl
tsmc16ffpgl-18_12M_2Xa1Xd_v_4Xe_hvhv_2Y2R : /remote/cad-rep/proj/c229-tsmc16ffpgl-1.8v/rel4.4/cad/12M_2Xa1Xd_v_4Xe_hvhv_2Y2R/env.tcl
tsmc16ffpgl-18_7M_2Xa1Xd_h_2Xe_vh_1Z : /remote/cad-rep/proj/c229-tsmc16ffpgl-1.8v/rel4.4/cad/7M_2Xa1Xd_h_2Xe_vh_1Z/env.tcl
tsmc16ffpgl-18_7M_2Xa1Xd_v_2Xe_hv_1Z : /remote/cad-rep/proj/c229-tsmc16ffpgl-1.8v/rel4.4/cad/7M_2Xa1Xd_v_2Xe_hv_1Z/env.tcl
tsmc16ffpgl-18_9M_2Xa1Xd_h_3Xe_vhv_2Z : /remote/cad-rep/proj/c229-tsmc16ffpgl-1.8v/rel4.4/cad/9M_2Xa1Xd_h_3Xe_vhv_2Z/env.tcl
tsmc16ffpgl-18_9M_2Xa1Xd_h_4Xe_vhvh_1Z : /remote/cad-rep/proj/c229-tsmc16ffpgl-1.8v/rel4.4/cad/9M_2Xa1Xd_h_4Xe_vhvh_1Z/env.tcl
tsmc16ffpgl-18_9M_2Xa1Xd_v_3Xe_hvh_2Z : /remote/cad-rep/proj/c229-tsmc16ffpgl-1.8v/rel4.4/cad/9M_2Xa1Xd_v_3Xe_hvh_2Z/env.tcl
tsmc16ffpgl-18_9M_2Xa1Xd_v_4Xe_hvhv_1Z : /remote/cad-rep/proj/c229-tsmc16ffpgl-1.8v/rel4.4/cad/9M_2Xa1Xd_v_4Xe_hvhv_1Z/env.tcl
tsmc16ffpgl-18_10M_2Xa1Xd_h_2Xe_vh_2Y2R : /remote/cad-rep/proj/c229-tsmc16ffpgl-1.8v/rel4.4/cad/10M_2Xa1Xd_h_2Xe_vh_2Y2R/env.tcl
tsmc16ffpgl-18_10M_2Xa1Xd_v_2Xe_hv_2Y2R : /remote/cad-rep/proj/c229-tsmc16ffpgl-1.8v/rel4.4/cad/10M_2Xa1Xd_v_2Xe_hv_2Y2R/env.tcl
tsmc16ffpgl-18_11M_2Xa1Xd_h_3Xe_vhv_2Y2R : /remote/cad-rep/proj/c229-tsmc16ffpgl-1.8v/rel4.4/cad/11M_2Xa1Xd_h_3Xe_vhv_2Y2R/env.tcl
tsmc16ffpgl-18_11M_2Xa1Xd_h_3Xe_vhv_2Y2R_DBOC : /remote/cad-rep/proj/c229-tsmc16ffpgl-1.8v/rel4.4/cad/11M_2Xa1Xd_h_3Xe_vhv_2Y2R_DBOC/env.tcl
tsmc16ffpgl-18_11M_2Xa1Xd_v_3Xe_hvh_2Y2R : /remote/cad-rep/proj/c229-tsmc16ffpgl-1.8v/rel4.4/cad/11M_2Xa1Xd_v_3Xe_hvh_2Y2R/env.tcl
tsmc16ffpgl-18_12M_1X2Xa2Xy2Y2Yy1Z1R : /remote/cad-rep/proj/c229-tsmc16ffpgl-1.8v/rel4.4/cad/12M_1X2Xa2Xy2Y2Yy1Z1R/env.tcl
tsmc16ffpgl-18_12M_2Xa1Xd_h_4Xe_vhvh_2Y2R : /remote/cad-rep/proj/c229-tsmc16ffpgl-1.8v/rel4.4/cad/12M_2Xa1Xd_h_4Xe_vhvh_2Y2R/env.tcl
tsmc16ffpgl-18_12M_2Xa1Xd_v_4Xe_hvhv_2Y2R : /remote/cad-rep/proj/c229-tsmc16ffpgl-1.8v/rel4.4/cad/12M_2Xa1Xd_v_4Xe_hvhv_2Y2R/env.tcl
tsmc16ffpgl-18_7M_2Xa1Xd_h_2Xe_vh_1Z : /remote/cad-rep/proj/c229-tsmc16ffpgl-1.8v/rel4.4/cad/7M_2Xa1Xd_h_2Xe_vh_1Z/env.tcl
tsmc16ffpgl-18_7M_2Xa1Xd_v_2Xe_hv_1Z : /remote/cad-rep/proj/c229-tsmc16ffpgl-1.8v/rel4.4/cad/7M_2Xa1Xd_v_2Xe_hv_1Z/env.tcl
tsmc16ffpgl-18_9M_2Xa1Xd_h_3Xe_vhv_2Z : /remote/cad-rep/proj/c229-tsmc16ffpgl-1.8v/rel4.4/cad/9M_2Xa1Xd_h_3Xe_vhv_2Z/env.tcl
tsmc16ffpgl-18_9M_2Xa1Xd_h_4Xe_vhvh_1Z : /remote/cad-rep/proj/c229-tsmc16ffpgl-1.8v/rel4.4/cad/9M_2Xa1Xd_h_4Xe_vhvh_1Z/env.tcl
tsmc16ffpgl-18_9M_2Xa1Xd_v_3Xe_hvh_2Z : /remote/cad-rep/proj/c229-tsmc16ffpgl-1.8v/rel4.4/cad/9M_2Xa1Xd_v_3Xe_hvh_2Z/env.tcl
tsmc16ffpgl-18_9M_2Xa1Xd_v_4Xe_hvhv_1Z : /remote/cad-rep/proj/c229-tsmc16ffpgl-1.8v/rel4.4/cad/9M_2Xa1Xd_v_4Xe_hvhv_1Z/env.tcl
