Information: Process ID for tool: 13592
SNPS_INFO   : SCRIPT_START : /remote/cad-rep/msip/tools/Shelltools/ccs_utils/2021.12-1/tcl/check_switches_run.tcl : Tue Jul 19 12:14:09 2022
SNPS_INFO   : SCRIPT_START : /remote/cad-rep/msip/tools/Lynxtools/pcsqa/2021.09-SP1-1/scripts_global/conf/header_start.tcl : Tue Jul 19 12:14:09 2022
SNPS_INFO   : SCRIPT_START : /remote/cad-rep/msip/tools/Lynxtools/pcsqa/2021.09-SP1-1/scripts_global/rtm_shell/rtm_init_public.tcl : Tue Jul 19 12:14:09 2022
SNPS_INFO   : SCRIPT_STOP : /remote/cad-rep/msip/tools/Lynxtools/pcsqa/2021.09-SP1-1/scripts_global/rtm_shell/rtm_init_public.tcl : Tue Jul 19 12:14:09 2022
set SEV(gscript_dir) /slowfs/dcopt103/alvaro/sgscratch/pcsqa/scripts_global
set SEV(tscript_dir) /slowfs/dcopt103/alvaro/sgscratch/pcsqa/scripts_tech
set SEV(pscript_dir) /slowfs/dcopt103/alvaro/sgscratch/pcsqa/scripts_project
SNPS_INFO   : SCRIPT_START : /remote/cad-rep/msip/tools/Lynxtools/pcsqa/2021.09-SP1-1/scripts_global/conf/sev_values.tcl : Tue Jul 19 12:14:09 2022
SNPS_INFO   : SCRIPT_STOP : /remote/cad-rep/msip/tools/Lynxtools/pcsqa/2021.09-SP1-1/scripts_global/conf/sev_values.tcl : Tue Jul 19 12:14:09 2022
SNPS_INFO   : SCRIPT_START : /slowfs/dcopt103/alvaro/sgscratch/pcsqa/builds/hbm3-d763-hbm3-v2-tsmc3eff-12-ew-rel1.00_EWHardened/scripts_build/conf/sev_values.tcl : Tue Jul 19 12:14:09 2022
SNPS_INFO   : SCRIPT_STOP : /slowfs/dcopt103/alvaro/sgscratch/pcsqa/builds/hbm3-d763-hbm3-v2-tsmc3eff-12-ew-rel1.00_EWHardened/scripts_build/conf/sev_values.tcl : Tue Jul 19 12:14:09 2022
SNPS_INFO   : SCRIPT_START : /remote/cad-rep/msip/tools/Lynxtools/pcsqa/2021.09-SP1-1/scripts_global/conf/system_setup.tcl : Tue Jul 19 12:14:09 2022
SNPS_INFO   : Tracelog is not enabled
SNPS_INFO   : SCRIPT_STOP : /remote/cad-rep/msip/tools/Lynxtools/pcsqa/2021.09-SP1-1/scripts_global/conf/system_setup.tcl : Tue Jul 19 12:14:09 2022
SNPS_INFO   : SCRIPT_START : /slowfs/dcopt103/alvaro/sgscratch/pcsqa/builds/hbm3-d763-hbm3-v2-tsmc3eff-12-ew-rel1.00_EWHardened/scripts_build/conf/svar_values.tcl : Tue Jul 19 12:14:09 2022
SNPS_INFO   : SCRIPT_STOP : /slowfs/dcopt103/alvaro/sgscratch/pcsqa/builds/hbm3-d763-hbm3-v2-tsmc3eff-12-ew-rel1.00_EWHardened/scripts_build/conf/svar_values.tcl : Tue Jul 19 12:14:09 2022
SNPS_INFO   : SCRIPT_START : /remote/cad-rep/msip/tools/Lynxtools/pcsqa/2021.09-SP1-1/scripts_global/procs/procs_user.tcl : Tue Jul 19 12:14:09 2022
SNPS_INFO   : SCRIPT_STOP : /remote/cad-rep/msip/tools/Lynxtools/pcsqa/2021.09-SP1-1/scripts_global/procs/procs_user.tcl : Tue Jul 19 12:14:09 2022
SNPS_INFO   : SCRIPT_STOP : /remote/cad-rep/msip/tools/Lynxtools/pcsqa/2021.09-SP1-1/scripts_global/conf/header_start.tcl : Tue Jul 19 12:14:09 2022
SNPS_INFO   : SCRIPT_START : /remote/cad-rep/msip/tools/Lynxtools/pcsqa/2021.09-SP1-1/scripts_global/conf/header_stop.tcl : Tue Jul 19 12:14:09 2022
SNPS_INFO   : SCRIPT_START : /slowfs/dcopt103/alvaro/sgscratch/pcsqa/builds/hbm3-d763-hbm3-v2-tsmc3eff-12-ew-rel1.00_EWHardened/qa_step/21vv_drc_ANT_SHDMIM_calibre_15M_1Xa_h_1Xb_v_1Xc_h_1Xd_v_1Ya_h_1Yb_v_4Y_hvhv_2Yy2Z_SHDMIM/logs/ANT_SHDMIM_calibre_15M_1Xa_h_1Xb_v_1Xc_h_1Xd_v_1Ya_h_1Yb_v_4Y_hvhv_2Yy2Z_SHDMIM.tev.varfile : Tue Jul 19 12:14:09 2022
SNPS_INFO   : SCRIPT_STOP : /slowfs/dcopt103/alvaro/sgscratch/pcsqa/builds/hbm3-d763-hbm3-v2-tsmc3eff-12-ew-rel1.00_EWHardened/qa_step/21vv_drc_ANT_SHDMIM_calibre_15M_1Xa_h_1Xb_v_1Xc_h_1Xd_v_1Ya_h_1Yb_v_4Y_hvhv_2Yy2Z_SHDMIM/logs/ANT_SHDMIM_calibre_15M_1Xa_h_1Xb_v_1Xc_h_1Xd_v_1Ya_h_1Yb_v_4Y_hvhv_2Yy2Z_SHDMIM.tev.varfile : Tue Jul 19 12:14:09 2022
SNPS_INFO   : SCRIPT_START : /slowfs/dcopt103/alvaro/sgscratch/pcsqa/builds/hbm3-d763-hbm3-v2-tsmc3eff-12-ew-rel1.00_EWHardened/scripts_build/conf/setup.tcl : Tue Jul 19 12:14:09 2022
SNPS_HEADER : ## ------------------------------------- 
SNPS_INFO   : SEV(analysis_task) : 0
SNPS_INFO   : SEV(aro,errors) : 1
SNPS_INFO   : SEV(aro,port) : 32223
SNPS_INFO   : SEV(aro,port,mongo) : 27017
SNPS_INFO   : SEV(aro,server) : panther-lynx1
SNPS_INFO   : SEV(aro,server,mongo) : panther-lynx2
SNPS_INFO   : SEV(bit) : 64
SNPS_INFO   : SEV(block_dir) : /slowfs/dcopt103/alvaro/sgscratch/pcsqa/builds/hbm3-d763-hbm3-v2-tsmc3eff-12-ew-rel1.00_EWHardened
SNPS_INFO   : SEV(block_name) : hbm3-d763-hbm3-v2-tsmc3eff-12-ew-rel1.00_EWHardened
SNPS_INFO   : SEV(bscript_dir) : /slowfs/dcopt103/alvaro/sgscratch/pcsqa/builds/hbm3-d763-hbm3-v2-tsmc3eff-12-ew-rel1.00_EWHardened/scripts_build
SNPS_INFO   : SEV(build_dir) : /slowfs/dcopt103/alvaro/sgscratch/pcsqa/builds/hbm3-d763-hbm3-v2-tsmc3eff-12-ew-rel1.00_EWHardened
SNPS_INFO   : SEV(build_name) : hbm3-d763-hbm3-v2-tsmc3eff-12-ew-rel1.00_EWHardened
SNPS_INFO   : SEV(builds_dir) : /slowfs/dcopt103/alvaro/sgscratch/pcsqa/builds
SNPS_INFO   : SEV(config,flow_xml) : conf/config_flow.xml
SNPS_INFO   : SEV(config,js_method) : grd
SNPS_INFO   : SEV(config,rc_method) : perforce
SNPS_INFO   : SEV(config,tv_method) : modules
SNPS_INFO   : SEV(config,verbosity) : normal
SNPS_INFO   : SEV(dont_exit) : 0
SNPS_INFO   : SEV(dont_run) : 0
SNPS_INFO   : SEV(dst) : 21vv_drc_ANT_SHDMIM_calibre_15M_1Xa_h_1Xb_v_1Xc_h_1Xd_v_1Ya_h_1Yb_v_4Y_hvhv_2Yy2Z_SHDMIM
SNPS_INFO   : SEV(dst_dir) : /slowfs/dcopt103/alvaro/sgscratch/pcsqa/builds/hbm3-d763-hbm3-v2-tsmc3eff-12-ew-rel1.00_EWHardened/qa_step/21vv_drc_ANT_SHDMIM_calibre_15M_1Xa_h_1Xb_v_1Xc_h_1Xd_v_1Ya_h_1Yb_v_4Y_hvhv_2Yy2Z_SHDMIM/work
SNPS_INFO   : SEV(dst_name) : 21vv_drc_ANT_SHDMIM_calibre_15M_1Xa_h_1Xb_v_1Xc_h_1Xd_v_1Ya_h_1Yb_v_4Y_hvhv_2Yy2Z_SHDMIM
SNPS_INFO   : SEV(enable,aro) : 0
SNPS_INFO   : SEV(enable,job) : 1
SNPS_INFO   : SEV(enable,metrics) : 0
SNPS_INFO   : SEV(env,FM_WAIT_LICENSE) : 1
SNPS_INFO   : SEV(env,HERCULES_LICENSE_WAIT) : 1
SNPS_INFO   : SEV(env,ICV_LICENSE_WAIT) : 1
SNPS_INFO   : SEV(env,SNPSLMD_QUEUE) : true
SNPS_INFO   : SEV(env,SNPS_MAX_QUEUETIME) : 60
SNPS_INFO   : SEV(env,SNPS_MAX_WAITTIME) : 600
SNPS_INFO   : SEV(env,STARRC_LICENSE_WAIT) : yes
SNPS_INFO   : SEV(exec_cmd) : sh
SNPS_INFO   : SEV(flow_name) : gen_flow_3
SNPS_INFO   : SEV(flow_order) : 5020001
SNPS_INFO   : SEV(gscript_dir) : /slowfs/dcopt103/alvaro/sgscratch/pcsqa/scripts_global
SNPS_INFO   : SEV(gui) : 0
SNPS_INFO   : SEV(job,misc1) : misc1
SNPS_INFO   : SEV(job,misc2) : misc2
SNPS_INFO   : SEV(job,misc3) : misc3
SNPS_INFO   : SEV(job,misc4) : mt
SNPS_INFO   : SEV(job,options) : 
SNPS_INFO   : SEV(job,queue) : bnormal
SNPS_INFO   : SEV(job,queue_batch) : bnormal
SNPS_INFO   : SEV(job,queue_child) : bnormal
SNPS_INFO   : SEV(job,queue_interactive) : iheavy
SNPS_INFO   : SEV(job,resources) : arch=glinux
SNPS_INFO   : SEV(log_dir) : /slowfs/dcopt103/alvaro/sgscratch/pcsqa/builds/hbm3-d763-hbm3-v2-tsmc3eff-12-ew-rel1.00_EWHardened/qa_step/21vv_drc_ANT_SHDMIM_calibre_15M_1Xa_h_1Xb_v_1Xc_h_1Xd_v_1Ya_h_1Yb_v_4Y_hvhv_2Yy2Z_SHDMIM/logs
SNPS_INFO   : SEV(log_file) : /slowfs/dcopt103/alvaro/sgscratch/pcsqa/builds/hbm3-d763-hbm3-v2-tsmc3eff-12-ew-rel1.00_EWHardened/qa_step/21vv_drc_ANT_SHDMIM_calibre_15M_1Xa_h_1Xb_v_1Xc_h_1Xd_v_1Ya_h_1Yb_v_4Y_hvhv_2Yy2Z_SHDMIM/logs/ANT_SHDMIM_calibre_15M_1Xa_h_1Xb_v_1Xc_h_1Xd_v_1Ya_h_1Yb_v_4Y_hvhv_2Yy2Z_SHDMIM.log
SNPS_INFO   : SEV(metrics,errors) : 1
SNPS_INFO   : SEV(metrics,port) : 32222
SNPS_INFO   : SEV(metrics,server) : server_not_defined
SNPS_INFO   : SEV(metrics,server,mongo) : panther-lynx2
SNPS_INFO   : SEV(project_dir) : /global/lynx_dev
SNPS_INFO   : SEV(project_name) : PCSQA
SNPS_INFO   : SEV(pscript_dir) : /slowfs/dcopt103/alvaro/sgscratch/pcsqa/scripts_project
SNPS_INFO   : SEV(publish_dir) : /global/lynx_home/PUBLISH/Lynx
SNPS_INFO   : SEV(release_dir) : /global/lynx_dev/release
SNPS_INFO   : SEV(rpt_dir) : /slowfs/dcopt103/alvaro/sgscratch/pcsqa/builds/hbm3-d763-hbm3-v2-tsmc3eff-12-ew-rel1.00_EWHardened/qa_step/21vv_drc_ANT_SHDMIM_calibre_15M_1Xa_h_1Xb_v_1Xc_h_1Xd_v_1Ya_h_1Yb_v_4Y_hvhv_2Yy2Z_SHDMIM/rpts
SNPS_INFO   : SEV(script_file) : /slowfs/dcopt103/alvaro/sgscratch/pcsqa/../../../../../remote/cad-rep/msip/tools/Shelltools/ccs_utils/2021.12-1/tcl/check_switches_run.tcl
SNPS_INFO   : SEV(snapshot_dir) : /global/lynx_dev/snapshot
SNPS_INFO   : SEV(src) : ref_ccs
SNPS_INFO   : SEV(src_build_name) : hbm3-d763-hbm3-v2-tsmc3eff-12-ew-rel1.00_EWHardened
SNPS_INFO   : SEV(src_dir) : /slowfs/dcopt103/alvaro/sgscratch/pcsqa/builds/hbm3-d763-hbm3-v2-tsmc3eff-12-ew-rel1.00_EWHardened/qa_step/ref_ccs/work
SNPS_INFO   : SEV(src_name) : ref_ccs
SNPS_INFO   : SEV(src_step_name) : qa_step
SNPS_INFO   : SEV(step) : qa_step
SNPS_INFO   : SEV(step_dir) : /slowfs/dcopt103/alvaro/sgscratch/pcsqa/builds/hbm3-d763-hbm3-v2-tsmc3eff-12-ew-rel1.00_EWHardened/qa_step
SNPS_INFO   : SEV(step_name) : qa_step
SNPS_INFO   : SEV(task) : ANT_SHDMIM_calibre_15M_1Xa_h_1Xb_v_1Xc_h_1Xd_v_1Ya_h_1Yb_v_4Y_hvhv_2Yy2Z_SHDMIM
SNPS_INFO   : SEV(task_rpt_dir) : /slowfs/dcopt103/alvaro/sgscratch/pcsqa/builds/hbm3-d763-hbm3-v2-tsmc3eff-12-ew-rel1.00_EWHardened/qa_step/21vv_drc_ANT_SHDMIM_calibre_15M_1Xa_h_1Xb_v_1Xc_h_1Xd_v_1Ya_h_1Yb_v_4Y_hvhv_2Yy2Z_SHDMIM/rpts/ANT_SHDMIM_calibre_15M_1Xa_h_1Xb_v_1Xc_h_1Xd_v_1Ya_h_1Yb_v_4Y_hvhv_2Yy2Z_SHDMIM
SNPS_INFO   : SEV(techlib_dir) : 
SNPS_INFO   : SEV(techlib_name) : 
SNPS_INFO   : SEV(tmp_dir) : /slowfs/dcopt103/alvaro/sgscratch/pcsqa/builds/hbm3-d763-hbm3-v2-tsmc3eff-12-ew-rel1.00_EWHardened/qa_step/21vv_drc_ANT_SHDMIM_calibre_15M_1Xa_h_1Xb_v_1Xc_h_1Xd_v_1Ya_h_1Yb_v_4Y_hvhv_2Yy2Z_SHDMIM/tmp
SNPS_INFO   : SEV(trace) : 0
SNPS_INFO   : SEV(tscript_dir) : /slowfs/dcopt103/alvaro/sgscratch/pcsqa/scripts_tech
SNPS_INFO   : SEV(variable_group_files,SVAR) : conf/svar_values.tcl conf/svar_defines.xml conf/svar_checks.tcl
SNPS_INFO   : SEV(variable_groups) : SVAR
SNPS_INFO   : SEV(work_dir) : /slowfs/dcopt103/alvaro/sgscratch/pcsqa/builds/hbm3-d763-hbm3-v2-tsmc3eff-12-ew-rel1.00_EWHardened/qa_step/21vv_drc_ANT_SHDMIM_calibre_15M_1Xa_h_1Xb_v_1Xc_h_1Xd_v_1Ya_h_1Yb_v_4Y_hvhv_2Yy2Z_SHDMIM/work
SNPS_INFO   : SEV(workarea_dir) : /slowfs/dcopt103/alvaro/sgscratch/pcsqa
SNPS_HEADER : ## ------------------------------------- 
SNPS_INFO   : TEV(check_switches) : 0
SNPS_INFO   : TEV(metal_stack_option) : 15M_1Xa_h_1Xb_v_1Xc_h_1Xd_v_1Ya_h_1Yb_v_4Y_hvhv_2Yy2Z_SHDMIM
SNPS_INFO   : TEV(name) : ANT_SHDMIM
SNPS_INFO   : TEV(prefix) : ANTSHDMIM
SNPS_INFO   : TEV(qaapp) : pcsqa
SNPS_INFO   : TEV(type) : drc
SNPS_INFO   : TEV(ver_tool) : calibre
SNPS_HEADER : ## ------------------------------------- 
SNPS_INFO   : SCRIPT_START : /remote/cad-rep/msip/tools/Lynxtools/shared/2021.09/conf/procs_user.tcl : Tue Jul 19 12:14:11 2022
SNPS_INFO   : SCRIPT_STOP : /remote/cad-rep/msip/tools/Lynxtools/shared/2021.09/conf/procs_user.tcl : Tue Jul 19 12:14:11 2022
SNPS_INFO   : SCRIPT_STOP : /slowfs/dcopt103/alvaro/sgscratch/pcsqa/builds/hbm3-d763-hbm3-v2-tsmc3eff-12-ew-rel1.00_EWHardened/scripts_build/conf/setup.tcl : Tue Jul 19 12:14:11 2022
SNPS_INFO   : PROC_START : sproc_metric_system
SNPS_INFO  : METRIC    | TIMESTAMP SYS.START_TIME   | 1658247251
SNPS_INFO  : METRIC    | STRING    SYS.USER         | alvaro
SNPS_INFO  : METRIC    | STRING    SYS.PROJECT_NAME | PCSQA
SNPS_INFO  : METRIC    | STRING    SYS.BUILD_DIR    | /slowfs/dcopt103/alvaro/sgscratch/pcsqa/builds/hbm3-d763-hbm3-v2-tsmc3eff-12-ew-rel1.00_EWHardened
SNPS_INFO  : METRIC    | STRING    SYS.BUILD_NAME   | hbm3-d763-hbm3-v2-tsmc3eff-12-ew-rel1.00_EWHardened
SNPS_INFO  : METRIC    | STRING    SYS.STEP         | qa_step
SNPS_INFO  : METRIC    | STRING    SYS.SRC          | ref_ccs
SNPS_INFO  : METRIC    | STRING    SYS.DST          | 21vv_drc_ANT_SHDMIM_calibre_15M_1Xa_h_1Xb_v_1Xc_h_1Xd_v_1Ya_h_1Yb_v_4Y_hvhv_2Yy2Z_SHDMIM
SNPS_INFO  : METRIC    | STRING    SYS.TASK         | ANT_SHDMIM_calibre_15M_1Xa_h_1Xb_v_1Xc_h_1Xd_v_1Ya_h_1Yb_v_4Y_hvhv_2Yy2Z_SHDMIM
SNPS_INFO  : METRIC    | STRING    SYS.TASK_TYPE    | OPTIMIZE
SNPS_INFO  : METRIC    | STRING INFO.START_TIME   | Tue Jul 19 12:14:11 2022
SNPS_INFO  : METRIC    | STRING INFO.MACHINE      | odcgen-ipala-16cx120g-765-049
SNPS_INFO   : PROC_STOP  : sproc_metric_system
SNPS_INFO   : SCRIPT_STOP : /remote/cad-rep/msip/tools/Lynxtools/pcsqa/2021.09-SP1-1/scripts_global/conf/header_stop.tcl : Tue Jul 19 12:14:11 2022
SNPS_INFO   : Mapping from pv prefix 'ANTSHDMIM' to VC component name 'DRC ANT SHDMIM' found in /remote/proj/cad/c269-tsmc3eff-1.2v/rel3.2.0/cad/shared/vc/pv-prefix-vc_mapping.conf
/remote/cad-rep/fab/f101-tsmc/3nm/N3E/logic/FF/common/rules/calibre/drc/ver0.9_1a/orig/ANTENNA_MIM_DRC/CLN3ELO_15M_1Xa1Xb1Xc1Xd1Ya1Yb4Y2Yy2Z_014_SHDMIM_ANT.09_1a.encrypt.enc
/remote/cad-rep/projects/cad/c269-tsmc3eff-1.2v/rel3.2.0/cad/15M_1Xa_h_1Xb_v_1Xc_h_1Xd_v_1Ya_h_1Yb_v_4Y_hvhv_2Yy2Z_SHDMIM/calibre/ANT/ANTSHDMIM_options
VC deck revision 0.9_1a is used by PCS:
/* Original Path: /remote/cad-rep/fab/f101-tsmc/3nm/N3E/logic/FF/common/rules/calibre/drc/ver0.9_1a/orig/ANTENNA_MIM_DRC */
SNPS_INFO   : METRIC | INTEGER PCSQA.ISSUES.CHECKDECKVERSIONANT_SHDMIM_calibre_15M_1Xa_h_1Xb_v_1Xc_h_1Xd_v_1Ya_h_1Yb_v_4Y_hvhv_2Yy2Z_SHDMIM | 0
SNPS_INFO   : PROC_START : sproc_metric_system
SNPS_INFO   : PROC_START : sproc_metric_time_elapsed
SNPS_INFO   : PROC_STOP  : sproc_metric_time_elapsed
SNPS_INFO  : METRIC    | STRING    SYS.JOB_ID       | 8658892
SNPS_INFO  : METRIC    | STRING    SYS.TOOL_NAME    | tcl
SNPS_INFO  : METRIC    | STRING    SYS.TOOL_VERSION | 8.6.6
SNPS_INFO  : METRIC    | STRING    SYS.LICENSES     | LicenseDataUnavailable
SNPS_INFO  : METRIC    | TIMESTAMP SYS.STOP_TIME    | 1658247253
SNPS_INFO  : METRIC    | STRING  INFO.STOP_TIME       | Tue Jul 19 12:14:13 2022
SNPS_INFO  : METRIC    | STRING  INFO.TOTAL_TIME      | 00:00:00:02
SNPS_INFO  : METRIC    | STRING  INFO.REPORT_TIME     | unknown
SNPS_INFO  : METRIC    | INTEGER INFO.NUM_JOBS        | 1
SNPS_INFO  : METRIC    | INTEGER INFO.NUM_CORES       | 1
SNPS_INFO  : METRIC    | INTEGER INFO.NUM_CHILD_JOBS  | 1
SNPS_INFO  : METRIC    | INTEGER INFO.NUM_CHILD_CORES | 1
SNPS_INFO  : METRIC    | INTEGER INFO.MEMORY_USED     | NaM
SNPS_INFO   : PROC_STOP  : sproc_metric_system
SNPS_INFO   : SCRIPT_STOP : /remote/cad-rep/msip/tools/Shelltools/ccs_utils/2021.12-1/tcl/check_switches_run.tcl : Tue Jul 19 12:14:37 2022
