Information: Process ID for tool: 2799
SNPS_INFO   : SCRIPT_START : /remote/cad-rep/msip/tools/Lynxtools/pcsqa/2021.09-SP1-1/scripts_global/qa_scripts/evaluate_status.tcl : Tue Jul 19 12:15:23 2022
SNPS_INFO   : SCRIPT_START : /remote/cad-rep/msip/tools/Lynxtools/pcsqa/2021.09-SP1-1/scripts_global/conf/header_start.tcl : Tue Jul 19 12:15:23 2022
SNPS_INFO   : SCRIPT_START : /remote/cad-rep/msip/tools/Lynxtools/pcsqa/2021.09-SP1-1/scripts_global/rtm_shell/rtm_init_public.tcl : Tue Jul 19 12:15:23 2022
SNPS_INFO   : SCRIPT_STOP : /remote/cad-rep/msip/tools/Lynxtools/pcsqa/2021.09-SP1-1/scripts_global/rtm_shell/rtm_init_public.tcl : Tue Jul 19 12:15:23 2022
set SEV(gscript_dir) /slowfs/dcopt103/alvaro/sgscratch/pcsqa/scripts_global
set SEV(tscript_dir) /slowfs/dcopt103/alvaro/sgscratch/pcsqa/scripts_tech
set SEV(pscript_dir) /slowfs/dcopt103/alvaro/sgscratch/pcsqa/scripts_project
SNPS_INFO   : SCRIPT_START : /remote/cad-rep/msip/tools/Lynxtools/pcsqa/2021.09-SP1-1/scripts_global/conf/sev_values.tcl : Tue Jul 19 12:15:23 2022
SNPS_INFO   : SCRIPT_STOP : /remote/cad-rep/msip/tools/Lynxtools/pcsqa/2021.09-SP1-1/scripts_global/conf/sev_values.tcl : Tue Jul 19 12:15:23 2022
SNPS_INFO   : SCRIPT_START : /slowfs/dcopt103/alvaro/sgscratch/pcsqa/builds/hbm3-d763-hbm3-v2-tsmc3eff-12-ew-rel1.00_EWHardened/scripts_build/conf/sev_values.tcl : Tue Jul 19 12:15:23 2022
SNPS_INFO   : SCRIPT_STOP : /slowfs/dcopt103/alvaro/sgscratch/pcsqa/builds/hbm3-d763-hbm3-v2-tsmc3eff-12-ew-rel1.00_EWHardened/scripts_build/conf/sev_values.tcl : Tue Jul 19 12:15:23 2022
SNPS_INFO   : SCRIPT_START : /remote/cad-rep/msip/tools/Lynxtools/pcsqa/2021.09-SP1-1/scripts_global/conf/system_setup.tcl : Tue Jul 19 12:15:23 2022
SNPS_INFO   : Tracelog is not enabled
SNPS_INFO   : SCRIPT_STOP : /remote/cad-rep/msip/tools/Lynxtools/pcsqa/2021.09-SP1-1/scripts_global/conf/system_setup.tcl : Tue Jul 19 12:15:23 2022
SNPS_INFO   : SCRIPT_START : /slowfs/dcopt103/alvaro/sgscratch/pcsqa/builds/hbm3-d763-hbm3-v2-tsmc3eff-12-ew-rel1.00_EWHardened/scripts_build/conf/svar_values.tcl : Tue Jul 19 12:15:23 2022
SNPS_INFO   : SCRIPT_STOP : /slowfs/dcopt103/alvaro/sgscratch/pcsqa/builds/hbm3-d763-hbm3-v2-tsmc3eff-12-ew-rel1.00_EWHardened/scripts_build/conf/svar_values.tcl : Tue Jul 19 12:15:23 2022
SNPS_INFO   : SCRIPT_START : /remote/cad-rep/msip/tools/Lynxtools/pcsqa/2021.09-SP1-1/scripts_global/procs/procs_user.tcl : Tue Jul 19 12:15:23 2022
SNPS_INFO   : SCRIPT_STOP : /remote/cad-rep/msip/tools/Lynxtools/pcsqa/2021.09-SP1-1/scripts_global/procs/procs_user.tcl : Tue Jul 19 12:15:23 2022
SNPS_INFO   : SCRIPT_STOP : /remote/cad-rep/msip/tools/Lynxtools/pcsqa/2021.09-SP1-1/scripts_global/conf/header_start.tcl : Tue Jul 19 12:15:23 2022
SNPS_INFO   : SCRIPT_START : /remote/cad-rep/msip/tools/Lynxtools/pcsqa/2021.09-SP1-1/scripts_global/conf/header_stop.tcl : Tue Jul 19 12:15:23 2022
SNPS_INFO   : SCRIPT_START : /slowfs/dcopt103/alvaro/sgscratch/pcsqa/builds/hbm3-d763-hbm3-v2-tsmc3eff-12-ew-rel1.00_EWHardened/qa_step/evaluate_status/logs/evaluate_status.tev.varfile : Tue Jul 19 12:15:23 2022
SNPS_INFO   : SCRIPT_STOP : /slowfs/dcopt103/alvaro/sgscratch/pcsqa/builds/hbm3-d763-hbm3-v2-tsmc3eff-12-ew-rel1.00_EWHardened/qa_step/evaluate_status/logs/evaluate_status.tev.varfile : Tue Jul 19 12:15:23 2022
SNPS_INFO   : SCRIPT_START : /slowfs/dcopt103/alvaro/sgscratch/pcsqa/builds/hbm3-d763-hbm3-v2-tsmc3eff-12-ew-rel1.00_EWHardened/scripts_build/conf/setup.tcl : Tue Jul 19 12:15:23 2022
SNPS_HEADER : ## ------------------------------------- 
SNPS_INFO   : SEV(analysis_task) : 0
SNPS_INFO   : SEV(aro,errors) : 1
SNPS_INFO   : SEV(aro,port) : 32223
SNPS_INFO   : SEV(aro,port,mongo) : 27017
SNPS_INFO   : SEV(aro,server) : panther-lynx1
SNPS_INFO   : SEV(aro,server,mongo) : panther-lynx2
SNPS_INFO   : SEV(bit) : 64
SNPS_INFO   : SEV(block_dir) : /slowfs/dcopt103/alvaro/sgscratch/pcsqa/builds/hbm3-d763-hbm3-v2-tsmc3eff-12-ew-rel1.00_EWHardened
SNPS_INFO   : SEV(block_name) : hbm3-d763-hbm3-v2-tsmc3eff-12-ew-rel1.00_EWHardened
SNPS_INFO   : SEV(bscript_dir) : /slowfs/dcopt103/alvaro/sgscratch/pcsqa/builds/hbm3-d763-hbm3-v2-tsmc3eff-12-ew-rel1.00_EWHardened/scripts_build
SNPS_INFO   : SEV(build_dir) : /slowfs/dcopt103/alvaro/sgscratch/pcsqa/builds/hbm3-d763-hbm3-v2-tsmc3eff-12-ew-rel1.00_EWHardened
SNPS_INFO   : SEV(build_name) : hbm3-d763-hbm3-v2-tsmc3eff-12-ew-rel1.00_EWHardened
SNPS_INFO   : SEV(builds_dir) : /slowfs/dcopt103/alvaro/sgscratch/pcsqa/builds
SNPS_INFO   : SEV(config,flow_xml) : conf/config_flow.xml
SNPS_INFO   : SEV(config,js_method) : grd
SNPS_INFO   : SEV(config,rc_method) : perforce
SNPS_INFO   : SEV(config,tv_method) : modules
SNPS_INFO   : SEV(config,verbosity) : normal
SNPS_INFO   : SEV(dont_exit) : 0
SNPS_INFO   : SEV(dont_run) : 0
SNPS_INFO   : SEV(dst) : evaluate_status
SNPS_INFO   : SEV(dst_dir) : /slowfs/dcopt103/alvaro/sgscratch/pcsqa/builds/hbm3-d763-hbm3-v2-tsmc3eff-12-ew-rel1.00_EWHardened/qa_step/evaluate_status/work
SNPS_INFO   : SEV(dst_name) : evaluate_status
SNPS_INFO   : SEV(enable,aro) : 0
SNPS_INFO   : SEV(enable,job) : 1
SNPS_INFO   : SEV(enable,metrics) : 0
SNPS_INFO   : SEV(env,FM_WAIT_LICENSE) : 1
SNPS_INFO   : SEV(env,HERCULES_LICENSE_WAIT) : 1
SNPS_INFO   : SEV(env,ICV_LICENSE_WAIT) : 1
SNPS_INFO   : SEV(env,SNPSLMD_QUEUE) : true
SNPS_INFO   : SEV(env,SNPS_MAX_QUEUETIME) : 60
SNPS_INFO   : SEV(env,SNPS_MAX_WAITTIME) : 600
SNPS_INFO   : SEV(env,STARRC_LICENSE_WAIT) : yes
SNPS_INFO   : SEV(exec_cmd) : sh
SNPS_INFO   : SEV(flow_name) : tf_pcs_qa
SNPS_INFO   : SEV(flow_order) : 8000000
SNPS_INFO   : SEV(gscript_dir) : /slowfs/dcopt103/alvaro/sgscratch/pcsqa/scripts_global
SNPS_INFO   : SEV(gui) : 0
SNPS_INFO   : SEV(job,misc1) : misc1
SNPS_INFO   : SEV(job,misc2) : misc2
SNPS_INFO   : SEV(job,misc3) : misc3
SNPS_INFO   : SEV(job,misc4) : mt
SNPS_INFO   : SEV(job,options) : 
SNPS_INFO   : SEV(job,queue) : bnormal
SNPS_INFO   : SEV(job,queue_batch) : bnormal
SNPS_INFO   : SEV(job,queue_child) : bnormal
SNPS_INFO   : SEV(job,queue_interactive) : iheavy
SNPS_INFO   : SEV(job,resources) : arch=glinux
SNPS_INFO   : SEV(log_dir) : /slowfs/dcopt103/alvaro/sgscratch/pcsqa/builds/hbm3-d763-hbm3-v2-tsmc3eff-12-ew-rel1.00_EWHardened/qa_step/evaluate_status/logs
SNPS_INFO   : SEV(log_file) : /slowfs/dcopt103/alvaro/sgscratch/pcsqa/builds/hbm3-d763-hbm3-v2-tsmc3eff-12-ew-rel1.00_EWHardened/qa_step/evaluate_status/logs/evaluate_status.log
SNPS_INFO   : SEV(metrics,errors) : 1
SNPS_INFO   : SEV(metrics,port) : 32222
SNPS_INFO   : SEV(metrics,server) : server_not_defined
SNPS_INFO   : SEV(metrics,server,mongo) : panther-lynx2
SNPS_INFO   : SEV(project_dir) : /global/lynx_dev
SNPS_INFO   : SEV(project_name) : PCSQA
SNPS_INFO   : SEV(pscript_dir) : /slowfs/dcopt103/alvaro/sgscratch/pcsqa/scripts_project
SNPS_INFO   : SEV(publish_dir) : /global/lynx_home/PUBLISH/Lynx
SNPS_INFO   : SEV(release_dir) : /global/lynx_dev/release
SNPS_INFO   : SEV(rpt_dir) : /slowfs/dcopt103/alvaro/sgscratch/pcsqa/builds/hbm3-d763-hbm3-v2-tsmc3eff-12-ew-rel1.00_EWHardened/qa_step/evaluate_status/rpts
SNPS_INFO   : SEV(script_file) : /slowfs/dcopt103/alvaro/sgscratch/pcsqa/scripts_global/qa_scripts/evaluate_status.tcl
SNPS_INFO   : SEV(snapshot_dir) : /global/lynx_dev/snapshot
SNPS_INFO   : SEV(src) : check_pcs_sites
SNPS_INFO   : SEV(src_build_name) : hbm3-d763-hbm3-v2-tsmc3eff-12-ew-rel1.00_EWHardened
SNPS_INFO   : SEV(src_dir) : /slowfs/dcopt103/alvaro/sgscratch/pcsqa/builds/hbm3-d763-hbm3-v2-tsmc3eff-12-ew-rel1.00_EWHardened/qa_step/check_pcs_sites/work
SNPS_INFO   : SEV(src_name) : check_pcs_sites
SNPS_INFO   : SEV(src_step_name) : qa_step
SNPS_INFO   : SEV(step) : qa_step
SNPS_INFO   : SEV(step_dir) : /slowfs/dcopt103/alvaro/sgscratch/pcsqa/builds/hbm3-d763-hbm3-v2-tsmc3eff-12-ew-rel1.00_EWHardened/qa_step
SNPS_INFO   : SEV(step_name) : qa_step
SNPS_INFO   : SEV(task) : evaluate_status
SNPS_INFO   : SEV(task_rpt_dir) : /slowfs/dcopt103/alvaro/sgscratch/pcsqa/builds/hbm3-d763-hbm3-v2-tsmc3eff-12-ew-rel1.00_EWHardened/qa_step/evaluate_status/rpts/evaluate_status
SNPS_INFO   : SEV(techlib_dir) : 
SNPS_INFO   : SEV(techlib_name) : 
SNPS_INFO   : SEV(tmp_dir) : /slowfs/dcopt103/alvaro/sgscratch/pcsqa/builds/hbm3-d763-hbm3-v2-tsmc3eff-12-ew-rel1.00_EWHardened/qa_step/evaluate_status/tmp
SNPS_INFO   : SEV(trace) : 0
SNPS_INFO   : SEV(tscript_dir) : /slowfs/dcopt103/alvaro/sgscratch/pcsqa/scripts_tech
SNPS_INFO   : SEV(variable_group_files,SVAR) : conf/svar_values.tcl conf/svar_defines.xml conf/svar_checks.tcl
SNPS_INFO   : SEV(variable_groups) : SVAR
SNPS_INFO   : SEV(work_dir) : /slowfs/dcopt103/alvaro/sgscratch/pcsqa/builds/hbm3-d763-hbm3-v2-tsmc3eff-12-ew-rel1.00_EWHardened/qa_step/evaluate_status/work
SNPS_INFO   : SEV(workarea_dir) : /slowfs/dcopt103/alvaro/sgscratch/pcsqa
SNPS_HEADER : ## ------------------------------------- 
SNPS_HEADER : ## ------------------------------------- 
SNPS_INFO   : SCRIPT_START : /remote/cad-rep/msip/tools/Lynxtools/shared/2021.09/conf/procs_user.tcl : Tue Jul 19 12:15:23 2022
SNPS_INFO   : SCRIPT_STOP : /remote/cad-rep/msip/tools/Lynxtools/shared/2021.09/conf/procs_user.tcl : Tue Jul 19 12:15:24 2022
SNPS_INFO   : SCRIPT_STOP : /slowfs/dcopt103/alvaro/sgscratch/pcsqa/builds/hbm3-d763-hbm3-v2-tsmc3eff-12-ew-rel1.00_EWHardened/scripts_build/conf/setup.tcl : Tue Jul 19 12:15:24 2022
SNPS_INFO   : PROC_START : sproc_metric_system
SNPS_INFO  : METRIC    | TIMESTAMP SYS.START_TIME   | 1658247324
SNPS_INFO  : METRIC    | STRING    SYS.USER         | alvaro
SNPS_INFO  : METRIC    | STRING    SYS.PROJECT_NAME | PCSQA
SNPS_INFO  : METRIC    | STRING    SYS.BUILD_DIR    | /slowfs/dcopt103/alvaro/sgscratch/pcsqa/builds/hbm3-d763-hbm3-v2-tsmc3eff-12-ew-rel1.00_EWHardened
SNPS_INFO  : METRIC    | STRING    SYS.BUILD_NAME   | hbm3-d763-hbm3-v2-tsmc3eff-12-ew-rel1.00_EWHardened
SNPS_INFO  : METRIC    | STRING    SYS.STEP         | qa_step
SNPS_INFO  : METRIC    | STRING    SYS.SRC          | check_pcs_sites
SNPS_INFO  : METRIC    | STRING    SYS.DST          | evaluate_status
SNPS_INFO  : METRIC    | STRING    SYS.TASK         | evaluate_status
SNPS_INFO  : METRIC    | STRING    SYS.TASK_TYPE    | OPTIMIZE
SNPS_INFO  : METRIC    | STRING INFO.START_TIME   | Tue Jul 19 12:15:24 2022
SNPS_INFO  : METRIC    | STRING INFO.MACHINE      | us01msem-amd-63cx970g-2941-018
SNPS_INFO   : PROC_STOP  : sproc_metric_system
SNPS_INFO   : SCRIPT_STOP : /remote/cad-rep/msip/tools/Lynxtools/pcsqa/2021.09-SP1-1/scripts_global/conf/header_stop.tcl : Tue Jul 19 12:15:24 2022
Contents of previous .PCSQA_STATUS_old (available at /slowfs/dcopt103/alvaro/sgscratch/pcsqa/builds/hbm3-d763-hbm3-v2-tsmc3eff-12-ew-rel1.00_EWHardened/qa_step/evaluate_status/work/.PCSQA_STATUS_old):
SNPS_INFO   : PROC_START : sproc_cat_file
PCSQA STATUS:PASS
PCSQA Project Name:d763-hbm3-v2-tsmc3eff-12-ew
PCSQA Project Release:rel1.00_EWHardened
PCSQA Score:34
PCSQA Execution details:PCS QA 2022.04;ahogenhu;de02(p4) us03 ca06 pt02 in19 ca09 de02 am04 us01 pl01 cn58;Sat Jul  2 09:33:03 CEST 2022
PCSQA CHKSUM:1d3bf29d924cf67b1480869a93636f81
PCSQA Hipre Version:v7.6.0
PCSQA Violations list:
(PCSQA-REMOTECHECK in01);Failing scp to site in01, host in01ctxsub2.internal.synopsys.com

PCSQA Automation fields: DO NOT MAKE MANUAL CHANGES BELOW THIS LINE
15M_1Xa_h_1Xb_v_1Xc_h_1Xd_v_1Ya_h_1Yb_v_4Y_hvhv_2Yy2Z_SHDMIM/env.tcl;6bbfea274b42b7c4c1346daa61ca8f52
15M_1Xa_h_1Xb_v_1Xc_h_1Xd_v_1Ya_h_1Yb_v_4Y_hvhv_2Yy2Z_SHDMIM/lib.defs;df4bf299a0ee69a5ea15ef600b694024
emir/she.info;c76ee730408f4f07d48db404393b1aec
lib.defs;8d479e6d1e17c84391d822aeedf802f9
project.env;0b7add17405223f8ce540dd84760f327
shared/env/env_common.tcl;16565fa2c31e42f42afda994e3a5403f
emir/15M_1Xa_h_1Xb_v_1Xc_h_1Xd_v_1Ya_h_1Yb_v_4Y_hvhv_2Yy2Z_SHDMIM_RA.tcl;e147bd92a49d7a9eb94ab7a4966a3363
emir/15M_1Xa_h_1Xb_v_1Xc_h_1Xd_v_1Ya_h_1Yb_v_4Y_hvhv_2Yy2Z_SHDMIM_RAESD.tcl;d1b0d14de20124c51723006f4fd0298c
emir/15M_1Xa_h_1Xb_v_1Xc_h_1Xd_v_1Ya_h_1Yb_v_4Y_hvhv_2Yy2Z_SHDMIM_totem.cfg;0c237e85bff20611bf35b943a5640248
emir/map_ba_terminal_calibre.sp;3a5a20d32571f6625cf41a473e09a87d
emir/map_ba_terminal_icv.sp;27aee4eacfc0e019b346ed0948f70f41
usage.txt;a5f8bf52589c8ce751d9a27f74979974
SNPS_INFO   : PROC_STOP  : sproc_cat_file
Contents of current .PCSQA_STATUS (available at /slowfs/dcopt103/alvaro/sgscratch/pcsqa/builds/hbm3-d763-hbm3-v2-tsmc3eff-12-ew-rel1.00_EWHardened/qa_step/evaluate_status/work/.PCSQA_STATUS):
SNPS_INFO   : PROC_START : sproc_cat_file
PCSQA STATUS:FAIL
PCSQA Project Name:d763-hbm3-v2-tsmc3eff-12-ew
PCSQA Project Release:rel1.00_EWHardened
PCSQA Score:53
PCSQA Execution details:PCS QA 2021.09-SP1-1;alvaro;us01(p4) us01;Tue Jul 19 12:15:43 EDT 2022
PCSQA CHKSUM:e84b4f6993eb4644bd576e552db23e35
PCSQA Hipre Version:v7.6.0
PCSQA Violations list:
(PCSQA-2.1z);PCS uses '_beta' release of CCS: /remote/proj/cad/c269-tsmc3eff-1.2v/rel3.2.0
(PCSQA-REMOTECHECK in19);Failing connection with site in19
(PCSQA-REMOTECHECK ca09);Failing connection with site ca09
(PCSQA-REMOTECHECK de02);Failing connection with site de02
(PCSQA-REMOTECHECK am04);Failing connection with site am04
(PCSQA-REMOTECHECK pl01);Failing connection with site pl01
(PCSQA-REMOTECHECK cn58);Failing connection with site cn58
(PCSQA-REMOTECHECK in01);Failing connection with site in01
(PCSQA-REMOTECHECK us03);Failing connection with site us03
(PCSQA-REMOTECHECK pt02);Failing connection with site pt02
(PCSQA-2.1t us01);Combined chksum of PCS files (excluding .PCSQA_STATUS) (=e84b4f6993eb4644bd576e552db23e35) is not the same as the one inside .PCSQA_STATUS file, PCSQA CHKSUM entry (=1d3bf29d924cf67b1480869a93636f81)
(PCSQA-2.1t us01);Chksum of file path project.env (=7ea4f4b03aa728bedcae4c016083b3db) is not the same as the one inside cad/.PCSQA_STATUS file (=0b7add17405223f8ce540dd84760f327)
(PCSQA-2.1t us01);Chksum of file path emir/15M_1Xa_h_1Xb_v_1Xc_h_1Xd_v_1Ya_h_1Yb_v_4Y_hvhv_2Yy2Z_SHDMIM_RA.tcl (=13f54169ec81b0a009c458ebcc62f495) is not the same as the one inside cad/.PCSQA_STATUS file (=e147bd92a49d7a9eb94ab7a4966a3363)
(PCSQA-2.1t us01);Chksum of file path emir/15M_1Xa_h_1Xb_v_1Xc_h_1Xd_v_1Ya_h_1Yb_v_4Y_hvhv_2Yy2Z_SHDMIM_totem.cfg (=ab0fdc450dcb9b579894abe14beda0a3) is not the same as the one inside cad/.PCSQA_STATUS file (=0c237e85bff20611bf35b943a5640248)
(PCSQA-2.1t us01);No chksum entry in cad/.PCSQA_STATUS for file path models/readme.txt
(PCSQA-2.1t us01);Chksum of file path usage.txt (=54a36d3525d7e2fca7f5161331b35015) is not the same as the one inside cad/.PCSQA_STATUS file (=a5f8bf52589c8ce751d9a27f74979974)

PCSQA Automation fields: DO NOT MAKE MANUAL CHANGES BELOW THIS LINE
15M_1Xa_h_1Xb_v_1Xc_h_1Xd_v_1Ya_h_1Yb_v_4Y_hvhv_2Yy2Z_SHDMIM/env.tcl;6bbfea274b42b7c4c1346daa61ca8f52
15M_1Xa_h_1Xb_v_1Xc_h_1Xd_v_1Ya_h_1Yb_v_4Y_hvhv_2Yy2Z_SHDMIM/lib.defs;df4bf299a0ee69a5ea15ef600b694024
emir/she.info;c76ee730408f4f07d48db404393b1aec
lib.defs;8d479e6d1e17c84391d822aeedf802f9
project.env;7ea4f4b03aa728bedcae4c016083b3db
shared/env/env_common.tcl;16565fa2c31e42f42afda994e3a5403f
emir/15M_1Xa_h_1Xb_v_1Xc_h_1Xd_v_1Ya_h_1Yb_v_4Y_hvhv_2Yy2Z_SHDMIM_RA.tcl;13f54169ec81b0a009c458ebcc62f495
emir/15M_1Xa_h_1Xb_v_1Xc_h_1Xd_v_1Ya_h_1Yb_v_4Y_hvhv_2Yy2Z_SHDMIM_RAESD.tcl;d1b0d14de20124c51723006f4fd0298c
emir/15M_1Xa_h_1Xb_v_1Xc_h_1Xd_v_1Ya_h_1Yb_v_4Y_hvhv_2Yy2Z_SHDMIM_totem.cfg;ab0fdc450dcb9b579894abe14beda0a3
emir/map_ba_terminal_calibre.sp;3a5a20d32571f6625cf41a473e09a87d
emir/map_ba_terminal_icv.sp;27aee4eacfc0e019b346ed0948f70f41
models/readme.txt;d857aafeb48fe6a88a277cd3e8d0600c
usage.txt;54a36d3525d7e2fca7f5161331b35015
SNPS_INFO   : PROC_STOP  : sproc_cat_file
SNPS_ERROR  : Checking PCS hbm3/d763-hbm3-v2-tsmc3eff-12-ew/rel1.00_EWHardened has been failed with 7 errors
SNPS_WARNING: Checking PCS hbm3/d763-hbm3-v2-tsmc3eff-12-ew/rel1.00_EWHardened gives 18 warnings
SNPS_INFO   : METRIC | INTEGER PCSQA.ERRORS.HBM3_D763_HBM3_V2_TSMC3EFF_12_EW_REL1_00_EWHARDENED | 7
SNPS_INFO   : METRIC | INTEGER PCSQA.WARNINGS.HBM3_D763_HBM3_V2_TSMC3EFF_12_EW_REL1_00_EWHARDENED | 18
SNPS_INFO   : METRIC | INTEGER PCSQA.SCORE.HBM3_D763_HBM3_V2_TSMC3EFF_12_EW_REL1_00_EWHARDENED | 53
SNPS_INFO   : PROC_START : sproc_metric_system
SNPS_INFO   : PROC_START : sproc_metric_time_elapsed
SNPS_INFO   : PROC_STOP  : sproc_metric_time_elapsed
SNPS_INFO  : METRIC    | STRING    SYS.JOB_ID       | 8659810
SNPS_INFO  : METRIC    | STRING    SYS.TOOL_NAME    | tcl
SNPS_INFO  : METRIC    | STRING    SYS.TOOL_VERSION | 8.6.6
SNPS_INFO  : METRIC    | STRING    SYS.LICENSES     | LicenseDataUnavailable
SNPS_INFO  : METRIC    | TIMESTAMP SYS.STOP_TIME    | 1658247343
SNPS_INFO  : METRIC    | STRING  INFO.STOP_TIME       | Tue Jul 19 12:15:43 2022
SNPS_INFO  : METRIC    | STRING  INFO.TOTAL_TIME      | 00:00:00:19
SNPS_INFO  : METRIC    | STRING  INFO.REPORT_TIME     | unknown
SNPS_INFO  : METRIC    | INTEGER INFO.NUM_JOBS        | 1
SNPS_INFO  : METRIC    | INTEGER INFO.NUM_CORES       | 1
SNPS_INFO  : METRIC    | INTEGER INFO.NUM_CHILD_JOBS  | 1
SNPS_INFO  : METRIC    | INTEGER INFO.NUM_CHILD_CORES | 1
SNPS_INFO  : METRIC    | INTEGER INFO.MEMORY_USED     | NaM
SNPS_INFO   : PROC_STOP  : sproc_metric_system
SNPS_INFO   : SCRIPT_STOP : /remote/cad-rep/msip/tools/Lynxtools/pcsqa/2021.09-SP1-1/scripts_global/qa_scripts/evaluate_status.tcl : Tue Jul 19 12:15:59 2022
