Identification: OK
D20210303_16_05 D20210301_16_05 D20210225.QSP5-5.EB D20210226_16_05 D20210224_16_05
create nightly array: OK
/remote/dcopt077/nightly_prs/q2019.12-SP/DC_ICC2/D20210303_16_05/prs/run/SRMFm_ICC2_spg_timing_opt_area
A53 A53_ARM A57_CPU A57_Non_CPU A72_CPU A73_CPU A73_Non_CPU A75_prometheus_PAC16 archipelago_N12_6T ARCHS38_16nm ARCHS38_7nm ARCHS438 BLOCK_BL BLOCK_CSN CortexM3 dce_dchp_t dcp212_Xm_Xttop dcp245_SPEEDY28_TOP dcp246_Xm_Xtmem dcp247_VDD5_mux2 dcp270_enterprise_UPF dcp275_archipelago dcp276_xbar dcp427_DWC_usb3 dcp428_DWC_ddr dcp514_JDSIIP3A dcp517_PMA dcp518_top dcp519_fdeq_pnrb dcp520_ccu_msw dcp522_c8docsis31_rx_top dcp564_leon3_mp_20_sset_ssink dcp569_GORDON dcp589_vd32043_top dcp597_mmu_thdo dcp599_rgx_tpu_mcu dcp607_mpcore dcp611_arm926ejs dcp616_falcon_cpu dcp630_jones dcp631_mercer dcp632_teague dpx_bi_pu_rq_rs_ru_lblk f4_brw_cisco f4_dl2ri_cisco propts.cfg rgx_rasterisation rgx_usc Vega20-CB-T Vega20-CPF-T Vega20-DSA-T Vega20-SP1-T Vega20-VGT-T X5376 xpc_fp
cat: /slowfs/dcopt105/alvaro/scripts/features_html.txt: No such file or directory
A53
Following jobs do not exist or permissions are not sufficient: 
4152989
D20210303_16_05 Run_issue
Following jobs do not exist or permissions are not sufficient: 
3194038
D20210301_16_05 Run_issue
Following jobs do not exist or permissions are not sufficient: 
2925706
D20210225.QSP5-5.EB Run_issue
Following jobs do not exist or permissions are not sufficient: 
2407903
D20210226_16_05 Run_issue
Following jobs do not exist or permissions are not sufficient: 
1584830
D20210224_16_05 Run_issue
A53_ARM
Following jobs do not exist or permissions are not sufficient: 
4152860
D20210303_16_05 Run_issue
Following jobs do not exist or permissions are not sufficient: 
3193991
D20210301_16_05 Run_issue
Following jobs do not exist or permissions are not sufficient: 
2925687
D20210225.QSP5-5.EB Run_issue
Following jobs do not exist or permissions are not sufficient: 
2407886
D20210226_16_05 Run_issue
Following jobs do not exist or permissions are not sufficient: 
1584814
D20210224_16_05 Run_issue
A57_CPU
Following jobs do not exist or permissions are not sufficient: 
4153082
D20210303_16_05 Run_issue
Following jobs do not exist or permissions are not sufficient: 
3194114
D20210301_16_05 Run_issue
Following jobs do not exist or permissions are not sufficient: 
2925730
D20210225.QSP5-5.EB Run_issue
Following jobs do not exist or permissions are not sufficient: 
2407949
D20210226_16_05 Run_issue
Following jobs do not exist or permissions are not sufficient: 
1584864
D20210224_16_05 Run_issue
A57_Non_CPU
Following jobs do not exist or permissions are not sufficient: 
4153128
D20210303_16_05 Run_issue
Following jobs do not exist or permissions are not sufficient: 
3194136
D20210301_16_05 Run_issue
Following jobs do not exist or permissions are not sufficient: 
2925735
D20210225.QSP5-5.EB Run_issue
Following jobs do not exist or permissions are not sufficient: 
2407953
D20210226_16_05 Run_issue
Following jobs do not exist or permissions are not sufficient: 
1584870
D20210224_16_05 Run_issue
A72_CPU
Following jobs do not exist or permissions are not sufficient: 
4151168
D20210303_16_05 Run_issue
Following jobs do not exist or permissions are not sufficient: 
3193620
D20210301_16_05 Run_issue
Following jobs do not exist or permissions are not sufficient: 
2925078
D20210225.QSP5-5.EB Run_issue
Following jobs do not exist or permissions are not sufficient: 
2407588
D20210226_16_05 Run_issue
Following jobs do not exist or permissions are not sufficient: 
1583388
D20210224_16_05 Run_issue
A73_CPU
Following jobs do not exist or permissions are not sufficient: 
4153053
D20210303_16_05 Run_issue
Following jobs do not exist or permissions are not sufficient: 
3194088
D20210301_16_05 Run_issue
Following jobs do not exist or permissions are not sufficient: 
2925723
D20210225.QSP5-5.EB Run_issue
Following jobs do not exist or permissions are not sufficient: 
2407943
D20210226_16_05 Run_issue
Following jobs do not exist or permissions are not sufficient: 
1584854
D20210224_16_05 Run_issue
A73_Non_CPU
Following jobs do not exist or permissions are not sufficient: 
4153134
D20210303_16_05 Run_issue
D20210301_16_05 Running
Following jobs do not exist or permissions are not sufficient: 
2925737
D20210225.QSP5-5.EB Run_issue
Following jobs do not exist or permissions are not sufficient: 
2407957
D20210226_16_05 Run_issue
Following jobs do not exist or permissions are not sufficient: 
1584872
D20210224_16_05 Run_issue
A75_prometheus_PAC16
Following jobs do not exist or permissions are not sufficient: 
4152991
D20210303_16_05 Run_issue
Following jobs do not exist or permissions are not sufficient: 
3194064
D20210301_16_05 Run_issue
Following jobs do not exist or permissions are not sufficient: 
2925708
D20210225.QSP5-5.EB Run_issue
Following jobs do not exist or permissions are not sufficient: 
2407927
D20210226_16_05 Run_issue
Following jobs do not exist or permissions are not sufficient: 
1584833
D20210224_16_05 Run_issue
archipelago_N12_6T
D20210303_16_05 SUCCEEDED
D20210301_16_05 SUCCEEDED
D20210225.QSP5-5.EB SUCCEEDED
D20210226_16_05 SUCCEEDED
D20210224_16_05 SUCCEEDED
ARCHS38_16nm
D20210303_16_05 SUCCEEDED
D20210301_16_05 SUCCEEDED
D20210225.QSP5-5.EB SUCCEEDED
D20210226_16_05 SUCCEEDED
D20210224_16_05 SUCCEEDED
ARCHS38_7nm
D20210303_16_05 SUCCEEDED
D20210301_16_05 SUCCEEDED
D20210225.QSP5-5.EB SUCCEEDED
D20210226_16_05 SUCCEEDED
D20210224_16_05 SUCCEEDED
ARCHS438
D20210303_16_05 SUCCEEDED
D20210301_16_05 SUCCEEDED
D20210225.QSP5-5.EB SUCCEEDED
D20210226_16_05 SUCCEEDED
D20210224_16_05 SUCCEEDED
BLOCK_BL
D20210303_16_05 SUCCEEDED
D20210301_16_05 SUCCEEDED
D20210225.QSP5-5.EB SUCCEEDED
D20210226_16_05 SUCCEEDED
D20210224_16_05 SUCCEEDED
BLOCK_CSN
D20210303_16_05 SUCCEEDED
D20210301_16_05 SUCCEEDED
D20210225.QSP5-5.EB SUCCEEDED
D20210226_16_05 SUCCEEDED
D20210224_16_05 SUCCEEDED
CortexM3
Following jobs do not exist or permissions are not sufficient: 
4153343
D20210303_16_05 Run_issue
Following jobs do not exist or permissions are not sufficient: 
3194195
D20210301_16_05 Run_issue
Following jobs do not exist or permissions are not sufficient: 
2925747
D20210225.QSP5-5.EB Run_issue
Following jobs do not exist or permissions are not sufficient: 
2407964
D20210226_16_05 Run_issue
Following jobs do not exist or permissions are not sufficient: 
1584889
D20210224_16_05 Run_issue
dce_dchp_t
Following jobs do not exist or permissions are not sufficient: 
4152267
D20210303_16_05 Run_issue
Following jobs do not exist or permissions are not sufficient: 
3193850
D20210301_16_05 Run_issue
Following jobs do not exist or permissions are not sufficient: 
2925374
D20210225.QSP5-5.EB Run_issue
Following jobs do not exist or permissions are not sufficient: 
2407792
D20210226_16_05 Run_issue
Following jobs do not exist or permissions are not sufficient: 
1584012
D20210224_16_05 Run_issue
dcp212_Xm_Xttop
D20210303_16_05 SUCCEEDED
D20210301_16_05 SUCCEEDED
D20210225.QSP5-5.EB SUCCEEDED
D20210226_16_05 SUCCEEDED
D20210224_16_05 SUCCEEDED
dcp245_SPEEDY28_TOP
D20210303_16_05 SUCCEEDED
D20210301_16_05 SUCCEEDED
D20210225.QSP5-5.EB SUCCEEDED
D20210226_16_05 SUCCEEDED
D20210224_16_05 SUCCEEDED
dcp246_Xm_Xtmem
D20210303_16_05 SUCCEEDED
D20210301_16_05 SUCCEEDED
D20210225.QSP5-5.EB SUCCEEDED
D20210226_16_05 SUCCEEDED
D20210224_16_05 SUCCEEDED
dcp247_VDD5_mux2
D20210303_16_05 SUCCEEDED
D20210301_16_05 SUCCEEDED
D20210225.QSP5-5.EB SUCCEEDED
D20210226_16_05 SUCCEEDED
D20210224_16_05 SUCCEEDED
dcp270_enterprise_UPF
D20210303_16_05 SUCCEEDED
D20210301_16_05 SUCCEEDED
D20210225.QSP5-5.EB SUCCEEDED
D20210226_16_05 SUCCEEDED
D20210224_16_05 SUCCEEDED
dcp275_archipelago
D20210303_16_05 SUCCEEDED
D20210301_16_05 SUCCEEDED
D20210225.QSP5-5.EB SUCCEEDED
D20210226_16_05 SUCCEEDED
D20210224_16_05 SUCCEEDED
dcp276_xbar
D20210303_16_05 SUCCEEDED
D20210301_16_05 SUCCEEDED
D20210225.QSP5-5.EB SUCCEEDED
D20210226_16_05 SUCCEEDED
D20210224_16_05 SUCCEEDED
dcp427_DWC_usb3
D20210303_16_05 SUCCEEDED
D20210301_16_05 SUCCEEDED
D20210225.QSP5-5.EB SUCCEEDED
D20210226_16_05 SUCCEEDED
D20210224_16_05 SUCCEEDED
dcp428_DWC_ddr
D20210303_16_05 SUCCEEDED
D20210301_16_05 SUCCEEDED
D20210225.QSP5-5.EB SUCCEEDED
D20210226_16_05 SUCCEEDED
D20210224_16_05 SUCCEEDED
dcp514_JDSIIP3A
D20210303_16_05 SUCCEEDED
D20210301_16_05 SUCCEEDED
D20210225.QSP5-5.EB SUCCEEDED
D20210226_16_05 SUCCEEDED
D20210224_16_05 SUCCEEDED
dcp517_PMA
D20210303_16_05 SUCCEEDED
D20210301_16_05 SUCCEEDED
D20210225.QSP5-5.EB SUCCEEDED
D20210226_16_05 SUCCEEDED
D20210224_16_05 SUCCEEDED
dcp518_top
D20210303_16_05 SUCCEEDED
D20210301_16_05 SUCCEEDED
D20210225.QSP5-5.EB SUCCEEDED
D20210226_16_05 SUCCEEDED
D20210224_16_05 SUCCEEDED
dcp519_fdeq_pnrb
D20210303_16_05 SUCCEEDED
D20210301_16_05 SUCCEEDED
D20210225.QSP5-5.EB SUCCEEDED
D20210226_16_05 SUCCEEDED
D20210224_16_05 SUCCEEDED
dcp520_ccu_msw
D20210303_16_05 SUCCEEDED
D20210301_16_05 SUCCEEDED
D20210225.QSP5-5.EB SUCCEEDED
D20210226_16_05 SUCCEEDED
D20210224_16_05 SUCCEEDED
dcp522_c8docsis31_rx_top
D20210303_16_05 FAILED
D20210301_16_05 FAILED
D20210225.QSP5-5.EB FAILED
D20210226_16_05 FAILED
D20210224_16_05 FAILED
dcp564_leon3_mp_20_sset_ssink
D20210303_16_05 SUCCEEDED
D20210301_16_05 SUCCEEDED
D20210225.QSP5-5.EB SUCCEEDED
D20210226_16_05 SUCCEEDED
D20210224_16_05 SUCCEEDED
dcp569_GORDON
D20210303_16_05 SUCCEEDED
D20210301_16_05 SUCCEEDED
D20210225.QSP5-5.EB SUCCEEDED
D20210226_16_05 SUCCEEDED
D20210224_16_05 SUCCEEDED
dcp589_vd32043_top
D20210303_16_05 FAILED
D20210301_16_05 FAILED
D20210225.QSP5-5.EB FAILED
D20210226_16_05 FAILED
D20210224_16_05 FAILED
dcp597_mmu_thdo
D20210303_16_05 SUCCEEDED
D20210301_16_05 SUCCEEDED
D20210225.QSP5-5.EB SUCCEEDED
D20210226_16_05 SUCCEEDED
D20210224_16_05 SUCCEEDED
dcp599_rgx_tpu_mcu
D20210303_16_05 SUCCEEDED
D20210301_16_05 SUCCEEDED
D20210225.QSP5-5.EB SUCCEEDED
D20210226_16_05 SUCCEEDED
D20210224_16_05 SUCCEEDED
dcp607_mpcore
Following jobs do not exist or permissions are not sufficient: 
4151996
D20210303_16_05 Run_issue
Following jobs do not exist or permissions are not sufficient: 
3193840
D20210301_16_05 Run_issue
Following jobs do not exist or permissions are not sufficient: 
2925317
D20210225.QSP5-5.EB Run_issue
Following jobs do not exist or permissions are not sufficient: 
2407765
D20210226_16_05 Run_issue
Following jobs do not exist or permissions are not sufficient: 
1583922
D20210224_16_05 Run_issue
dcp611_arm926ejs
Following jobs do not exist or permissions are not sufficient: 
4152909
D20210303_16_05 Run_issue
Following jobs do not exist or permissions are not sufficient: 
3194028
D20210301_16_05 Run_issue
Following jobs do not exist or permissions are not sufficient: 
2925697
D20210225.QSP5-5.EB Run_issue
Following jobs do not exist or permissions are not sufficient: 
2407898
D20210226_16_05 Run_issue
Following jobs do not exist or permissions are not sufficient: 
1584825
D20210224_16_05 Run_issue
dcp616_falcon_cpu
Following jobs do not exist or permissions are not sufficient: 
4151551
D20210303_16_05 Run_issue
Following jobs do not exist or permissions are not sufficient: 
3193770
D20210301_16_05 Run_issue
Following jobs do not exist or permissions are not sufficient: 
2925223
D20210225.QSP5-5.EB Run_issue
Following jobs do not exist or permissions are not sufficient: 
2407713
D20210226_16_05 Run_issue
Following jobs do not exist or permissions are not sufficient: 
1583763
D20210224_16_05 Run_issue
dcp630_jones
D20210303_16_05 KILLED
D20210301_16_05 KILLED
D20210225.QSP5-5.EB Running
Following jobs do not exist or permissions are not sufficient: 
2407894
D20210226_16_05 Run_issue
D20210224_16_05 KILLED
dcp631_mercer
D20210303_16_05 KILLED
D20210301_16_05 KILLED
D20210225.QSP5-5.EB KILLED
D20210226_16_05 KILLED
Following jobs do not exist or permissions are not sufficient: 
1584831
D20210224_16_05 Run_issue
dcp632_teague
D20210303_16_05 SUCCEEDED
D20210301_16_05 SUCCEEDED
D20210225.QSP5-5.EB SUCCEEDED
D20210226_16_05 SUCCEEDED
D20210224_16_05 SUCCEEDED
dpx_bi_pu_rq_rs_ru_lblk
Following jobs do not exist or permissions are not sufficient: 
4151468
D20210303_16_05 Run_issue
Following jobs do not exist or permissions are not sufficient: 
3193737
D20210301_16_05 Run_issue
Following jobs do not exist or permissions are not sufficient: 
2925188
D20210225.QSP5-5.EB Run_issue
Following jobs do not exist or permissions are not sufficient: 
2407696
D20210226_16_05 Run_issue
Following jobs do not exist or permissions are not sufficient: 
1583699
D20210224_16_05 Run_issue
f4_brw_cisco
Following jobs do not exist or permissions are not sufficient: 
4153521
D20210303_16_05 Run_issue
Following jobs do not exist or permissions are not sufficient: 
3194244
D20210301_16_05 Run_issue
Following jobs do not exist or permissions are not sufficient: 
2925757
D20210225.QSP5-5.EB Run_issue
Following jobs do not exist or permissions are not sufficient: 
2407999
D20210226_16_05 Run_issue
Following jobs do not exist or permissions are not sufficient: 
1584910
D20210224_16_05 Run_issue
f4_dl2ri_cisco
Following jobs do not exist or permissions are not sufficient: 
4152871
D20210303_16_05 Run_issue
Following jobs do not exist or permissions are not sufficient: 
3193994
D20210301_16_05 Run_issue
Following jobs do not exist or permissions are not sufficient: 
2925688
D20210225.QSP5-5.EB Run_issue
Following jobs do not exist or permissions are not sufficient: 
2407889
D20210226_16_05 Run_issue
Following jobs do not exist or permissions are not sufficient: 
1584817
D20210224_16_05 Run_issue
rgx_rasterisation
Following jobs do not exist or permissions are not sufficient: 
4151473
D20210303_16_05 Run_issue
Following jobs do not exist or permissions are not sufficient: 
3193756
D20210301_16_05 Run_issue
Following jobs do not exist or permissions are not sufficient: 
2925203
D20210225.QSP5-5.EB Run_issue
Following jobs do not exist or permissions are not sufficient: 
2407701
D20210226_16_05 Run_issue
Following jobs do not exist or permissions are not sufficient: 
1583739
D20210224_16_05 Run_issue
rgx_usc
Following jobs do not exist or permissions are not sufficient: 
4150810
D20210303_16_05 Run_issue
Following jobs do not exist or permissions are not sufficient: 
3193538
D20210301_16_05 Run_issue
Following jobs do not exist or permissions are not sufficient: 
2925029
D20210225.QSP5-5.EB Run_issue
Following jobs do not exist or permissions are not sufficient: 
2407512
D20210226_16_05 Run_issue
Following jobs do not exist or permissions are not sufficient: 
1583297
D20210224_16_05 Run_issue
Vega20-CB-T
Following jobs do not exist or permissions are not sufficient: 
4151901
D20210303_16_05 Run_issue
Following jobs do not exist or permissions are not sufficient: 
3193831
D20210301_16_05 Run_issue
Following jobs do not exist or permissions are not sufficient: 
2925294
D20210225.QSP5-5.EB Run_issue
Following jobs do not exist or permissions are not sufficient: 
2407760
D20210226_16_05 Run_issue
Following jobs do not exist or permissions are not sufficient: 
1583881
D20210224_16_05 Run_issue
Vega20-CPF-T
Following jobs do not exist or permissions are not sufficient: 
4151608
D20210303_16_05 Run_issue
Following jobs do not exist or permissions are not sufficient: 
3193796
D20210301_16_05 Run_issue
Following jobs do not exist or permissions are not sufficient: 
2925250
D20210225.QSP5-5.EB Run_issue
Following jobs do not exist or permissions are not sufficient: 
2407714
D20210226_16_05 Run_issue
Following jobs do not exist or permissions are not sufficient: 
1583809
D20210224_16_05 Run_issue
Vega20-DSA-T
Following jobs do not exist or permissions are not sufficient: 
4151351
D20210303_16_05 Run_issue
Following jobs do not exist or permissions are not sufficient: 
3193692
D20210301_16_05 Run_issue
Following jobs do not exist or permissions are not sufficient: 
2925151
D20210225.QSP5-5.EB Run_issue
Following jobs do not exist or permissions are not sufficient: 
2407657
D20210226_16_05 Run_issue
Following jobs do not exist or permissions are not sufficient: 
1583594
D20210224_16_05 Run_issue
Vega20-SP1-T
Following jobs do not exist or permissions are not sufficient: 
4150251
D20210303_16_05 Run_issue
Following jobs do not exist or permissions are not sufficient: 
3193438
D20210301_16_05 Run_issue
Following jobs do not exist or permissions are not sufficient: 
2924982
D20210225.QSP5-5.EB Run_issue
Following jobs do not exist or permissions are not sufficient: 
2407445
D20210226_16_05 Run_issue
Following jobs do not exist or permissions are not sufficient: 
1583275
D20210224_16_05 Run_issue
Vega20-VGT-T
Following jobs do not exist or permissions are not sufficient: 
4152429
D20210303_16_05 Run_issue
Following jobs do not exist or permissions are not sufficient: 
3193880
D20210301_16_05 Run_issue
Following jobs do not exist or permissions are not sufficient: 
2925402
D20210225.QSP5-5.EB Run_issue
Following jobs do not exist or permissions are not sufficient: 
2407818
D20210226_16_05 Run_issue
Following jobs do not exist or permissions are not sufficient: 
1584040
D20210224_16_05 Run_issue
X5376
D20210303_16_05 SUCCEEDED
D20210301_16_05 SUCCEEDED
D20210225.QSP5-5.EB SUCCEEDED
D20210226_16_05 SUCCEEDED
D20210224_16_05 SUCCEEDED
xpc_fp
Following jobs do not exist or permissions are not sufficient: 
4153025
D20210303_16_05 Run_issue
Following jobs do not exist or permissions are not sufficient: 
3194085
D20210301_16_05 Run_issue
Following jobs do not exist or permissions are not sufficient: 
2925714
D20210225.QSP5-5.EB Run_issue
Following jobs do not exist or permissions are not sufficient: 
2407938
D20210226_16_05 Run_issue
Following jobs do not exist or permissions are not sufficient: 
1584844
D20210224_16_05 Run_issue
