Identification: OK
D20210315_20_30 D20210312_20_30 D20210310_20_30 D20210309_20_30 D20210308_20_30
create nightly array: OK
/remote/dcopt077/nightly_prs/r2020.09-SP/DC_ICC2/D20210315_20_30/prs/run/SRMFm_ICC2_spg_timing_opt_area
A53 A53_ARM A57_CPU A57_Non_CPU A72_CPU A72_DS_SG_N5 A72_ID_SG_N5 A73_Non_CPU ARCH_HS38_SG_N5 archipelago_N12_6T ARCHS38_7nm ARCHS438 BART_SG_N5 BLOCK_BL CortexM3 dce_dchp_t dcp212_Xm_Xttop dcp245_SPEEDY28_TOP dcp246_Xm_Xtmem dcp247_VDD5_mux2 dcp270_enterprise_UPF dcp275_archipelago dcp276_xbar dcp427_DWC_usb3 dcp428_DWC_ddr dcp514_JDSIIP3A dcp518_top dcp519_fdeq_pnrb dcp520_ccu_msw dcp522_c8docsis31_rx_top dcp564_leon3_mp_20_sset_ssink dcp569_GORDON dcp597_mmu_thdo dcp599_rgx_tpu_mcu dcp607_mpcore dcp611_arm926ejs dcp616_falcon_cpu dcp630_jones dcp631_mercer dcp632_teague Deimos_VX_N5 dpx_bi_pu_rq_rs_ru_lblk f4_brw_cisco f4_dl2ri_cisco propts.cfg rgx_rasterisation Vega20-CB-T Vega20-CPF-T Vega20-DSA-T Vega20-VGT-T X5376 xpc_fp
cat: /slowfs/dcopt105/alvaro/scripts/features_html.txt: No such file or directory
A53
D20210315_20_30 Pending
D20210312_20_30 SUCCEEDED
D20210310_20_30 SUCCEEDED
cat: /remote/dcopt077/nightly_prs/r2020.09-SP/DC_ICC2/D20210309_20_30/prs/run/SRMFm_ICC2_spg_timing_opt_area/A53/A53.grd.out: No such file or directory
D20210309_20_30 Run_issue
D20210308_20_30 SUCCEEDED
A53_ARM
D20210315_20_30 Running
D20210312_20_30 SUCCEEDED
D20210310_20_30 SUCCEEDED
cat: /remote/dcopt077/nightly_prs/r2020.09-SP/DC_ICC2/D20210309_20_30/prs/run/SRMFm_ICC2_spg_timing_opt_area/A53_ARM/A53_ARM.grd.out: No such file or directory
D20210309_20_30 Run_issue
D20210308_20_30 SUCCEEDED
A57_CPU
D20210315_20_30 Pending
D20210312_20_30 SUCCEEDED
D20210310_20_30 SUCCEEDED
cat: /remote/dcopt077/nightly_prs/r2020.09-SP/DC_ICC2/D20210309_20_30/prs/run/SRMFm_ICC2_spg_timing_opt_area/A57_CPU/A57_CPU.grd.out: No such file or directory
D20210309_20_30 Run_issue
D20210308_20_30 SUCCEEDED
A57_Non_CPU
D20210315_20_30 Running
D20210312_20_30 SUCCEEDED
D20210310_20_30 SUCCEEDED
cat: /remote/dcopt077/nightly_prs/r2020.09-SP/DC_ICC2/D20210309_20_30/prs/run/SRMFm_ICC2_spg_timing_opt_area/A57_Non_CPU/A57_Non_CPU.grd.out: No such file or directory
D20210309_20_30 Run_issue
D20210308_20_30 SUCCEEDED
A72_CPU
D20210315_20_30 Pending
D20210312_20_30 SUCCEEDED
D20210310_20_30 SUCCEEDED
cat: /remote/dcopt077/nightly_prs/r2020.09-SP/DC_ICC2/D20210309_20_30/prs/run/SRMFm_ICC2_spg_timing_opt_area/A72_CPU/A72_CPU.grd.out: No such file or directory
D20210309_20_30 Run_issue
D20210308_20_30 SUCCEEDED
A72_DS_SG_N5
D20210315_20_30 Pending
D20210312_20_30 SUCCEEDED
D20210310_20_30 SUCCEEDED
cat: /remote/dcopt077/nightly_prs/r2020.09-SP/DC_ICC2/D20210309_20_30/prs/run/SRMFm_ICC2_spg_timing_opt_area/A72_DS_SG_N5/A72_DS_SG_N5.grd.out: No such file or directory
D20210309_20_30 Run_issue
D20210308_20_30 SUCCEEDED
A72_ID_SG_N5
D20210315_20_30 Pending
D20210312_20_30 SUCCEEDED
D20210310_20_30 SUCCEEDED
cat: /remote/dcopt077/nightly_prs/r2020.09-SP/DC_ICC2/D20210309_20_30/prs/run/SRMFm_ICC2_spg_timing_opt_area/A72_ID_SG_N5/A72_ID_SG_N5.grd.out: No such file or directory
D20210309_20_30 Run_issue
D20210308_20_30 SUCCEEDED
A73_Non_CPU
D20210315_20_30 Pending
D20210312_20_30 SUCCEEDED
D20210310_20_30 SUCCEEDED
cat: /remote/dcopt077/nightly_prs/r2020.09-SP/DC_ICC2/D20210309_20_30/prs/run/SRMFm_ICC2_spg_timing_opt_area/A73_Non_CPU/A73_Non_CPU.grd.out: No such file or directory
D20210309_20_30 Run_issue
D20210308_20_30 SUCCEEDED
ARCH_HS38_SG_N5
D20210315_20_30 Pending
D20210312_20_30 SUCCEEDED
D20210310_20_30 SUCCEEDED
cat: /remote/dcopt077/nightly_prs/r2020.09-SP/DC_ICC2/D20210309_20_30/prs/run/SRMFm_ICC2_spg_timing_opt_area/ARCH_HS38_SG_N5/ARCH_HS38_SG_N5.grd.out: No such file or directory
D20210309_20_30 Run_issue
D20210308_20_30 SUCCEEDED
archipelago_N12_6T
D20210315_20_30 Pending
D20210312_20_30 SUCCEEDED
D20210310_20_30 SUCCEEDED
cat: /remote/dcopt077/nightly_prs/r2020.09-SP/DC_ICC2/D20210309_20_30/prs/run/SRMFm_ICC2_spg_timing_opt_area/archipelago_N12_6T/archipelago_N12_6T.grd.out: No such file or directory
D20210309_20_30 Run_issue
D20210308_20_30 SUCCEEDED
ARCHS38_7nm
D20210315_20_30 SUCCEEDED
D20210312_20_30 SUCCEEDED
D20210310_20_30 SUCCEEDED
cat: /remote/dcopt077/nightly_prs/r2020.09-SP/DC_ICC2/D20210309_20_30/prs/run/SRMFm_ICC2_spg_timing_opt_area/ARCHS38_7nm/ARCHS38_7nm.grd.out: No such file or directory
D20210309_20_30 Run_issue
D20210308_20_30 SUCCEEDED
ARCHS438
D20210315_20_30 Pending
D20210312_20_30 SUCCEEDED
D20210310_20_30 SUCCEEDED
cat: /remote/dcopt077/nightly_prs/r2020.09-SP/DC_ICC2/D20210309_20_30/prs/run/SRMFm_ICC2_spg_timing_opt_area/ARCHS438/ARCHS438.grd.out: No such file or directory
D20210309_20_30 Run_issue
D20210308_20_30 SUCCEEDED
BART_SG_N5
D20210315_20_30 Pending
D20210312_20_30 SUCCEEDED
D20210310_20_30 SUCCEEDED
cat: /remote/dcopt077/nightly_prs/r2020.09-SP/DC_ICC2/D20210309_20_30/prs/run/SRMFm_ICC2_spg_timing_opt_area/BART_SG_N5/BART_SG_N5.grd.out: No such file or directory
D20210309_20_30 Run_issue
D20210308_20_30 SUCCEEDED
BLOCK_BL
D20210315_20_30 Running
D20210312_20_30 SUCCEEDED
D20210310_20_30 SUCCEEDED
cat: /remote/dcopt077/nightly_prs/r2020.09-SP/DC_ICC2/D20210309_20_30/prs/run/SRMFm_ICC2_spg_timing_opt_area/BLOCK_BL/BLOCK_BL.grd.out: No such file or directory
D20210309_20_30 Run_issue
D20210308_20_30 SUCCEEDED
CortexM3
D20210315_20_30 Running
D20210312_20_30 SUCCEEDED
D20210310_20_30 SUCCEEDED
cat: /remote/dcopt077/nightly_prs/r2020.09-SP/DC_ICC2/D20210309_20_30/prs/run/SRMFm_ICC2_spg_timing_opt_area/CortexM3/CortexM3.grd.out: No such file or directory
D20210309_20_30 Run_issue
D20210308_20_30 SUCCEEDED
dce_dchp_t
D20210315_20_30 Pending
D20210312_20_30 INCONCLUSIVE
D20210310_20_30 INCONCLUSIVE
cat: /remote/dcopt077/nightly_prs/r2020.09-SP/DC_ICC2/D20210309_20_30/prs/run/SRMFm_ICC2_spg_timing_opt_area/dce_dchp_t/dce_dchp_t.grd.out: No such file or directory
D20210309_20_30 Run_issue
D20210308_20_30 INCONCLUSIVE
dcp212_Xm_Xttop
D20210315_20_30 Running
D20210312_20_30 SUCCEEDED
D20210310_20_30 SUCCEEDED
cat: /remote/dcopt077/nightly_prs/r2020.09-SP/DC_ICC2/D20210309_20_30/prs/run/SRMFm_ICC2_spg_timing_opt_area/dcp212_Xm_Xttop/dcp212_Xm_Xttop.grd.out: No such file or directory
D20210309_20_30 Run_issue
D20210308_20_30 SUCCEEDED
dcp245_SPEEDY28_TOP
D20210315_20_30 Running
D20210312_20_30 SUCCEEDED
D20210310_20_30 SUCCEEDED
cat: /remote/dcopt077/nightly_prs/r2020.09-SP/DC_ICC2/D20210309_20_30/prs/run/SRMFm_ICC2_spg_timing_opt_area/dcp245_SPEEDY28_TOP/dcp245_SPEEDY28_TOP.grd.out: No such file or directory
D20210309_20_30 Run_issue
D20210308_20_30 SUCCEEDED
dcp246_Xm_Xtmem
D20210315_20_30 Running
D20210312_20_30 SUCCEEDED
D20210310_20_30 SUCCEEDED
cat: /remote/dcopt077/nightly_prs/r2020.09-SP/DC_ICC2/D20210309_20_30/prs/run/SRMFm_ICC2_spg_timing_opt_area/dcp246_Xm_Xtmem/dcp246_Xm_Xtmem.grd.out: No such file or directory
D20210309_20_30 Run_issue
D20210308_20_30 SUCCEEDED
dcp247_VDD5_mux2
D20210315_20_30 Running
D20210312_20_30 SUCCEEDED
D20210310_20_30 SUCCEEDED
cat: /remote/dcopt077/nightly_prs/r2020.09-SP/DC_ICC2/D20210309_20_30/prs/run/SRMFm_ICC2_spg_timing_opt_area/dcp247_VDD5_mux2/dcp247_VDD5_mux2.grd.out: No such file or directory
D20210309_20_30 Run_issue
D20210308_20_30 SUCCEEDED
dcp270_enterprise_UPF
D20210315_20_30 Running
D20210312_20_30 SUCCEEDED
D20210310_20_30 SUCCEEDED
cat: /remote/dcopt077/nightly_prs/r2020.09-SP/DC_ICC2/D20210309_20_30/prs/run/SRMFm_ICC2_spg_timing_opt_area/dcp270_enterprise_UPF/dcp270_enterprise_UPF.grd.out: No such file or directory
D20210309_20_30 Run_issue
D20210308_20_30 SUCCEEDED
dcp275_archipelago
D20210315_20_30 SUCCEEDED
D20210312_20_30 SUCCEEDED
D20210310_20_30 SUCCEEDED
cat: /remote/dcopt077/nightly_prs/r2020.09-SP/DC_ICC2/D20210309_20_30/prs/run/SRMFm_ICC2_spg_timing_opt_area/dcp275_archipelago/dcp275_archipelago.grd.out: No such file or directory
D20210309_20_30 Run_issue
D20210308_20_30 SUCCEEDED
dcp276_xbar
D20210315_20_30 Pending
D20210312_20_30 SUCCEEDED
D20210310_20_30 SUCCEEDED
cat: /remote/dcopt077/nightly_prs/r2020.09-SP/DC_ICC2/D20210309_20_30/prs/run/SRMFm_ICC2_spg_timing_opt_area/dcp276_xbar/dcp276_xbar.grd.out: No such file or directory
D20210309_20_30 Run_issue
D20210308_20_30 SUCCEEDED
dcp427_DWC_usb3
D20210315_20_30 Pending
D20210312_20_30 SUCCEEDED
D20210310_20_30 SUCCEEDED
cat: /remote/dcopt077/nightly_prs/r2020.09-SP/DC_ICC2/D20210309_20_30/prs/run/SRMFm_ICC2_spg_timing_opt_area/dcp427_DWC_usb3/dcp427_DWC_usb3.grd.out: No such file or directory
D20210309_20_30 Run_issue
D20210308_20_30 SUCCEEDED
dcp428_DWC_ddr
D20210315_20_30 Pending
D20210312_20_30 SUCCEEDED
D20210310_20_30 SUCCEEDED
cat: /remote/dcopt077/nightly_prs/r2020.09-SP/DC_ICC2/D20210309_20_30/prs/run/SRMFm_ICC2_spg_timing_opt_area/dcp428_DWC_ddr/dcp428_DWC_ddr.grd.out: No such file or directory
D20210309_20_30 Run_issue
D20210308_20_30 SUCCEEDED
dcp514_JDSIIP3A
D20210315_20_30 Pending
D20210312_20_30 SUCCEEDED
D20210310_20_30 SUCCEEDED
cat: /remote/dcopt077/nightly_prs/r2020.09-SP/DC_ICC2/D20210309_20_30/prs/run/SRMFm_ICC2_spg_timing_opt_area/dcp514_JDSIIP3A/dcp514_JDSIIP3A.grd.out: No such file or directory
D20210309_20_30 Run_issue
D20210308_20_30 SUCCEEDED
dcp518_top
D20210315_20_30 Pending
D20210312_20_30 SUCCEEDED
D20210310_20_30 SUCCEEDED
cat: /remote/dcopt077/nightly_prs/r2020.09-SP/DC_ICC2/D20210309_20_30/prs/run/SRMFm_ICC2_spg_timing_opt_area/dcp518_top/dcp518_top.grd.out: No such file or directory
D20210309_20_30 Run_issue
D20210308_20_30 SUCCEEDED
dcp519_fdeq_pnrb
D20210315_20_30 Pending
D20210312_20_30 SUCCEEDED
D20210310_20_30 SUCCEEDED
cat: /remote/dcopt077/nightly_prs/r2020.09-SP/DC_ICC2/D20210309_20_30/prs/run/SRMFm_ICC2_spg_timing_opt_area/dcp519_fdeq_pnrb/dcp519_fdeq_pnrb.grd.out: No such file or directory
D20210309_20_30 Run_issue
D20210308_20_30 SUCCEEDED
dcp520_ccu_msw
D20210315_20_30 Pending
D20210312_20_30 SUCCEEDED
D20210310_20_30 SUCCEEDED
cat: /remote/dcopt077/nightly_prs/r2020.09-SP/DC_ICC2/D20210309_20_30/prs/run/SRMFm_ICC2_spg_timing_opt_area/dcp520_ccu_msw/dcp520_ccu_msw.grd.out: No such file or directory
D20210309_20_30 Run_issue
D20210308_20_30 SUCCEEDED
dcp522_c8docsis31_rx_top
D20210315_20_30 Pending
D20210312_20_30 FAILED
D20210310_20_30 FAILED
cat: /remote/dcopt077/nightly_prs/r2020.09-SP/DC_ICC2/D20210309_20_30/prs/run/SRMFm_ICC2_spg_timing_opt_area/dcp522_c8docsis31_rx_top/dcp522_c8docsis31_rx_top.grd.out: No such file or directory
D20210309_20_30 Run_issue
D20210308_20_30 FAILED
dcp564_leon3_mp_20_sset_ssink
D20210315_20_30 Pending
D20210312_20_30 SUCCEEDED
D20210310_20_30 SUCCEEDED
cat: /remote/dcopt077/nightly_prs/r2020.09-SP/DC_ICC2/D20210309_20_30/prs/run/SRMFm_ICC2_spg_timing_opt_area/dcp564_leon3_mp_20_sset_ssink/dcp564_leon3_mp_20_sset_ssink.grd.out: No such file or directory
D20210309_20_30 Run_issue
D20210308_20_30 SUCCEEDED
dcp569_GORDON
D20210315_20_30 Pending
D20210312_20_30 SUCCEEDED
D20210310_20_30 SUCCEEDED
cat: /remote/dcopt077/nightly_prs/r2020.09-SP/DC_ICC2/D20210309_20_30/prs/run/SRMFm_ICC2_spg_timing_opt_area/dcp569_GORDON/dcp569_GORDON.grd.out: No such file or directory
D20210309_20_30 Run_issue
D20210308_20_30 SUCCEEDED
dcp597_mmu_thdo
D20210315_20_30 Running
D20210312_20_30 SUCCEEDED
D20210310_20_30 SUCCEEDED
cat: /remote/dcopt077/nightly_prs/r2020.09-SP/DC_ICC2/D20210309_20_30/prs/run/SRMFm_ICC2_spg_timing_opt_area/dcp597_mmu_thdo/dcp597_mmu_thdo.grd.out: No such file or directory
D20210309_20_30 Run_issue
D20210308_20_30 SUCCEEDED
dcp599_rgx_tpu_mcu
D20210315_20_30 Running
D20210312_20_30 SUCCEEDED
D20210310_20_30 SUCCEEDED
cat: /remote/dcopt077/nightly_prs/r2020.09-SP/DC_ICC2/D20210309_20_30/prs/run/SRMFm_ICC2_spg_timing_opt_area/dcp599_rgx_tpu_mcu/dcp599_rgx_tpu_mcu.grd.out: No such file or directory
D20210309_20_30 Run_issue
D20210308_20_30 SUCCEEDED
dcp607_mpcore
D20210315_20_30 Running
D20210312_20_30 SUCCEEDED
D20210310_20_30 SUCCEEDED
cat: /remote/dcopt077/nightly_prs/r2020.09-SP/DC_ICC2/D20210309_20_30/prs/run/SRMFm_ICC2_spg_timing_opt_area/dcp607_mpcore/dcp607_mpcore.grd.out: No such file or directory
D20210309_20_30 Run_issue
D20210308_20_30 SUCCEEDED
dcp611_arm926ejs
D20210315_20_30 SUCCEEDED
D20210312_20_30 SUCCEEDED
D20210310_20_30 SUCCEEDED
cat: /remote/dcopt077/nightly_prs/r2020.09-SP/DC_ICC2/D20210309_20_30/prs/run/SRMFm_ICC2_spg_timing_opt_area/dcp611_arm926ejs/dcp611_arm926ejs.grd.out: No such file or directory
D20210309_20_30 Run_issue
D20210308_20_30 SUCCEEDED
dcp616_falcon_cpu
D20210315_20_30 Pending
D20210312_20_30 SUCCEEDED
D20210310_20_30 SUCCEEDED
cat: /remote/dcopt077/nightly_prs/r2020.09-SP/DC_ICC2/D20210309_20_30/prs/run/SRMFm_ICC2_spg_timing_opt_area/dcp616_falcon_cpu/dcp616_falcon_cpu.grd.out: No such file or directory
D20210309_20_30 Run_issue
D20210308_20_30 SUCCEEDED
dcp630_jones
D20210315_20_30 Pending
D20210312_20_30 Running
D20210310_20_30 Running
cat: /remote/dcopt077/nightly_prs/r2020.09-SP/DC_ICC2/D20210309_20_30/prs/run/SRMFm_ICC2_spg_timing_opt_area/dcp630_jones/dcp630_jones.grd.out: No such file or directory
D20210309_20_30 Run_issue
D20210308_20_30 Running
dcp631_mercer
D20210315_20_30 Pending
D20210312_20_30 Running
D20210310_20_30 FAILED
cat: /remote/dcopt077/nightly_prs/r2020.09-SP/DC_ICC2/D20210309_20_30/prs/run/SRMFm_ICC2_spg_timing_opt_area/dcp631_mercer/dcp631_mercer.grd.out: No such file or directory
D20210309_20_30 Run_issue
D20210308_20_30 FAILED
dcp632_teague
D20210315_20_30 Pending
D20210312_20_30 SUCCEEDED
D20210310_20_30 SUCCEEDED
cat: /remote/dcopt077/nightly_prs/r2020.09-SP/DC_ICC2/D20210309_20_30/prs/run/SRMFm_ICC2_spg_timing_opt_area/dcp632_teague/dcp632_teague.grd.out: No such file or directory
D20210309_20_30 Run_issue
D20210308_20_30 SUCCEEDED
Deimos_VX_N5
D20210315_20_30 Running
D20210312_20_30 SUCCEEDED
D20210310_20_30 SUCCEEDED
cat: /remote/dcopt077/nightly_prs/r2020.09-SP/DC_ICC2/D20210309_20_30/prs/run/SRMFm_ICC2_spg_timing_opt_area/Deimos_VX_N5/Deimos_VX_N5.grd.out: No such file or directory
D20210309_20_30 Run_issue
D20210308_20_30 SUCCEEDED
dpx_bi_pu_rq_rs_ru_lblk
D20210315_20_30 Pending
D20210312_20_30 SUCCEEDED
D20210310_20_30 SUCCEEDED
cat: /remote/dcopt077/nightly_prs/r2020.09-SP/DC_ICC2/D20210309_20_30/prs/run/SRMFm_ICC2_spg_timing_opt_area/dpx_bi_pu_rq_rs_ru_lblk/dpx_bi_pu_rq_rs_ru_lblk.grd.out: No such file or directory
D20210309_20_30 Run_issue
D20210308_20_30 SUCCEEDED
f4_brw_cisco
D20210315_20_30 Running
D20210312_20_30 SUCCEEDED
D20210310_20_30 SUCCEEDED
cat: /remote/dcopt077/nightly_prs/r2020.09-SP/DC_ICC2/D20210309_20_30/prs/run/SRMFm_ICC2_spg_timing_opt_area/f4_brw_cisco/f4_brw_cisco.grd.out: No such file or directory
D20210309_20_30 Run_issue
D20210308_20_30 SUCCEEDED
f4_dl2ri_cisco
D20210315_20_30 Running
D20210312_20_30 SUCCEEDED
D20210310_20_30 SUCCEEDED
cat: /remote/dcopt077/nightly_prs/r2020.09-SP/DC_ICC2/D20210309_20_30/prs/run/SRMFm_ICC2_spg_timing_opt_area/f4_dl2ri_cisco/f4_dl2ri_cisco.grd.out: No such file or directory
D20210309_20_30 Run_issue
D20210308_20_30 SUCCEEDED
rgx_rasterisation
D20210315_20_30 Pending
D20210312_20_30 SUCCEEDED
D20210310_20_30 SUCCEEDED
cat: /remote/dcopt077/nightly_prs/r2020.09-SP/DC_ICC2/D20210309_20_30/prs/run/SRMFm_ICC2_spg_timing_opt_area/rgx_rasterisation/rgx_rasterisation.grd.out: No such file or directory
D20210309_20_30 Run_issue
D20210308_20_30 SUCCEEDED
Vega20-CB-T
D20210315_20_30 Pending
D20210312_20_30 SUCCEEDED
D20210310_20_30 SUCCEEDED
cat: /remote/dcopt077/nightly_prs/r2020.09-SP/DC_ICC2/D20210309_20_30/prs/run/SRMFm_ICC2_spg_timing_opt_area/Vega20-CB-T/Vega20-CB-T.grd.out: No such file or directory
D20210309_20_30 Run_issue
D20210308_20_30 SUCCEEDED
Vega20-CPF-T
D20210315_20_30 Pending
D20210312_20_30 SUCCEEDED
D20210310_20_30 SUCCEEDED
cat: /remote/dcopt077/nightly_prs/r2020.09-SP/DC_ICC2/D20210309_20_30/prs/run/SRMFm_ICC2_spg_timing_opt_area/Vega20-CPF-T/Vega20-CPF-T.grd.out: No such file or directory
D20210309_20_30 Run_issue
D20210308_20_30 SUCCEEDED
Vega20-DSA-T
D20210315_20_30 Pending
D20210312_20_30 SUCCEEDED
D20210310_20_30 SUCCEEDED
cat: /remote/dcopt077/nightly_prs/r2020.09-SP/DC_ICC2/D20210309_20_30/prs/run/SRMFm_ICC2_spg_timing_opt_area/Vega20-DSA-T/Vega20-DSA-T.grd.out: No such file or directory
D20210309_20_30 Run_issue
D20210308_20_30 SUCCEEDED
Vega20-VGT-T
D20210315_20_30 Pending
D20210312_20_30 SUCCEEDED
D20210310_20_30 SUCCEEDED
cat: /remote/dcopt077/nightly_prs/r2020.09-SP/DC_ICC2/D20210309_20_30/prs/run/SRMFm_ICC2_spg_timing_opt_area/Vega20-VGT-T/Vega20-VGT-T.grd.out: No such file or directory
D20210309_20_30 Run_issue
D20210308_20_30 SUCCEEDED
X5376
D20210315_20_30 Running
D20210312_20_30 SUCCEEDED
D20210310_20_30 SUCCEEDED
cat: /remote/dcopt077/nightly_prs/r2020.09-SP/DC_ICC2/D20210309_20_30/prs/run/SRMFm_ICC2_spg_timing_opt_area/X5376/X5376.grd.out: No such file or directory
D20210309_20_30 Run_issue
D20210308_20_30 SUCCEEDED
xpc_fp
D20210315_20_30 Running
D20210312_20_30 Running
D20210310_20_30 SUCCEEDED
cat: /remote/dcopt077/nightly_prs/r2020.09-SP/DC_ICC2/D20210309_20_30/prs/run/SRMFm_ICC2_spg_timing_opt_area/xpc_fp/xpc_fp.grd.out: No such file or directory
D20210309_20_30 Run_issue
D20210308_20_30 SUCCEEDED
