tsmc5ff : rel9.4.0 : 12 : v014-eusb2-tsmc5ff12-ns
tsmc5ff : rel9.4.0 : 12 : u122-cmnblks-tsmc5ff-12
tsmc5ff : rel9.4.0 : 12 : n700-c40-tsmc5ff-12-ns
tsmc5ff : rel9.3.1_22_04_04_1 : 12 : d810-ddr54-tsmc5ff12
tsmc5ff : rel9.3.1 : 12 : x587-e112adc-tsmc5ff-12-ns
tsmc5ff : rel9.3.1 : 12 : x570-pcie6-tsmc5ff-12-ns
tsmc5ff : rel9.3.1 : 12 : x339-e32-ldo-tsmc5ff-12-ns
tsmc5ff : rel9.3.1 : 12 : x336-e32-tsmc5ff-12-ns
tsmc5ff : rel9.3.1 : 12 : v100-vsr-tsmc5ff-12-ns
tsmc5ff : rel9.3.1 : 12 : s001-pms-5197tchip-tsmc5ff-12
tsmc5ff : rel9.3.1 : 12 : s001-pms-5176dts2-tsmc5ff-12
tsmc5ff : rel9.3.1 : 12 : s001-pms-5149cat-tsmc5ff-12
tsmc5ff : rel9.3.1 : 12 : s001-pms-5126pd-tsmc5ff-12
tsmc5ff : rel9.3.1 : 12 : s001-pms-5125vm-tsmc5ff-12
tsmc5ff : rel9.3.1 : 12 : s001-pms-5124ts-tsmc5ff-12
tsmc5ff : rel9.3.1 : 12 : s001-pms-5121dts-tsmc5ff-12
tsmc5ff : rel9.3.1 : 12 : o214-diffbuf-tsmc5ff-12-ns
tsmc5ff : rel9.3.1 : 12 : o214-diffbuf-tsmc5ff-12-ew
tsmc5ff : rel9.3.1 : 12 : n409-c20-tsmc5ff-12-ns
tsmc5ff : rel9.3.1 : 12 : n226-c10-tsmc5ff-12-ns
tsmc5ff : rel9.3.1 : 12 : m0105-mem-tsmc5ff-schematic_gen2
tsmc5ff : rel9.3.1 : 12 : f513-gpio-tsmc5ff-1.2v
tsmc5ff : rel9.3.1 : 12 : e326-hdmi-earcrx-tsmc5ff-12
tsmc5ff : rel9.3.1 : 12 : d933-lpddr5x-tsmc5ff-12
tsmc5ff : rel9.3.1 : 12 : d910-ddr5-tsmc5ff-12
tsmc5ff : rel9.3.1 : 12 : d890-lpddr54-tsmc5ff-12
tsmc5ff : rel9.3.1 : 12 : d750-hbm3-tsmc5ff12
tsmc5ff : rel9.3.0 : 12 : x585-e112-tsmc5ff-12-ns
tsmc5ff : rel9.3.0 : 12 : h120-hbi2-tsmc5ff-12-ns
tsmc5ff : rel9.3.0 : 12 : g314-dphy-cphy-tsmc5ff-12
tsmc5ff : rel9.3.0 : 12 : g304-dphy-cphy-tsmc5ff-12
tsmc5ff : rel9.2.0 : 12 : x719-usb2-tsmc5ff-12-ns
tsmc5ff : rel9.2.0 : 12 : w308-nvm-otp-shfdc-tsmc5ff-1.2v
tsmc5ff : rel9.2.0 : 12 : s001-pms-5159fvm-tsmc5ff-12
tsmc5ff : rel9.2.0 : 12 : s001-pms-5147pvtc-tsmc5ff-12
tsmc5ff : rel9.2.0 : 12 : s001-pms-5124td-tsmc5ff-12
tsmc5ff : rel9.2.0 : 12 : m0105-mem-tsmc5ff-schematic-mphdrf
tsmc5ff : rel9.2.0 : 12 : g152-dphy-tsmc5ff-12
tsmc5ff : rel9.2.0 : 12 : d930-lpddr5x-tsmc5ff12
tsmc5ff : rel9.2.0 : 12 : d750-hbm3-tsmc5ff12
tsmc5ff : rel9.0.0 : 12 : x810-e224-tsmc5ff-12-ns
tsmc5ff : rel9.0.0 : 12 : m0105-mem-tsmc5ff-schematic_bcam
tsmc5ff : rel8.7.0 : 12 : m0105-mem-tsmc5ff-schematic_gen2_autom
tsmc5ff : rel8.7.0 : 12 : l253-std-tsmc5ff-1.2v
tsmc5ff : rel8.3.0 : 12 : x223-xsr-tsmc5ff-12-ns
tsmc5ff : rel8.0.0 : 12_palermo : v001-eusb2-tsmc5ff-12-ns
tsmc5ff : rel6.1.0 : 12 : w157-nvm-otp-pcm-tsmc5ff-1.2v
tsmc5ff : rel6.0.0 : 12 : x691-usb2-tsmc5ff-12-ns
tsmc5ff : rel5.0.0 : 12 : v003-eusb2-tsmc5ff-12-ns
tsmc5ff : rel5.0.0 : 12_palermo : l250-std-tsmc5ff-1.2v_palermo
tsmc5ff : rel5.0.0 : 12 : n214-c10-tsmc5ff-12-ns
tsmc5ff : rel2.0.0_22_06_08_1 : 12_amd : n224-c10-tsmc5ff-12-ns
tsmc5ff : rel2.0.0_22_05_19_1 : 12_amd : g313-dphy-cphy-tsmc5ff-12
tsmc5ff : rel2.0.0 : 12_amd : x718-usb2-tsmc5ff-12-ns
tsmc5ff : rel2.0.0 : 12_amd : n403-aux-i2c_usb4ls-tsmc5ff-12-ns
tsmc5ff : rel2.0.0 : 12_amd : d823-ddr54v2-cuamd-tsmc5ff-12
tsmc5ff : rel1.6.0 : 12_amd : d901-lpddr5xm-tsmc5ff-12
tsmc5ff : rel1.3.1 : 12_amd : x710-usb2-tsmc5ff-12-ns
tsmc5ff : rel1.3.1 : 12_amd : n403-c20-tsmc5ff-12-ns
tsmc5ff : rel1.2.1 : 12_amd : d900-lpddr5xm-tsmc5ff12
tsmc5ff : rel1.1.0 : 12_auto : w307-nvm-otp-shfdc-tsmc5ff-1.2v
tsmc5ff : rel1.1.0 : 12_auto : p200-program-marvell_xplorer-tsmc5ff-12
tsmc5ff : rel1.1.0 : 12_auto : m0151-mem-tsmc5ff-ts05n0g41p11s2dul02ms
tsmc5ff : rel1.1.0 : 12_auto : d941-ap-lpddr5x-tsmc5ff-12
tsmc5ff : rel1.1.0 : 12_auto : d940-ap-lpddr5x-tsmc5ff-12
