tsmc3eff : rel3.0.0 : 12 : x811-e224-tsmc3eff-12-ns
tsmc3eff : rel3.0.0 : 12 : x588-e112-tsmc3eff-12-ns
tsmc3eff : rel3.0.0 : 12 : x348-e32-tsmc3eff-12-ns
tsmc3eff : rel3.0.0 : 12 : w312-nvm-otp-tdm-tsmc3eff-1.2v
tsmc3eff : rel3.0.0 : 12 : v022-eusb2-tsmc3eff-12-ns
tsmc3eff : rel3.0.0 : 12 : u145-cmnblks-tsmc3eff-12
tsmc3eff : rel3.0.0 : 12 : s001-pms-5188dts2-tsmc3eff-12
tsmc3eff : rel3.0.0 : 12 : s001-pms-5187cat-tsmc3eff-12
tsmc3eff : rel3.0.0 : 12 : s001-pms-5186pd-tsmc3eff-12
tsmc3eff : rel3.0.0 : 12 : s001-pms-5185vm-tsmc3eff-12
tsmc3eff : rel3.0.0 : 12 : s001-pms-5184ts-tsmc3eff-12
tsmc3eff : rel3.0.0 : 12 : s001-pms-5183td-tsmc3eff-12
tsmc3eff : rel3.0.0 : 12 : p269-program-microsoft_kendall-tsmc3eff-12
tsmc3eff : rel3.0.0 : 12 : m0144-mem-tsmc3eff-ts03nxg41p11sadcl1m2s
tsmc3eff : rel3.0.0 : 12_heraklion : v020-eusb2-tsmc3eff-12-ns
tsmc3eff : rel3.0.0 : 12_heraklion : v020-eusb2-tsmc3eff-12-ns
tsmc3eff : rel3.0.0 : 12_heraklion : u146-cmnblks-tsmc3eff-heraklion-12
tsmc3eff : rel3.0.0 : 12_heraklion : l269-std-tsmc3eff-1.2v_heraklion
tsmc3eff : rel3.0.0 : 12_heraklion : g168-dphy-tsmc3eff-12
tsmc3eff : rel3.0.0 : 12 : h131-ucie-tsmc3eff-12
tsmc3eff : rel3.0.0 : 12 : g320-dphy-cphy-tsmc3eff-12
tsmc3eff : rel3.0.0 : 12 : g317-dphy-cphy-tsmc3eff-12
tsmc3eff : rel3.0.0 : 12 : f511-gpio-tsmc3eff-12
tsmc3eff : rel3.0.0 : 12 : d931-lpddr5x-tsmc3eff-12
tsmc3eff : rel3.0.0 : 12 : d912-ddr5-tsmc3eff-12
tsmc3eff : rel3.0.0 : 12 : d763-hbm3-v2-tsmc3eff-12-ew
tsmc3eff : rel2.1.0 : 12 : x571-pcie6-tsmc3eff-12-ns
tsmc3eff : rel2.1.0 : 12 : x227-xsr-tsmc3eff-12-ns
tsmc3eff : rel2.1.0 : 12 : n416-c20-tsmc3eff-12-ns
tsmc3eff : rel2.1.0 : 12 : l269-std-tsmc3eff-1.2v
tsmc3eff : rel2.1.0 : 12 : h123-ohbi2-tsmc3eff-12-ns
tsmc3eff : rel2.1.0 : 12 : d911-ddr5-tsmc3eff-12
tsmc3eff : rel1.0.0 : 12 : x226-xsr-tsmc3eff-12-ns
