y010-alpha-esdlib-tsmc7ff-1.8v.txt
INFO: common common "c239-tsmc7ff-1.8v"
INFO: SKIPPED. NOT RELEASE VESION.

y003-alpha-tmon-tsmc7ff-1.8v.txt
INFO: tsmc6ff 18_amd" 
INFO: SKIPPED. NOT RELEASE VESION.

y015-alpha-clkgen-tsmc7ff-1.8v.txt
INFO: tsmc7ff 18" 
INFO: SKIPPED. NOT RELEASE VESION.

n201-c10-tsmc7ff-18-ns.txt
INFO: tsmc7ff 18 rel6.1.1
INFO: DONE

n601-dpalt-c10-tsmc7ff-18-ns.txt
INFO: tsmc7ff 18 rel5.2.0
ERROR: IcvRunDRC not defined.
tsmc7ff-18_11M_2X_hv_1Ya_h_5Y_vhvhv_2R : /remote/cad-rep/proj/c239-tsmc7ff-1.8v/rel5.2.0/cad/11M_2X_hv_1Ya_h_5Y_vhvhv_2R/env.tcl
ERROR: IcvRunDRC not defined.
tsmc7ff-18_12M_1X_h_1Xa_v_1Ya_h_4Y_vhvh_2Yy2R : /remote/cad-rep/proj/c239-tsmc7ff-1.8v/rel5.2.0/cad/12M_1X_h_1Xa_v_1Ya_h_4Y_vhvh_2Yy2R/env.tcl
ERROR: IcvRunDRC not defined.
tsmc7ff-18_13M_1X_h_1Xa_v_1Ya_h_5Y_vhvhv_2Yy2R : /remote/cad-rep/proj/c239-tsmc7ff-1.8v/rel5.2.0/cad/13M_1X_h_1Xa_v_1Ya_h_5Y_vhvhv_2Yy2R/env.tcl
ERROR: IcvRunDRC not defined.
tsmc7ff-18_13M_1X_h_1Xa_v_1Ya_h_5Y_vhvhv_2Yy2Z : /remote/cad-rep/proj/c239-tsmc7ff-1.8v/rel5.2.0/cad/13M_1X_h_1Xa_v_1Ya_h_5Y_vhvhv_2Yy2Z/env.tcl
ERROR: IcvRunDRC not defined.
tsmc7ff-18_15M_1X_h_1Xa_v_1Ya_h_5Y_vhvhv_2Yy2Yx2R : /remote/cad-rep/proj/c239-tsmc7ff-1.8v/rel5.2.0/cad/15M_1X_h_1Xa_v_1Ya_h_5Y_vhvhv_2Yy2Yx2R/env.tcl
ERROR: IcvRunDRC not defined.
tsmc7ff-18_9M_2X_hv_1Ya_h_3Y_vhv_2Z : /remote/cad-rep/proj/c239-tsmc7ff-1.8v/rel5.2.0/cad/9M_2X_hv_1Ya_h_3Y_vhv_2Z/env.tcl
n203-c10-tsmc7ff-18-ns.txt
INFO: tsmc7ff 18_nicosia rel4.2.0
ERROR: IcvRunDRC not defined.
tsmc7ff-18_nicosia_12M_1X_h_1Xa_v_1Ya_h_4Y_vhvh_2Yy2Z : /remote/cad-rep/proj/c240-tsmc7ff-1.8v_nicosia/rel4.2.0/cad/12M_1X_h_1Xa_v_1Ya_h_4Y_vhvh_2Yy2Z/env.tcl
n205-c10-tsmc7ff-18-ns.txt
INFO: tsmc7ff 18 rel7.0.0
INFO: DONE

n201-diffbuf-tsmc7ff-ns.txt
INFO: tsmc7ff 18 rel6.2.0
INFO: DONE

n605-c10-tsmc7ff-18-ns.txt
INFO: tsmc7ff 18 
INFO: SKIPPED. NOT RELEASE VESION.

n611-dpalt-c10-tsmc7ff-18-ns.txt
INFO: tsmc7ff 18 rel7.0.0
INFO: DONE

n212-c10-tsmc7ff-18-ns.txt
INFO: program program p239-program-amd_sephiroth-tsmc7ff-18
INFO: SKIPPED. NOT RELEASE VESION.

n220-c10-tsmc7ff-18-ns.txt
INFO: tsmc7ff 18 
INFO: SKIPPED. NOT RELEASE VESION.

n222-c10-tsmc7ff-18-ns.txt
INFO: tsmc7ff 18 rel9.12.0
INFO: DONE

u107-cmnblks-tsmc7ff-18-ns.txt
INFO: tsmc7ff 18 
INFO: SKIPPED. NOT RELEASE VESION.

u109-cmnblks-tsmc7ff-18-ns_nicosia.txt
INFO: tsmc7ff 18_nicosia rel4.2.0
ERROR: IcvRunDRC not defined.
tsmc7ff-18_nicosia_12M_1X_h_1Xa_v_1Ya_h_4Y_vhvh_2Yy2Z : /remote/cad-rep/proj/c240-tsmc7ff-1.8v_nicosia/rel4.2.0/cad/12M_1X_h_1Xa_v_1Ya_h_4Y_vhvh_2Yy2Z/env.tcl
u116-cmnblks-tsmc7ff-18-ns_qcom.txt
INFO: tsmc7ff 18_qcom 
INFO: SKIPPED. NOT RELEASE VESION.

e321-hdmi-txphy-tsmc7ff-18.txt
INFO: tsmc7ff 18 rel9.3.0
ERROR: IcvRunDRC not defined.
tsmc7ff-18_14M_1X_h_1Xa_v_1Ya_h_5Y_vhvhv_2Yy3R : /remote/cad-rep/proj/c239-tsmc7ff-1.8v/rel9.3.0/cad/14M_1X_h_1Xa_v_1Ya_h_5Y_vhvhv_2Yy3R/env.tcl
INFO: DONE

e708-hdmi21-rxphy-tsmc7ff-18.txt
INFO: tsmc7ff 18 rel9.12.0
INFO: DONE

e708-hdmi21-earctx-tsmc7ff-18.txt
INFO: hdmi hdmi e708-hdmi21-rxphy-tsmc7ff-18
INFO: SKIPPED. NOT RELEASE VESION.

h035-hsic-tsmc7ff-0.75v-1.8v-ns.txt
INFO: Reference Reference 
INFO: SKIPPED. NOT RELEASE VESION.

g131-dphy-tsmc7ff-18.txt
INFO: tsmc7ff 18_nicosia 
INFO: SKIPPED. NOT RELEASE VESION.

g137-dphy-tsmc7ff-18.txt
INFO: tsmc7ff 18 rel9.10.0
INFO: DONE

g241-mphy-tsmc7ff-18.txt
INFO: tsmc7ff 18 rel6.1.1
INFO: DONE

g143-dphy-tsmc7ff-18.txt
INFO:   
INFO: SKIPPED. NOT RELEASE VESION.

g302-dphy-cphy-tsmc7ff-18.txt
INFO: tsmc7ff 18 rel9.10.0
INFO: DONE

g147-dphy-tsmc7ff-18.txt
INFO: tsmc7ff 18 
INFO: SKIPPED. NOT RELEASE VESION.

g306-dphy-cphy-tsmc7ff-18.txt
INFO: tsmc7ff 18 rel9.5.0
INFO: DONE

g162-dphy-tsmc7ff-18.txt
INFO: tsmc7ff 18 rel9.12.0
INFO: DONE

z19607-pll-tsmc7ff-18.txt
INFO: tsmc7ff 18 rel9.5.0
INFO: DONE

l239-std-tsmc7ff-1.8v.txt
INFO: tsmc7ff 18 rel9.0.0
INFO: DONE

t888-hbi-tsmc7ff-18.txt
INFO: tsmc7ff 18 
INFO: SKIPPED. NOT RELEASE VESION.

t999-training-tsmc7ff-18-ns.txt
INFO: tsmc7ff 18 rel9.9.0
INFO: DONE

t125-training-tsmc7ff-1.8v.txt
INFO: tsmc7ff 18 rel9.9.0
INFO: DONE

t998-training-tsmc7ff-18-ew.txt
INFO: tsmc7ff 18 
INFO: SKIPPED. NOT RELEASE VESION.

x655-usb2-tsmc7ff-18-ns.txt
INFO: Reference Reference 
INFO: SKIPPED. NOT RELEASE VESION.

x656-usb2-tsmc7ff-18-ns.txt
INFO: tsmc7ff 18_amd rel2.0.2
ERROR: IcvRunDRC not defined.
tsmc7ff-18_amd_13M_1X_h_1Xa_v_1Ya_h_5Y_vhvhv_2Yy2Z_SHDMIM : /remote/cad-rep/proj/c239-tsmc7ff-1.8v_amd/rel2.0.2/cad/13M_1X_h_1Xa_v_1Ya_h_5Y_vhvhv_2Yy2Z_SHDMIM/env.tcl
x663-usb2-tsmc7ff-18-ns.txt
INFO: tsmc7ff 18_qcom rel4.1.0
INFO: DONE

x664-usb2-tsmc7ff-18-ns.txt
INFO: tsmc7ff 18 rel8.0.0
INFO: DONE

x671-usb2-tsmc7ff-18-ns.txt
INFO: tsmc7ff 18 rel9.11.0
INFO: DONE

x684-usb2-tsmc7ff-pvtool-1.8v.txt
INFO: tsmc6ff 18 rel2.1.0
INFO: DONE

x717-usb2-tsmc7ff-18-ns.txt
INFO: tsmc7ff 18 rel9.12.0
INFO: DONE

d519-ddr43-tsmc7ff18.txt
INFO: tsmc7ff 18 rel9.3.0
ERROR: IcvRunDRC not defined.
tsmc7ff-18_14M_1X_h_1Xa_v_1Ya_h_5Y_vhvhv_2Yy3R : /remote/cad-rep/proj/c239-tsmc7ff-1.8v/rel9.3.0/cad/14M_1X_h_1Xa_v_1Ya_h_5Y_vhvhv_2Yy3R/env.tcl
INFO: DONE

x047-e16-tsmc7ff-18-ns.txt
INFO: CCS CCS to
INFO: SKIPPED. NOT RELEASE VESION.

p011-emclk-tsmc7ff-1.8.txt
INFO: CCS CCS "c239-tsmc7ff-1.8v"
INFO: SKIPPED. NOT RELEASE VESION.

d539-lpddr4mv2-tsmc7ff18.txt
INFO: tsmc7ff 18 
INFO: SKIPPED. NOT RELEASE VESION.

d710-hbm2-tsmc7ff18.txt
INFO: tsmc7ff 18" "rel6.1.1"
INFO: SKIPPED. NOT RELEASE VESION.

d711-hbm2-tsmc7ff18.txt
INFO: tsmc7ff 18" "rel7.2.1"
INFO: SKIPPED. NOT RELEASE VESION.

d712-hbm2-tsmc7ff18.txt
INFO: tsmc7ff 18" "rel6.2.0"
INFO: SKIPPED. NOT RELEASE VESION.

d714-hbm2-tsmc7ff18.txt
INFO: tsmc7ff_plus 18 rel3.0.0
INFO: DONE

d714-hbm2e-tsmc7ff18.txt
INFO: tsmc7ff 18 rel9.4.0
ERROR: IcvRunDRC not defined.
tsmc7ff-18_14M_1X_h_1Xa_v_1Ya_h_5Y_vhvhv_2Yy3R : /remote/cad-rep/proj/c239-tsmc7ff-1.8v/rel9.4.0/cad/14M_1X_h_1Xa_v_1Ya_h_5Y_vhvhv_2Yy3R/env.tcl
INFO: DONE

d716-hbm2e-tsmc7ff18.txt
INFO: tsmc7ff 18 rel9.12.0
INFO: DONE

q240-tsmc7ff-1.8v_nicosia.txt
INFO: Reference Reference 
INFO: SKIPPED. NOT RELEASE VESION.

q002-tsmc7ff-1.8v_nicosia.txt
INFO: #===========================> #===========================> 
INFO: SKIPPED. NOT RELEASE VESION.

q003-tsmc7ff-1.8v_nicosia.txt
INFO:   
INFO: SKIPPED. NOT RELEASE VESION.

t018-pqv-tsmc7ff-1.8v.txt
INFO: CCS CCS "c239-tsmc7ff-1.8v"
INFO: SKIPPED. NOT RELEASE VESION.

l004-tio-tsmc7ff-1.8v.txt
INFO: tsmc7ff 18 
INFO: SKIPPED. NOT RELEASE VESION.

c239-tsmc7ff-1.8v.txt
INFO:   
INFO: SKIPPED. NOT RELEASE VESION.

y220-emmc-tsmc7ff-1.8v.txt
INFO: tsmc7ff 18" 
INFO: SKIPPED. NOT RELEASE VESION.

y221-emmc-tsmc7ff-1.8v.txt
INFO: tsmc7ff 18 rel9.6.0
INFO: DONE

x086-e25-tsmc7ff-18-ns.txt
INFO: tsmc7ff 18" 
INFO: SKIPPED. NOT RELEASE VESION.

x081-e25-tsmc7ff-18-ns.txt
INFO: tsmc7ff 18_graphcore rel1.4.0
INFO: DONE

d589-ddr45-lite-tsmc7ff18.txt
INFO: tsmc7ff 18_qcom" "rel4.1.0"
INFO: SKIPPED. NOT RELEASE VESION.

d809-ddr54-tsmc7ff18.txt
INFO: tsmc7ff 18" "rel9.4.0"
INFO: SKIPPED. NOT RELEASE VESION.

d819-ddr54-cuamd-tsmc7ff18.txt
INFO: tsmc7ff 18" "rel9.3.0"
INFO: SKIPPED. NOT RELEASE VESION.

d839-ddr54v2-tsmc7ff18.txt
INFO: tsmc7ff 18 rel9.9.0
INFO: DONE

d549-lpddr4xm-tsmc7ff18.txt
INFO: tsmc7ff 18 rel6.5.0
INFO: DONE

d569-lpddr4xm-custm-tsmc7ff18.txt
INFO: tsmc7ff 18_st 
INFO: SKIPPED. NOT RELEASE VESION.

d569-lpddr4xm-HD-ST-EyeQ5-sow1684-tsmc7ff18.txt
INFO: tsmc7ff 18 
INFO: SKIPPED. NOT RELEASE VESION.

x320-e32-tsmc7ff-18-ns.txt
INFO: tsmc7ff 18 rel9.8.0
INFO: DONE

x344-e32-ldo-tsmc7ff-18-ns.txt
INFO: tsmc7ff 18 rel9.5.0
INFO: DONE

x345-e32-tsmc7ff-18-ns.txt
INFO: tsmc7ff 18 rel9.8.0
INFO: DONE

x350-e32-tsmc7ff-18-ns.txt
INFO: tsmc7ff 18 rel9.7.0
INFO: DONE

n201-diffbuf-tsmc7ff-ns.txt
INFO: tsmc7ff 18 rel6.2.0
INFO: DONE

o201-diffbuf-tsmc7ff-18-ns.txt
INFO: tsmc7ff 18 
INFO: SKIPPED. NOT RELEASE VESION.

x560-e56-tsmc7ff-18-ns.txt
INFO: tsmc7ff 18_graphcore rel1.2.0
INFO: DONE

x560-e56ec-tsmc7ff-18-ns.txt
INFO: tsmc7ff 18" 
INFO: SKIPPED. NOT RELEASE VESION.

d859-lpddr54-tsmc7ff18.txt
INFO: tsmc7ff 18 rel9.6.0
INFO: DONE

d879-ap2-lpddr54-tsmc7ff18.txt
INFO: tsmc7ff 18 
INFO: SKIPPED. NOT RELEASE VESION.

d869-lpddr54-tsmc7ff18_AMD.txt
INFO:   
INFO: SKIPPED. NOT RELEASE VESION.

d869-lpddr54-cuamd-tsmc7ff18.txt
INFO: tsmc7ff 18_amd 
INFO: SKIPPED. NOT RELEASE VESION.

d879-lpddr54-tsmc7ff18.txt
INFO: tsmc7ff 18 rel9.6.0
INFO: DONE

d000-lpddr54-tsmc7ff18.txt
INFO: tsmc7ff 18 
INFO: SKIPPED. NOT RELEASE VESION.

d859-lpddr54-tsmc7ff18_ST.txt
INFO: tsmc7ff 18 rel9.6.0
INFO: DONE

d889-lpddr54-cuint-a1-tsmc7ff18.txt
INFO: tsmc7ff 18 rel9.4.0
ERROR: IcvRunDRC not defined.
tsmc7ff-18_14M_1X_h_1Xa_v_1Ya_h_5Y_vhvhv_2Yy3R : /remote/cad-rep/proj/c239-tsmc7ff-1.8v/rel9.4.0/cad/14M_1X_h_1Xa_v_1Ya_h_5Y_vhvhv_2Yy3R/env.tcl
INFO: DONE

d899-lpddr54-cuint-a2-tsmc7ff18.txt
INFO: tsmc7ff 18 rel9.4.0
ERROR: IcvRunDRC not defined.
tsmc7ff-18_14M_1X_h_1Xa_v_1Ya_h_5Y_vhvhv_2Yy3R : /remote/cad-rep/proj/c239-tsmc7ff-1.8v/rel9.4.0/cad/14M_1X_h_1Xa_v_1Ya_h_5Y_vhvhv_2Yy3R/env.tcl
INFO: DONE

t123-pcs_enbl-tsmc7ff-18.txt
INFO: tsmc7ff 18 
INFO: SKIPPED. NOT RELEASE VESION.

x162-c16-tsmc7ff-18-ns.txt
INFO: tsmc7ff 18 rel9.6.0
INFO: DONE

t124-pvswitches-tsmc7ff-18.txt
INFO: tsmc7ff 18 rel6.0.0
INFO: DONE

v006-eusb2-tsmc7ff-18-ns.txt
INFO: tsmc7ff 18 
INFO: SKIPPED. NOT RELEASE VESION.

w170-nvm-otp-xhbsc-tsmc7ff-1.8v.txt
INFO: tsmc7ff 18 
INFO: SKIPPED. NOT RELEASE VESION.

w005-nvm-otp-commonLibs-tsmc7ff-1.8v.txt
INFO: tsmc7ff 18 
INFO: SKIPPED. NOT RELEASE VESION.

w262-nvm-otp-shfg3-tsmc7ff-1.8v.txt
INFO: tsmc7ff 18 rel9.0.0
INFO: DONE

w271-nvm-otp-fusebox-tsmc7ff-1.8v.txt
INFO: tsmc7ff 18 
INFO: SKIPPED. NOT RELEASE VESION.

w279-nvm-otp-ops-tsmc7ff-1.8v.txt
INFO: tsmc7ff 18 rel9.3.0
ERROR: IcvRunDRC not defined.
tsmc7ff-18_14M_1X_h_1Xa_v_1Ya_h_5Y_vhvhv_2Yy3R : /remote/cad-rep/proj/c239-tsmc7ff-1.8v/rel9.3.0/cad/14M_1X_h_1Xa_v_1Ya_h_5Y_vhvhv_2Yy3R/env.tcl
INFO: DONE

w292-nvm-otp-shfg4xpm-tsmc7ff-1.8v.txt
INFO: tsmc7ff 18 rel9.10.0
INFO: DONE

x580-e112-tsmc7ff-18-ns.txt
INFO: tsmc7ff 18 rel9.9.0
INFO: DONE

x580-e112ec-tsmc7ff-18-ns.txt
INFO: tsmc7ff 18" 
INFO: SKIPPED. NOT RELEASE VESION.

x583-e112-tsmc7ff-18-ns.txt
INFO: tsmc7ff 18 rel9.12.0
INFO: DONE

n405-c20-tsmc7ff-18-ns.txt
INFO: tsmc7ff 18 rel9.12.0
INFO: DONE

x160-c16-tsmc7ff-18-ns.txt
INFO: tsmc7ff 18" 
INFO: SKIPPED. NOT RELEASE VESION.

x162-c16-tsmc7ff-18-ns.txt
INFO: tsmc7ff 18 rel9.6.0
INFO: DONE

x220-xsr-tsmc7ff-18-ns.txt
INFO: tsmc7ff 18 rel9.4.0
ERROR: IcvRunDRC not defined.
tsmc7ff-18_14M_1X_h_1Xa_v_1Ya_h_5Y_vhvhv_2Yy3R : /remote/cad-rep/proj/c239-tsmc7ff-1.8v/rel9.4.0/cad/14M_1X_h_1Xa_v_1Ya_h_5Y_vhvhv_2Yy3R/env.tcl
INFO: DONE

t123-pcs_enbl-tsmc7ff-18.txt
INFO: tsmc7ffp 18_nicosia rel2.2.0
INFO: DONE

t345-pcs_enbl-tsmc7ff-18.txt
INFO: tsmc7ff 18 
INFO: SKIPPED. NOT RELEASE VESION.

h101-hbi-x24_aib-tsmc7ff-ew.txt
INFO: tsmc7ff 18 rel9.4.0
ERROR: IcvRunDRC not defined.
tsmc7ff-18_14M_1X_h_1Xa_v_1Ya_h_5Y_vhvhv_2Yy3R : /remote/cad-rep/proj/c239-tsmc7ff-1.8v/rel9.4.0/cad/14M_1X_h_1Xa_v_1Ya_h_5Y_vhvhv_2Yy3R/env.tcl
INFO: DONE

h107-hbi-x20_aib-tsmc7ff-ns.txt
INFO: hbi hbi h107-hbi-x20_aib-tsmc7ff-ns
INFO: SKIPPED. NOT RELEASE VESION.

f512-gpio-tsmc7ff-1.8v.txt
INFO: tsmc7ff 18 
INFO: SKIPPED. NOT RELEASE VESION.

f712-gpio-lvds-tsmc7ff-1.8v.txt
INFO: tsmc7ff 18 
INFO: SKIPPED. NOT RELEASE VESION.

s001-pms-5042tstd-tsmc7ff-18.txt
INFO: tsmc7ff 18 rel9.9.0
INFO: DONE

s001-pms-5056pvtc-tsmc7ff-18.txt
INFO: tsmc7ff 18 rel9.9.0
INFO: DONE

s001-pms-5042td-tsmc7ff-18.txt
INFO: tsmc7ff 18 rel9.9.0
INFO: DONE

s001-pms-5052vm-tsmc7ff-18.txt
INFO: tsmc7ff 18 rel9.12.0
INFO: DONE

s001-pms-5051pd-tsmc7ff-18.txt
INFO: tsmc7ff 18 rel9.9.0
INFO: DONE

s001-pms-5200tdauto-tsmc7ff-18.txt
INFO: tsmc7ff 18 rel9.12.0
INFO: DONE

s001-pms-5199tsauto-tsmc7ff-18.txt
INFO: tsmc7ff 18 rel9.12.0
INFO: DONE

s001-pms-5202vmauto-tsmc7ff-18.txt
INFO: tsmc7ff 18 rel9.12.0
INFO: DONE

s001-pms-5201pdauto-tsmc7ff-18.txt
INFO: tsmc7ff 18 rel9.12.0
INFO: DONE

p239-program-socionext_pchip007-tsmc7ff-18.txt
INFO: tsmc7ff 18 rel9.9.0
INFO: DONE

p239-program-amd_sephiroth-tsmc7ff-18.txt
INFO: tsmc7ff 18 
INFO: SKIPPED. NOT RELEASE VESION.

