tsmc7ff : rel9.9.0 : 18 : x580-e112-tsmc7ff-18-ns
tsmc7ff : rel9.9.0 : 18 : t999-training-tsmc7ff-18-ns
tsmc7ff : rel9.9.0 : 18 : t125-training-tsmc7ff-1.8v
tsmc7ff : rel9.9.0 : 18 : s001-pms-5056pvtc-tsmc7ff-18
tsmc7ff : rel9.9.0 : 18 : s001-pms-5051pd-tsmc7ff-18
tsmc7ff : rel9.9.0 : 18 : s001-pms-5042tstd-tsmc7ff-18
tsmc7ff : rel9.9.0 : 18 : s001-pms-5042td-tsmc7ff-18
tsmc7ff : rel9.9.0 : 18 : p239-program-socionext_pchip007-tsmc7ff-18
tsmc7ff : rel9.9.0 : 18 : d839-ddr54v2-tsmc7ff18
tsmc7ff : rel9.8.0 : 18 : x345-e32-tsmc7ff-18-ns
tsmc7ff : rel9.8.0 : 18 : x320-e32-tsmc7ff-18-ns
tsmc7ff : rel9.7.0 : 18 : x350-e32-tsmc7ff-18-ns
tsmc7ff : rel9.6.0 : 18 : y221-emmc-tsmc7ff-1.8v
tsmc7ff : rel9.6.0 : 18 : x162-c16-tsmc7ff-18-ns
tsmc7ff : rel9.6.0 : 18 : x162-c16-tsmc7ff-18-ns
tsmc7ff : rel9.6.0 : 18 : d879-lpddr54-tsmc7ff18
tsmc7ff : rel9.6.0 : 18 : d859-lpddr54-tsmc7ff18_ST
tsmc7ff : rel9.6.0 : 18 : d859-lpddr54-tsmc7ff18
tsmc7ff : rel9.5.0 : 18 : z19607-pll-tsmc7ff-18
tsmc7ff : rel9.5.0 : 18 : x344-e32-ldo-tsmc7ff-18-ns
tsmc7ff : rel9.5.0 : 18 : g306-dphy-cphy-tsmc7ff-18
tsmc7ff : rel9.4.0 : 18 : x220-xsr-tsmc7ff-18-ns
tsmc7ff : rel9.4.0 : 18 : h101-hbi-x24_aib-tsmc7ff-ew
tsmc7ff : rel9.4.0 : 18 : d899-lpddr54-cuint-a2-tsmc7ff18
tsmc7ff : rel9.4.0 : 18 : d889-lpddr54-cuint-a1-tsmc7ff18
tsmc7ff : rel9.4.0 : 18 : d714-hbm2e-tsmc7ff18
tsmc7ff : rel9.3.0 : 18 : w279-nvm-otp-ops-tsmc7ff-1.8v
tsmc7ff : rel9.3.0 : 18 : e321-hdmi-txphy-tsmc7ff-18
tsmc7ff : rel9.3.0 : 18 : d519-ddr43-tsmc7ff18
tsmc7ff : rel9.12.0 : 18 : x717-usb2-tsmc7ff-18-ns
tsmc7ff : rel9.12.0 : 18 : x583-e112-tsmc7ff-18-ns
tsmc7ff : rel9.12.0 : 18 : s001-pms-5202vmauto-tsmc7ff-18
tsmc7ff : rel9.12.0 : 18 : s001-pms-5201pdauto-tsmc7ff-18
tsmc7ff : rel9.12.0 : 18 : s001-pms-5200tdauto-tsmc7ff-18
tsmc7ff : rel9.12.0 : 18 : s001-pms-5199tsauto-tsmc7ff-18
tsmc7ff : rel9.12.0 : 18 : s001-pms-5052vm-tsmc7ff-18
tsmc7ff : rel9.12.0 : 18 : n405-c20-tsmc7ff-18-ns
tsmc7ff : rel9.12.0 : 18 : n222-c10-tsmc7ff-18-ns
tsmc7ff : rel9.12.0 : 18 : g162-dphy-tsmc7ff-18
tsmc7ff : rel9.12.0 : 18 : e708-hdmi21-rxphy-tsmc7ff-18
tsmc7ff : rel9.12.0 : 18 : d716-hbm2e-tsmc7ff18
tsmc7ff : rel9.11.0 : 18 : x671-usb2-tsmc7ff-18-ns
tsmc7ff : rel9.10.0 : 18 : w292-nvm-otp-shfg4xpm-tsmc7ff-1.8v
tsmc7ff : rel9.10.0 : 18 : g302-dphy-cphy-tsmc7ff-18
tsmc7ff : rel9.10.0 : 18 : g137-dphy-tsmc7ff-18
tsmc7ff : rel9.0.0 : 18 : w262-nvm-otp-shfg3-tsmc7ff-1.8v
tsmc7ff : rel9.0.0 : 18 : l239-std-tsmc7ff-1.8v
tsmc7ff : rel8.0.0 : 18 : x664-usb2-tsmc7ff-18-ns
tsmc7ff : rel7.0.0 : 18 : n611-dpalt-c10-tsmc7ff-18-ns
tsmc7ff : rel7.0.0 : 18 : n205-c10-tsmc7ff-18-ns
tsmc7ff : rel6.5.0 : 18 : d549-lpddr4xm-tsmc7ff18
tsmc7ff : rel6.2.0 : 18 : n201-diffbuf-tsmc7ff-ns
tsmc7ff : rel6.2.0 : 18 : n201-diffbuf-tsmc7ff-ns
tsmc7ff : rel6.1.1 : 18 : n201-c10-tsmc7ff-18-ns
tsmc7ff : rel6.1.1 : 18 : g241-mphy-tsmc7ff-18
tsmc7ff : rel6.0.0 : 18 : t124-pvswitches-tsmc7ff-18
tsmc7ff : rel5.2.0 : 18 : n601-dpalt-c10-tsmc7ff-18-ns
tsmc7ff : rel4.2.0 : 18_nicosia : u109-cmnblks-tsmc7ff-18-ns_nicosia
tsmc7ff : rel4.2.0 : 18_nicosia : n203-c10-tsmc7ff-18-ns
tsmc7ff : rel4.1.0 : 18_qcom : x663-usb2-tsmc7ff-18-ns
tsmc7ff : rel2.0.2 : 18_amd : x656-usb2-tsmc7ff-18-ns
tsmc7ff : rel1.4.0 : 18_graphcore : x081-e25-tsmc7ff-18-ns
tsmc7ff : rel1.2.0 : 18_graphcore : x560-e56-tsmc7ff-18-ns
tsmc7ffp : rel2.2.0 : 18_nicosia : t123-pcs_enbl-tsmc7ff-18
tsmc7ff_plus : rel3.0.0 : 18 : d714-hbm2-tsmc7ff18
tsmc6ff : rel2.1.0 : 18 : x684-usb2-tsmc7ff-pvtool-1.8v
