Information: Process ID for tool: 62858
SNPS_INFO   : SCRIPT_START : /remote/cad-rep/msip/tools/Lynxtools/pcsqa/2021.09-SP1-1/scripts_global/qa_scripts/check_pcs_remote.tcl : Tue Jul 19 12:13:53 2022
SNPS_INFO   : SCRIPT_START : /remote/cad-rep/msip/tools/Lynxtools/pcsqa/2021.09-SP1-1/scripts_global/conf/header_start.tcl : Tue Jul 19 12:13:53 2022
SNPS_INFO   : SCRIPT_START : /remote/cad-rep/msip/tools/Lynxtools/pcsqa/2021.09-SP1-1/scripts_global/rtm_shell/rtm_init_public.tcl : Tue Jul 19 12:13:53 2022
SNPS_INFO   : SCRIPT_STOP : /remote/cad-rep/msip/tools/Lynxtools/pcsqa/2021.09-SP1-1/scripts_global/rtm_shell/rtm_init_public.tcl : Tue Jul 19 12:13:53 2022
set SEV(gscript_dir) /slowfs/dcopt103/alvaro/sgscratch/pcsqa/scripts_global
set SEV(tscript_dir) /slowfs/dcopt103/alvaro/sgscratch/pcsqa/scripts_tech
set SEV(pscript_dir) /slowfs/dcopt103/alvaro/sgscratch/pcsqa/scripts_project
SNPS_INFO   : SCRIPT_START : /remote/cad-rep/msip/tools/Lynxtools/pcsqa/2021.09-SP1-1/scripts_global/conf/sev_values.tcl : Tue Jul 19 12:13:53 2022
SNPS_INFO   : SCRIPT_STOP : /remote/cad-rep/msip/tools/Lynxtools/pcsqa/2021.09-SP1-1/scripts_global/conf/sev_values.tcl : Tue Jul 19 12:13:53 2022
SNPS_INFO   : SCRIPT_START : /slowfs/dcopt103/alvaro/sgscratch/pcsqa/builds/hbm3-d763-hbm3-v2-tsmc3eff-12-ew-rel1.00_EWHardened/scripts_build/conf/sev_values.tcl : Tue Jul 19 12:13:53 2022
SNPS_INFO   : SCRIPT_STOP : /slowfs/dcopt103/alvaro/sgscratch/pcsqa/builds/hbm3-d763-hbm3-v2-tsmc3eff-12-ew-rel1.00_EWHardened/scripts_build/conf/sev_values.tcl : Tue Jul 19 12:13:53 2022
SNPS_INFO   : SCRIPT_START : /remote/cad-rep/msip/tools/Lynxtools/pcsqa/2021.09-SP1-1/scripts_global/conf/system_setup.tcl : Tue Jul 19 12:13:53 2022
SNPS_INFO   : Tracelog is not enabled
SNPS_INFO   : SCRIPT_STOP : /remote/cad-rep/msip/tools/Lynxtools/pcsqa/2021.09-SP1-1/scripts_global/conf/system_setup.tcl : Tue Jul 19 12:13:53 2022
SNPS_INFO   : SCRIPT_START : /slowfs/dcopt103/alvaro/sgscratch/pcsqa/builds/hbm3-d763-hbm3-v2-tsmc3eff-12-ew-rel1.00_EWHardened/scripts_build/conf/svar_values.tcl : Tue Jul 19 12:13:53 2022
SNPS_INFO   : SCRIPT_STOP : /slowfs/dcopt103/alvaro/sgscratch/pcsqa/builds/hbm3-d763-hbm3-v2-tsmc3eff-12-ew-rel1.00_EWHardened/scripts_build/conf/svar_values.tcl : Tue Jul 19 12:13:53 2022
SNPS_INFO   : SCRIPT_START : /remote/cad-rep/msip/tools/Lynxtools/pcsqa/2021.09-SP1-1/scripts_global/procs/procs_user.tcl : Tue Jul 19 12:13:53 2022
SNPS_INFO   : SCRIPT_STOP : /remote/cad-rep/msip/tools/Lynxtools/pcsqa/2021.09-SP1-1/scripts_global/procs/procs_user.tcl : Tue Jul 19 12:13:53 2022
SNPS_INFO   : SCRIPT_STOP : /remote/cad-rep/msip/tools/Lynxtools/pcsqa/2021.09-SP1-1/scripts_global/conf/header_start.tcl : Tue Jul 19 12:13:53 2022
SNPS_INFO   : SCRIPT_START : /remote/cad-rep/msip/tools/Lynxtools/pcsqa/2021.09-SP1-1/scripts_global/conf/header_stop.tcl : Tue Jul 19 12:13:53 2022
SNPS_INFO   : SCRIPT_START : /slowfs/dcopt103/alvaro/sgscratch/pcsqa/builds/hbm3-d763-hbm3-v2-tsmc3eff-12-ew-rel1.00_EWHardened/qa_step/2_check_pcs_sites_us01/logs/check_pcs_sites_us01.tev.varfile : Tue Jul 19 12:13:53 2022
SNPS_INFO   : SCRIPT_STOP : /slowfs/dcopt103/alvaro/sgscratch/pcsqa/builds/hbm3-d763-hbm3-v2-tsmc3eff-12-ew-rel1.00_EWHardened/qa_step/2_check_pcs_sites_us01/logs/check_pcs_sites_us01.tev.varfile : Tue Jul 19 12:13:53 2022
SNPS_INFO   : SCRIPT_START : /slowfs/dcopt103/alvaro/sgscratch/pcsqa/builds/hbm3-d763-hbm3-v2-tsmc3eff-12-ew-rel1.00_EWHardened/scripts_build/conf/setup.tcl : Tue Jul 19 12:13:53 2022
SNPS_HEADER : ## ------------------------------------- 
SNPS_INFO   : SEV(analysis_task) : 0
SNPS_INFO   : SEV(aro,errors) : 1
SNPS_INFO   : SEV(aro,port) : 32223
SNPS_INFO   : SEV(aro,port,mongo) : 27017
SNPS_INFO   : SEV(aro,server) : panther-lynx1
SNPS_INFO   : SEV(aro,server,mongo) : panther-lynx2
SNPS_INFO   : SEV(bit) : 64
SNPS_INFO   : SEV(block_dir) : /slowfs/dcopt103/alvaro/sgscratch/pcsqa/builds/hbm3-d763-hbm3-v2-tsmc3eff-12-ew-rel1.00_EWHardened
SNPS_INFO   : SEV(block_name) : hbm3-d763-hbm3-v2-tsmc3eff-12-ew-rel1.00_EWHardened
SNPS_INFO   : SEV(bscript_dir) : /slowfs/dcopt103/alvaro/sgscratch/pcsqa/builds/hbm3-d763-hbm3-v2-tsmc3eff-12-ew-rel1.00_EWHardened/scripts_build
SNPS_INFO   : SEV(build_dir) : /slowfs/dcopt103/alvaro/sgscratch/pcsqa/builds/hbm3-d763-hbm3-v2-tsmc3eff-12-ew-rel1.00_EWHardened
SNPS_INFO   : SEV(build_name) : hbm3-d763-hbm3-v2-tsmc3eff-12-ew-rel1.00_EWHardened
SNPS_INFO   : SEV(builds_dir) : /slowfs/dcopt103/alvaro/sgscratch/pcsqa/builds
SNPS_INFO   : SEV(config,flow_xml) : conf/config_flow.xml
SNPS_INFO   : SEV(config,js_method) : grd
SNPS_INFO   : SEV(config,rc_method) : perforce
SNPS_INFO   : SEV(config,tv_method) : modules
SNPS_INFO   : SEV(config,verbosity) : normal
SNPS_INFO   : SEV(dont_exit) : 0
SNPS_INFO   : SEV(dont_run) : 0
SNPS_INFO   : SEV(dst) : 2_check_pcs_sites_us01
SNPS_INFO   : SEV(dst_dir) : /slowfs/dcopt103/alvaro/sgscratch/pcsqa/builds/hbm3-d763-hbm3-v2-tsmc3eff-12-ew-rel1.00_EWHardened/qa_step/2_check_pcs_sites_us01/work
SNPS_INFO   : SEV(dst_name) : 2_check_pcs_sites_us01
SNPS_INFO   : SEV(enable,aro) : 0
SNPS_INFO   : SEV(enable,job) : 1
SNPS_INFO   : SEV(enable,metrics) : 0
SNPS_INFO   : SEV(env,FM_WAIT_LICENSE) : 1
SNPS_INFO   : SEV(env,HERCULES_LICENSE_WAIT) : 1
SNPS_INFO   : SEV(env,ICV_LICENSE_WAIT) : 1
SNPS_INFO   : SEV(env,SNPSLMD_QUEUE) : true
SNPS_INFO   : SEV(env,SNPS_MAX_QUEUETIME) : 60
SNPS_INFO   : SEV(env,SNPS_MAX_WAITTIME) : 600
SNPS_INFO   : SEV(env,STARRC_LICENSE_WAIT) : yes
SNPS_INFO   : SEV(exec_cmd) : sh
SNPS_INFO   : SEV(flow_name) : gen_flow_4
SNPS_INFO   : SEV(flow_order) : 5010001
SNPS_INFO   : SEV(gscript_dir) : /slowfs/dcopt103/alvaro/sgscratch/pcsqa/scripts_global
SNPS_INFO   : SEV(gui) : 0
SNPS_INFO   : SEV(job,misc1) : misc1
SNPS_INFO   : SEV(job,misc2) : misc2
SNPS_INFO   : SEV(job,misc3) : misc3
SNPS_INFO   : SEV(job,misc4) : mt
SNPS_INFO   : SEV(job,options) : 
SNPS_INFO   : SEV(job,queue) : bnormal
SNPS_INFO   : SEV(job,queue_batch) : bnormal
SNPS_INFO   : SEV(job,queue_child) : bnormal
SNPS_INFO   : SEV(job,queue_interactive) : iheavy
SNPS_INFO   : SEV(job,resources) : arch=glinux
SNPS_INFO   : SEV(log_dir) : /slowfs/dcopt103/alvaro/sgscratch/pcsqa/builds/hbm3-d763-hbm3-v2-tsmc3eff-12-ew-rel1.00_EWHardened/qa_step/2_check_pcs_sites_us01/logs
SNPS_INFO   : SEV(log_file) : /slowfs/dcopt103/alvaro/sgscratch/pcsqa/builds/hbm3-d763-hbm3-v2-tsmc3eff-12-ew-rel1.00_EWHardened/qa_step/2_check_pcs_sites_us01/logs/check_pcs_sites_us01.log
SNPS_INFO   : SEV(metrics,errors) : 1
SNPS_INFO   : SEV(metrics,port) : 32222
SNPS_INFO   : SEV(metrics,server) : server_not_defined
SNPS_INFO   : SEV(metrics,server,mongo) : panther-lynx2
SNPS_INFO   : SEV(project_dir) : /global/lynx_dev
SNPS_INFO   : SEV(project_name) : PCSQA
SNPS_INFO   : SEV(pscript_dir) : /slowfs/dcopt103/alvaro/sgscratch/pcsqa/scripts_project
SNPS_INFO   : SEV(publish_dir) : /global/lynx_home/PUBLISH/Lynx
SNPS_INFO   : SEV(release_dir) : /global/lynx_dev/release
SNPS_INFO   : SEV(rpt_dir) : /slowfs/dcopt103/alvaro/sgscratch/pcsqa/builds/hbm3-d763-hbm3-v2-tsmc3eff-12-ew-rel1.00_EWHardened/qa_step/2_check_pcs_sites_us01/rpts
SNPS_INFO   : SEV(script_file) : /slowfs/dcopt103/alvaro/sgscratch/pcsqa/scripts_global/qa_scripts/check_pcs_remote.tcl
SNPS_INFO   : SEV(snapshot_dir) : /global/lynx_dev/snapshot
SNPS_INFO   : SEV(src) : gen_env
SNPS_INFO   : SEV(src_build_name) : hbm3-d763-hbm3-v2-tsmc3eff-12-ew-rel1.00_EWHardened
SNPS_INFO   : SEV(src_dir) : /slowfs/dcopt103/alvaro/sgscratch/pcsqa/builds/hbm3-d763-hbm3-v2-tsmc3eff-12-ew-rel1.00_EWHardened/qa_step/gen_env/work
SNPS_INFO   : SEV(src_name) : gen_env
SNPS_INFO   : SEV(src_step_name) : qa_step
SNPS_INFO   : SEV(step) : qa_step
SNPS_INFO   : SEV(step_dir) : /slowfs/dcopt103/alvaro/sgscratch/pcsqa/builds/hbm3-d763-hbm3-v2-tsmc3eff-12-ew-rel1.00_EWHardened/qa_step
SNPS_INFO   : SEV(step_name) : qa_step
SNPS_INFO   : SEV(task) : check_pcs_sites_us01
SNPS_INFO   : SEV(task_rpt_dir) : /slowfs/dcopt103/alvaro/sgscratch/pcsqa/builds/hbm3-d763-hbm3-v2-tsmc3eff-12-ew-rel1.00_EWHardened/qa_step/2_check_pcs_sites_us01/rpts/check_pcs_sites_us01
SNPS_INFO   : SEV(techlib_dir) : 
SNPS_INFO   : SEV(techlib_name) : 
SNPS_INFO   : SEV(tmp_dir) : /slowfs/dcopt103/alvaro/sgscratch/pcsqa/builds/hbm3-d763-hbm3-v2-tsmc3eff-12-ew-rel1.00_EWHardened/qa_step/2_check_pcs_sites_us01/tmp
SNPS_INFO   : SEV(trace) : 0
SNPS_INFO   : SEV(tscript_dir) : /slowfs/dcopt103/alvaro/sgscratch/pcsqa/scripts_tech
SNPS_INFO   : SEV(variable_group_files,SVAR) : conf/svar_values.tcl conf/svar_defines.xml conf/svar_checks.tcl
SNPS_INFO   : SEV(variable_groups) : SVAR
SNPS_INFO   : SEV(work_dir) : /slowfs/dcopt103/alvaro/sgscratch/pcsqa/builds/hbm3-d763-hbm3-v2-tsmc3eff-12-ew-rel1.00_EWHardened/qa_step/2_check_pcs_sites_us01/work
SNPS_INFO   : SEV(workarea_dir) : /slowfs/dcopt103/alvaro/sgscratch/pcsqa
SNPS_HEADER : ## ------------------------------------- 
SNPS_INFO   : TEV(host) : us01ctxsub1.internal.synopsys.com
SNPS_INFO   : TEV(site) : us01
SNPS_INFO   : TEV(user) : alvaro
SNPS_HEADER : ## ------------------------------------- 
SNPS_INFO   : SCRIPT_START : /remote/cad-rep/msip/tools/Lynxtools/shared/2021.09/conf/procs_user.tcl : Tue Jul 19 12:13:56 2022
SNPS_INFO   : SCRIPT_STOP : /remote/cad-rep/msip/tools/Lynxtools/shared/2021.09/conf/procs_user.tcl : Tue Jul 19 12:13:57 2022
SNPS_INFO   : SCRIPT_STOP : /slowfs/dcopt103/alvaro/sgscratch/pcsqa/builds/hbm3-d763-hbm3-v2-tsmc3eff-12-ew-rel1.00_EWHardened/scripts_build/conf/setup.tcl : Tue Jul 19 12:13:57 2022
SNPS_INFO   : PROC_START : sproc_metric_system
SNPS_INFO  : METRIC    | TIMESTAMP SYS.START_TIME   | 1658247237
SNPS_INFO  : METRIC    | STRING    SYS.USER         | alvaro
SNPS_INFO  : METRIC    | STRING    SYS.PROJECT_NAME | PCSQA
SNPS_INFO  : METRIC    | STRING    SYS.BUILD_DIR    | /slowfs/dcopt103/alvaro/sgscratch/pcsqa/builds/hbm3-d763-hbm3-v2-tsmc3eff-12-ew-rel1.00_EWHardened
SNPS_INFO  : METRIC    | STRING    SYS.BUILD_NAME   | hbm3-d763-hbm3-v2-tsmc3eff-12-ew-rel1.00_EWHardened
SNPS_INFO  : METRIC    | STRING    SYS.STEP         | qa_step
SNPS_INFO  : METRIC    | STRING    SYS.SRC          | gen_env
SNPS_INFO  : METRIC    | STRING    SYS.DST          | 2_check_pcs_sites_us01
SNPS_INFO  : METRIC    | STRING    SYS.TASK         | check_pcs_sites_us01
SNPS_INFO  : METRIC    | STRING    SYS.TASK_TYPE    | OPTIMIZE
SNPS_INFO  : METRIC    | STRING INFO.START_TIME   | Tue Jul 19 12:13:57 2022
SNPS_INFO  : METRIC    | STRING INFO.MACHINE      | us01msem-amd-64cx1024g-048
SNPS_INFO   : PROC_STOP  : sproc_metric_system
SNPS_INFO   : SCRIPT_STOP : /remote/cad-rep/msip/tools/Lynxtools/pcsqa/2021.09-SP1-1/scripts_global/conf/header_stop.tcl : Tue Jul 19 12:13:57 2022
SNPS_INFO   : PROC_START : sproc_cat_file
SNPS_WARNING: (PCSQA-2.1e2 us01) Include file in /remote/proj/cad/c269-tsmc3eff-1.2v/rel3.2.0/cad/15M_1Xa_h_1Xb_v_1Xc_h_1Xd_v_1Ya_h_1Yb_v_4Y_hvhv_2Yy2Z_SHDMIM/lib.defs is not owned by csadmin: /remote/cad-rep/fab/f101-tsmc/3nm/iPDK/FF_N3E/ver0.9_2p1a_snps-v2/15M_1Xa_h_1Xb_v_1Xc_h_1Xd_v_1Ya_h_1Yb_v_4Y_hvhv_2Yy2Z/lib.defs (azat:sg_techdata_admin)
SNPS_WARNING: (PCSQA-2.1e2 us01) Include file in /remote/proj/cad/c269-tsmc3eff-1.2v/rel3.2.0/cad/15M_1Xa_h_1Xb_v_1Xc_h_1Xd_v_1Ya_h_1Yb_v_4Y_hvhv_2Yy2Z_SHDMIM/lib.defs file does not belong to 65859 (sg_pdks) group ID: /remote/cad-rep/fab/f101-tsmc/3nm/iPDK/FF_N3E/ver0.9_2p1a_snps-v2/15M_1Xa_h_1Xb_v_1Xc_h_1Xd_v_1Ya_h_1Yb_v_4Y_hvhv_2Yy2Z/lib.defs (azat:100060(sg_techdata_admin))
SNPS_WARNING: (PCSQA-2.1e2 us01) Refered library in /remote/cad-rep/fab/f101-tsmc/3nm/iPDK/FF_N3E/ver0.9_2p1a_snps-v2/15M_1Xa_h_1Xb_v_1Xc_h_1Xd_v_1Ya_h_1Yb_v_4Y_hvhv_2Yy2Z/lib.defs is not owned by csadmin: /remote/cad-rep/fab/f101-tsmc/3nm/iPDK/FF_N3E/ver0.9_2p1a_snps-v2/15M_1Xa_h_1Xb_v_1Xc_h_1Xd_v_1Ya_h_1Yb_v_4Y_hvhv_2Yy2Z/./tsmcN3 (azat:sg_techdata_support)
SNPS_WARNING: (PCSQA-2.1e2 us01) Refered library in /remote/cad-rep/fab/f101-tsmc/3nm/iPDK/FF_N3E/ver0.9_2p1a_snps-v2/15M_1Xa_h_1Xb_v_1Xc_h_1Xd_v_1Ya_h_1Yb_v_4Y_hvhv_2Yy2Z/lib.defs file does not belong to 65859 (sg_pdks) group ID: /remote/cad-rep/fab/f101-tsmc/3nm/iPDK/FF_N3E/ver0.9_2p1a_snps-v2/15M_1Xa_h_1Xb_v_1Xc_h_1Xd_v_1Ya_h_1Yb_v_4Y_hvhv_2Yy2Z/./tsmcN3 (azat:100061(sg_techdata_support))
SNPS_WARNING: (PCSQA-2.1e2 us01) Refered library in /remote/cad-rep/fab/f101-tsmc/3nm/iPDK/FF_N3E/ver0.9_2p1a_snps-v2/15M_1Xa_h_1Xb_v_1Xc_h_1Xd_v_1Ya_h_1Yb_v_4Y_hvhv_2Yy2Z/lib.defs file has not go-w & g+r permissions: /remote/cad-rep/fab/f101-tsmc/3nm/iPDK/FF_N3E/ver0.9_2p1a_snps-v2/15M_1Xa_h_1Xb_v_1Xc_h_1Xd_v_1Ya_h_1Yb_v_4Y_hvhv_2Yy2Z/./tsmcN3 (x75)
SNPS_WARNING: (PCSQA-2.1e2 us01) Refered library in /remote/cad-rep/fab/f101-tsmc/3nm/iPDK/FF_N3E/ver0.9_2p1a_snps-v2/15M_1Xa_h_1Xb_v_1Xc_h_1Xd_v_1Ya_h_1Yb_v_4Y_hvhv_2Yy2Z/lib.defs is not owned by csadmin: /remote/cad-rep/fab/f101-tsmc/3nm/iPDK/FF_N3E/ver0.9_2p1a_snps-v2/15M_1Xa_h_1Xb_v_1Xc_h_1Xd_v_1Ya_h_1Yb_v_4Y_hvhv_2Yy2Z/tsmcN3Addons (azat:sg_techdata_support)
SNPS_WARNING: (PCSQA-2.1e2 us01) Refered library in /remote/cad-rep/fab/f101-tsmc/3nm/iPDK/FF_N3E/ver0.9_2p1a_snps-v2/15M_1Xa_h_1Xb_v_1Xc_h_1Xd_v_1Ya_h_1Yb_v_4Y_hvhv_2Yy2Z/lib.defs file does not belong to 65859 (sg_pdks) group ID: /remote/cad-rep/fab/f101-tsmc/3nm/iPDK/FF_N3E/ver0.9_2p1a_snps-v2/15M_1Xa_h_1Xb_v_1Xc_h_1Xd_v_1Ya_h_1Yb_v_4Y_hvhv_2Yy2Z/tsmcN3Addons (azat:100061(sg_techdata_support))
SNPS_WARNING: (PCSQA-2.1e2 us01) Refered library in /remote/cad-rep/fab/f101-tsmc/3nm/iPDK/FF_N3E/ver0.9_2p1a_snps-v2/15M_1Xa_h_1Xb_v_1Xc_h_1Xd_v_1Ya_h_1Yb_v_4Y_hvhv_2Yy2Z/lib.defs file has not go-w & g+r permissions: /remote/cad-rep/fab/f101-tsmc/3nm/iPDK/FF_N3E/ver0.9_2p1a_snps-v2/15M_1Xa_h_1Xb_v_1Xc_h_1Xd_v_1Ya_h_1Yb_v_4Y_hvhv_2Yy2Z/tsmcN3Addons (x75)
SNPS_WARNING: (PCSQA-2.1e3 us01) Refered library in /remote/cad-rep/projects/cad/c269-tsmc3eff-1.2v/rel3.2.0/design/lib.defs file does not belong to 66067 (wwcad) group ID: /remote/cad-rep/msip/cd/pdk/ipdk/tsmc3/devicestack/2021.07/devicestack (csadmin:31(synopsys))
SNPS_WARNING: (PCSQA-2.1e us01) Refered library in /remote/cad-rep/projects/cad/c269-tsmc3eff-1.2v/rel3.2.0/design/lib.defs file does not exists: MSIP_PROJ_P4WS_ROOT/projects/cad/c269-tsmc3eff-1.2v/latest/design/lib/gpcells
SNPS_WARNING: (PCSQA-2.1e us01) Refered library in /remote/cad-rep/projects/cad/c269-tsmc3eff-1.2v/rel3.2.0/design/lib.defs file does not exists: MSIP_PROJ_P4WS_ROOT/projects/cad/c269-tsmc3eff-1.2v/latest/design/lib/presets
SNPS_WARNING: (PCSQA-2.1e3 us01) Refered library in /remote/cad-rep/projects/cad/c269-tsmc3eff-1.2v/rel3.2.0/design/lib.defs file does not belong to 66067 (wwcad) group ID: /remote/cad-rep/msip/cd/lib/vflags/tsmc3ff/release/rel1.02/lib/vflags (csadmin:31(synopsys))
SNPS_WARNING: (PCSQA-2.1e us01) Refered library in /remote/cad-rep/projects/cad/c269-tsmc3eff-1.2v/rel3.2.0/design/lib.defs file does not exists: MSIP_PROJ_P4WS_ROOT/projects/cad/c269-tsmc3eff-1.2v/latest/design/lib/sandbox
SNPS_WARNING: (PCSQA-2.1e us01) Refered library in /remote/cad-rep/projects/cad/c269-tsmc3eff-1.2v/rel3.2.0/design/lib.defs file does not exists: MSIP_PROJ_P4WS_ROOT/projects/cad/c262-tsmc3ff-1.2v_heraklion/latest/design/lib/gds_sample
SNPS_WARNING: (PCSQA-2.1k us01) project.env contains internal tools settings with default versions: msip_cd_pcs_pv_api
SNPS_ERROR  : (PCSQA-2.1t us01) Combined chksum of PCS files (excluding .PCSQA_STATUS) (=e84b4f6993eb4644bd576e552db23e35) is not the same as the one inside .PCSQA_STATUS file, PCSQA CHKSUM entry (=1d3bf29d924cf67b1480869a93636f81)
SNPS_ERROR  : (PCSQA-2.1t us01) Chksum of file path project.env (=7ea4f4b03aa728bedcae4c016083b3db) is not the same as the one inside cad/.PCSQA_STATUS file (=0b7add17405223f8ce540dd84760f327)
SNPS_ERROR  : (PCSQA-2.1t us01) Chksum of file path emir/15M_1Xa_h_1Xb_v_1Xc_h_1Xd_v_1Ya_h_1Yb_v_4Y_hvhv_2Yy2Z_SHDMIM_RA.tcl (=13f54169ec81b0a009c458ebcc62f495) is not the same as the one inside cad/.PCSQA_STATUS file (=e147bd92a49d7a9eb94ab7a4966a3363)
SNPS_WARNING: (PCSQA-2.1t us01) emir/15M_1Xa_h_1Xb_v_1Xc_h_1Xd_v_1Ya_h_1Yb_v_4Y_hvhv_2Yy2Z_SHDMIM_RA.tcl is a link, the chksum difference is outside of the PCS and please check if the change is valid
SNPS_ERROR  : (PCSQA-2.1t us01) Chksum of file path emir/15M_1Xa_h_1Xb_v_1Xc_h_1Xd_v_1Ya_h_1Yb_v_4Y_hvhv_2Yy2Z_SHDMIM_totem.cfg (=ab0fdc450dcb9b579894abe14beda0a3) is not the same as the one inside cad/.PCSQA_STATUS file (=0c237e85bff20611bf35b943a5640248)
SNPS_WARNING: (PCSQA-2.1t us01) emir/15M_1Xa_h_1Xb_v_1Xc_h_1Xd_v_1Ya_h_1Yb_v_4Y_hvhv_2Yy2Z_SHDMIM_totem.cfg is a link, the chksum difference is outside of the PCS and please check if the change is valid
SNPS_ERROR  : (PCSQA-2.1t us01) No chksum entry in cad/.PCSQA_STATUS for file path models/readme.txt
SNPS_ERROR  : (PCSQA-2.1t us01) Chksum of file path usage.txt (=54a36d3525d7e2fca7f5161331b35015) is not the same as the one inside cad/.PCSQA_STATUS file (=a5f8bf52589c8ce751d9a27f74979974)
SNPS_WARNING: (PCSQA-2.1t us01) usage.txt is a link, the chksum difference is outside of the PCS and please check if the change is valid
Number of executed checks: 330
SNPS_INFO   : PROC_STOP  : sproc_cat_file
SNPS_ERROR  : Checking PCS hbm3/d763-hbm3-v2-tsmc3eff-12-ew/rel1.00_EWHardened at site us01, host us01msemt228, has been failed with 6 errors
SNPS_WARNING: Checking PCS hbm3/d763-hbm3-v2-tsmc3eff-12-ew/rel1.00_EWHardened at site us01, host us01msemt228, gives 18 warnings
Give task check_pcs_sites_us01 Pass Status value 'Waived' to ensure reaching task evaluate_status
SNPS_INFO   : METRIC | INTEGER PCSQA.ERRORS.HBM3_D763_HBM3_V2_TSMC3EFF_12_EW_REL1_00_EWHARDENED_US01 | 6
SNPS_INFO   : METRIC | INTEGER PCSQA.WARNINGS.HBM3_D763_HBM3_V2_TSMC3EFF_12_EW_REL1_00_EWHARDENED_US01 | 18
SNPS_INFO   : METRIC | INTEGER PCSQA.SCORE.HBM3_D763_HBM3_V2_TSMC3EFF_12_EW_REL1_00_EWHARDENED_US01 | 48
SNPS_INFO   : PROC_START : sproc_metric_system
SNPS_INFO   : PROC_START : sproc_metric_time_elapsed
SNPS_INFO   : PROC_STOP  : sproc_metric_time_elapsed
SNPS_INFO  : METRIC    | STRING    SYS.JOB_ID       | 8658913
SNPS_INFO  : METRIC    | STRING    SYS.TOOL_NAME    | tcl
SNPS_INFO  : METRIC    | STRING    SYS.TOOL_VERSION | 8.6.6
SNPS_INFO  : METRIC    | STRING    SYS.LICENSES     | LicenseDataUnavailable
SNPS_INFO  : METRIC    | TIMESTAMP SYS.STOP_TIME    | 1658247258
SNPS_INFO  : METRIC    | STRING  INFO.STOP_TIME       | Tue Jul 19 12:14:18 2022
SNPS_INFO  : METRIC    | STRING  INFO.TOTAL_TIME      | 00:00:00:21
SNPS_INFO  : METRIC    | STRING  INFO.REPORT_TIME     | unknown
SNPS_INFO  : METRIC    | INTEGER INFO.NUM_JOBS        | 1
SNPS_INFO  : METRIC    | INTEGER INFO.NUM_CORES       | 1
SNPS_INFO  : METRIC    | INTEGER INFO.NUM_CHILD_JOBS  | 1
SNPS_INFO  : METRIC    | INTEGER INFO.NUM_CHILD_CORES | 1
SNPS_INFO  : METRIC    | INTEGER INFO.MEMORY_USED     | NaM
SNPS_INFO   : PROC_STOP  : sproc_metric_system
SNPS_INFO   : SCRIPT_STOP : /remote/cad-rep/msip/tools/Lynxtools/pcsqa/2021.09-SP1-1/scripts_global/qa_scripts/check_pcs_remote.tcl : Tue Jul 19 12:14:32 2022
