Information: Process ID for tool: 51563
SNPS_INFO   : SCRIPT_START : /remote/cad-rep/msip/tools/Shelltools/ccs_utils/2022.03/tcl/check_switches_run.tcl : Fri Jul 22 15:44:30 2022
SNPS_INFO   : SCRIPT_START : /remote/cad-rep/msip/tools/Lynxtools/pcsqa/2022.04/scripts_global/conf/header_start.tcl : Fri Jul 22 15:44:30 2022
SNPS_INFO   : SCRIPT_START : /remote/cad-rep/msip/tools/Lynxtools/pcsqa/2022.04/scripts_global/rtm_shell/rtm_init_public.tcl : Fri Jul 22 15:44:30 2022
SNPS_INFO   : SCRIPT_STOP : /remote/cad-rep/msip/tools/Lynxtools/pcsqa/2022.04/scripts_global/rtm_shell/rtm_init_public.tcl : Fri Jul 22 15:44:30 2022
set SEV(gscript_dir) /slowfs/dcopt103/alvaro/sgscratch/pcsqa/scripts_global
set SEV(tscript_dir) /slowfs/dcopt103/alvaro/sgscratch/pcsqa/scripts_tech
set SEV(pscript_dir) /slowfs/dcopt103/alvaro/sgscratch/pcsqa/scripts_project
SNPS_INFO   : SCRIPT_START : /remote/cad-rep/msip/tools/Lynxtools/pcsqa/2022.04/scripts_global/conf/sev_values.tcl : Fri Jul 22 15:44:30 2022
SNPS_INFO   : SCRIPT_STOP : /remote/cad-rep/msip/tools/Lynxtools/pcsqa/2022.04/scripts_global/conf/sev_values.tcl : Fri Jul 22 15:44:30 2022
SNPS_INFO   : SCRIPT_START : /slowfs/dcopt103/alvaro/sgscratch/pcsqa/builds/ddr54-d820-ddr54v2-tsmc5ffp12-rel1.30a_mrvl_sup1/scripts_build/conf/sev_values.tcl : Fri Jul 22 15:44:30 2022
SNPS_INFO   : SCRIPT_STOP : /slowfs/dcopt103/alvaro/sgscratch/pcsqa/builds/ddr54-d820-ddr54v2-tsmc5ffp12-rel1.30a_mrvl_sup1/scripts_build/conf/sev_values.tcl : Fri Jul 22 15:44:30 2022
SNPS_INFO   : SCRIPT_START : /remote/cad-rep/msip/tools/Lynxtools/pcsqa/2022.04/scripts_global/conf/system_setup.tcl : Fri Jul 22 15:44:30 2022
SNPS_INFO   : Tracelog is not enabled
SNPS_INFO   : SCRIPT_STOP : /remote/cad-rep/msip/tools/Lynxtools/pcsqa/2022.04/scripts_global/conf/system_setup.tcl : Fri Jul 22 15:44:30 2022
SNPS_INFO   : SCRIPT_START : /slowfs/dcopt103/alvaro/sgscratch/pcsqa/builds/ddr54-d820-ddr54v2-tsmc5ffp12-rel1.30a_mrvl_sup1/scripts_build/conf/svar_values.tcl : Fri Jul 22 15:44:30 2022
SNPS_INFO   : SCRIPT_STOP : /slowfs/dcopt103/alvaro/sgscratch/pcsqa/builds/ddr54-d820-ddr54v2-tsmc5ffp12-rel1.30a_mrvl_sup1/scripts_build/conf/svar_values.tcl : Fri Jul 22 15:44:30 2022
SNPS_INFO   : SCRIPT_START : /remote/cad-rep/msip/tools/Lynxtools/pcsqa/2022.04/scripts_global/procs/procs_user.tcl : Fri Jul 22 15:44:30 2022
SNPS_INFO   : SCRIPT_STOP : /remote/cad-rep/msip/tools/Lynxtools/pcsqa/2022.04/scripts_global/procs/procs_user.tcl : Fri Jul 22 15:44:30 2022
SNPS_INFO   : SCRIPT_STOP : /remote/cad-rep/msip/tools/Lynxtools/pcsqa/2022.04/scripts_global/conf/header_start.tcl : Fri Jul 22 15:44:30 2022
SNPS_INFO   : SCRIPT_START : /remote/cad-rep/msip/tools/Lynxtools/pcsqa/2022.04/scripts_global/conf/header_stop.tcl : Fri Jul 22 15:44:30 2022
SNPS_INFO   : SCRIPT_START : /slowfs/dcopt103/alvaro/sgscratch/pcsqa/builds/ddr54-d820-ddr54v2-tsmc5ffp12-rel1.30a_mrvl_sup1/qa_step/21vv_lvs_LVS_icv_16M_1X_h_1Xb_v_1Xe_h_1Ya_v_1Yb_h_4Y_vhvh_2Yy2Yx2R/logs/LVS_icv_16M_1X_h_1Xb_v_1Xe_h_1Ya_v_1Yb_h_4Y_vhvh_2Yy2Yx2R.tev.varfile : Fri Jul 22 15:44:30 2022
SNPS_INFO   : SCRIPT_STOP : /slowfs/dcopt103/alvaro/sgscratch/pcsqa/builds/ddr54-d820-ddr54v2-tsmc5ffp12-rel1.30a_mrvl_sup1/qa_step/21vv_lvs_LVS_icv_16M_1X_h_1Xb_v_1Xe_h_1Ya_v_1Yb_h_4Y_vhvh_2Yy2Yx2R/logs/LVS_icv_16M_1X_h_1Xb_v_1Xe_h_1Ya_v_1Yb_h_4Y_vhvh_2Yy2Yx2R.tev.varfile : Fri Jul 22 15:44:30 2022
SNPS_INFO   : SCRIPT_START : /slowfs/dcopt103/alvaro/sgscratch/pcsqa/builds/ddr54-d820-ddr54v2-tsmc5ffp12-rel1.30a_mrvl_sup1/scripts_build/conf/setup.tcl : Fri Jul 22 15:44:30 2022
SNPS_HEADER : ## ------------------------------------- 
SNPS_INFO   : SEV(analysis_task) : 0
SNPS_INFO   : SEV(aro,errors) : 1
SNPS_INFO   : SEV(aro,port) : 32223
SNPS_INFO   : SEV(aro,port,mongo) : 27017
SNPS_INFO   : SEV(aro,server) : panther-lynx1
SNPS_INFO   : SEV(aro,server,mongo) : panther-lynx2
SNPS_INFO   : SEV(bit) : 64
SNPS_INFO   : SEV(block_dir) : /slowfs/dcopt103/alvaro/sgscratch/pcsqa/builds/ddr54-d820-ddr54v2-tsmc5ffp12-rel1.30a_mrvl_sup1
SNPS_INFO   : SEV(block_name) : ddr54-d820-ddr54v2-tsmc5ffp12-rel1.30a_mrvl_sup1
SNPS_INFO   : SEV(bscript_dir) : /slowfs/dcopt103/alvaro/sgscratch/pcsqa/builds/ddr54-d820-ddr54v2-tsmc5ffp12-rel1.30a_mrvl_sup1/scripts_build
SNPS_INFO   : SEV(build_dir) : /slowfs/dcopt103/alvaro/sgscratch/pcsqa/builds/ddr54-d820-ddr54v2-tsmc5ffp12-rel1.30a_mrvl_sup1
SNPS_INFO   : SEV(build_name) : ddr54-d820-ddr54v2-tsmc5ffp12-rel1.30a_mrvl_sup1
SNPS_INFO   : SEV(builds_dir) : /slowfs/dcopt103/alvaro/sgscratch/pcsqa/builds
SNPS_INFO   : SEV(config,flow_xml) : conf/config_flow.xml
SNPS_INFO   : SEV(config,js_method) : grd
SNPS_INFO   : SEV(config,rc_method) : perforce
SNPS_INFO   : SEV(config,tv_method) : modules
SNPS_INFO   : SEV(config,verbosity) : normal
SNPS_INFO   : SEV(dont_exit) : 0
SNPS_INFO   : SEV(dont_run) : 0
SNPS_INFO   : SEV(dst) : 21vv_lvs_LVS_icv_16M_1X_h_1Xb_v_1Xe_h_1Ya_v_1Yb_h_4Y_vhvh_2Yy2Yx2R
SNPS_INFO   : SEV(dst_dir) : /slowfs/dcopt103/alvaro/sgscratch/pcsqa/builds/ddr54-d820-ddr54v2-tsmc5ffp12-rel1.30a_mrvl_sup1/qa_step/21vv_lvs_LVS_icv_16M_1X_h_1Xb_v_1Xe_h_1Ya_v_1Yb_h_4Y_vhvh_2Yy2Yx2R/work
SNPS_INFO   : SEV(dst_name) : 21vv_lvs_LVS_icv_16M_1X_h_1Xb_v_1Xe_h_1Ya_v_1Yb_h_4Y_vhvh_2Yy2Yx2R
SNPS_INFO   : SEV(enable,aro) : 0
SNPS_INFO   : SEV(enable,job) : 1
SNPS_INFO   : SEV(enable,metrics) : 0
SNPS_INFO   : SEV(env,FM_WAIT_LICENSE) : 1
SNPS_INFO   : SEV(env,HERCULES_LICENSE_WAIT) : 1
SNPS_INFO   : SEV(env,ICV_LICENSE_WAIT) : 1
SNPS_INFO   : SEV(env,SNPSLMD_QUEUE) : true
SNPS_INFO   : SEV(env,SNPS_MAX_QUEUETIME) : 60
SNPS_INFO   : SEV(env,SNPS_MAX_WAITTIME) : 600
SNPS_INFO   : SEV(env,STARRC_LICENSE_WAIT) : yes
SNPS_INFO   : SEV(exec_cmd) : sh
SNPS_INFO   : SEV(flow_name) : gen_flow_4
SNPS_INFO   : SEV(flow_order) : 5030001
SNPS_INFO   : SEV(gscript_dir) : /slowfs/dcopt103/alvaro/sgscratch/pcsqa/scripts_global
SNPS_INFO   : SEV(gui) : 0
SNPS_INFO   : SEV(job,misc1) : misc1
SNPS_INFO   : SEV(job,misc2) : misc2
SNPS_INFO   : SEV(job,misc3) : misc3
SNPS_INFO   : SEV(job,misc4) : mt
SNPS_INFO   : SEV(job,options) : 
SNPS_INFO   : SEV(job,queue) : bnormal
SNPS_INFO   : SEV(job,queue_batch) : bnormal
SNPS_INFO   : SEV(job,queue_child) : bnormal
SNPS_INFO   : SEV(job,queue_interactive) : iheavy
SNPS_INFO   : SEV(job,resources) : arch=glinux
SNPS_INFO   : SEV(log_dir) : /slowfs/dcopt103/alvaro/sgscratch/pcsqa/builds/ddr54-d820-ddr54v2-tsmc5ffp12-rel1.30a_mrvl_sup1/qa_step/21vv_lvs_LVS_icv_16M_1X_h_1Xb_v_1Xe_h_1Ya_v_1Yb_h_4Y_vhvh_2Yy2Yx2R/logs
SNPS_INFO   : SEV(log_file) : /slowfs/dcopt103/alvaro/sgscratch/pcsqa/builds/ddr54-d820-ddr54v2-tsmc5ffp12-rel1.30a_mrvl_sup1/qa_step/21vv_lvs_LVS_icv_16M_1X_h_1Xb_v_1Xe_h_1Ya_v_1Yb_h_4Y_vhvh_2Yy2Yx2R/logs/LVS_icv_16M_1X_h_1Xb_v_1Xe_h_1Ya_v_1Yb_h_4Y_vhvh_2Yy2Yx2R.log
SNPS_INFO   : SEV(metrics,errors) : 1
SNPS_INFO   : SEV(metrics,port) : 32222
SNPS_INFO   : SEV(metrics,server) : server_not_defined
SNPS_INFO   : SEV(metrics,server,mongo) : panther-lynx2
SNPS_INFO   : SEV(project_dir) : /global/lynx_dev
SNPS_INFO   : SEV(project_name) : PCSQA
SNPS_INFO   : SEV(pscript_dir) : /slowfs/dcopt103/alvaro/sgscratch/pcsqa/scripts_project
SNPS_INFO   : SEV(publish_dir) : /global/lynx_home/PUBLISH/Lynx
SNPS_INFO   : SEV(release_dir) : /global/lynx_dev/release
SNPS_INFO   : SEV(rpt_dir) : /slowfs/dcopt103/alvaro/sgscratch/pcsqa/builds/ddr54-d820-ddr54v2-tsmc5ffp12-rel1.30a_mrvl_sup1/qa_step/21vv_lvs_LVS_icv_16M_1X_h_1Xb_v_1Xe_h_1Ya_v_1Yb_h_4Y_vhvh_2Yy2Yx2R/rpts
SNPS_INFO   : SEV(script_file) : /slowfs/dcopt103/alvaro/sgscratch/pcsqa/../../../../../remote/cad-rep/msip/tools/Shelltools/ccs_utils/2022.03/tcl/check_switches_run.tcl
SNPS_INFO   : SEV(snapshot_dir) : /global/lynx_dev/snapshot
SNPS_INFO   : SEV(src) : ref_ccs
SNPS_INFO   : SEV(src_build_name) : ddr54-d820-ddr54v2-tsmc5ffp12-rel1.30a_mrvl_sup1
SNPS_INFO   : SEV(src_dir) : /slowfs/dcopt103/alvaro/sgscratch/pcsqa/builds/ddr54-d820-ddr54v2-tsmc5ffp12-rel1.30a_mrvl_sup1/qa_step/ref_ccs/work
SNPS_INFO   : SEV(src_name) : ref_ccs
SNPS_INFO   : SEV(src_step_name) : qa_step
SNPS_INFO   : SEV(step) : qa_step
SNPS_INFO   : SEV(step_dir) : /slowfs/dcopt103/alvaro/sgscratch/pcsqa/builds/ddr54-d820-ddr54v2-tsmc5ffp12-rel1.30a_mrvl_sup1/qa_step
SNPS_INFO   : SEV(step_name) : qa_step
SNPS_INFO   : SEV(task) : LVS_icv_16M_1X_h_1Xb_v_1Xe_h_1Ya_v_1Yb_h_4Y_vhvh_2Yy2Yx2R
SNPS_INFO   : SEV(task_rpt_dir) : /slowfs/dcopt103/alvaro/sgscratch/pcsqa/builds/ddr54-d820-ddr54v2-tsmc5ffp12-rel1.30a_mrvl_sup1/qa_step/21vv_lvs_LVS_icv_16M_1X_h_1Xb_v_1Xe_h_1Ya_v_1Yb_h_4Y_vhvh_2Yy2Yx2R/rpts/LVS_icv_16M_1X_h_1Xb_v_1Xe_h_1Ya_v_1Yb_h_4Y_vhvh_2Yy2Yx2R
SNPS_INFO   : SEV(techlib_dir) : 
SNPS_INFO   : SEV(techlib_name) : 
SNPS_INFO   : SEV(tmp_dir) : /slowfs/dcopt103/alvaro/sgscratch/pcsqa/builds/ddr54-d820-ddr54v2-tsmc5ffp12-rel1.30a_mrvl_sup1/qa_step/21vv_lvs_LVS_icv_16M_1X_h_1Xb_v_1Xe_h_1Ya_v_1Yb_h_4Y_vhvh_2Yy2Yx2R/tmp
SNPS_INFO   : SEV(trace) : 0
SNPS_INFO   : SEV(tscript_dir) : /slowfs/dcopt103/alvaro/sgscratch/pcsqa/scripts_tech
SNPS_INFO   : SEV(variable_group_files,SVAR) : conf/svar_values.tcl conf/svar_defines.xml conf/svar_checks.tcl
SNPS_INFO   : SEV(variable_groups) : SVAR
SNPS_INFO   : SEV(work_dir) : /slowfs/dcopt103/alvaro/sgscratch/pcsqa/builds/ddr54-d820-ddr54v2-tsmc5ffp12-rel1.30a_mrvl_sup1/qa_step/21vv_lvs_LVS_icv_16M_1X_h_1Xb_v_1Xe_h_1Ya_v_1Yb_h_4Y_vhvh_2Yy2Yx2R/work
SNPS_INFO   : SEV(workarea_dir) : /slowfs/dcopt103/alvaro/sgscratch/pcsqa
SNPS_HEADER : ## ------------------------------------- 
SNPS_INFO   : TEV(check_switches) : 0
SNPS_INFO   : TEV(metal_stack_option) : 16M_1X_h_1Xb_v_1Xe_h_1Ya_v_1Yb_h_4Y_vhvh_2Yy2Yx2R
SNPS_INFO   : TEV(name) : LVS
SNPS_INFO   : TEV(prefix) : LVS
SNPS_INFO   : TEV(qaapp) : pcsqa
SNPS_INFO   : TEV(type) : lvs
SNPS_INFO   : TEV(ver_tool) : icv
SNPS_HEADER : ## ------------------------------------- 
SNPS_INFO   : SCRIPT_START : /remote/cad-rep/msip/tools/Lynxtools/shared/2022.03/conf/procs_user.tcl : Fri Jul 22 15:44:30 2022
SNPS_INFO   : SCRIPT_STOP : /remote/cad-rep/msip/tools/Lynxtools/shared/2022.03/conf/procs_user.tcl : Fri Jul 22 15:44:30 2022
SNPS_INFO   : SCRIPT_STOP : /slowfs/dcopt103/alvaro/sgscratch/pcsqa/builds/ddr54-d820-ddr54v2-tsmc5ffp12-rel1.30a_mrvl_sup1/scripts_build/conf/setup.tcl : Fri Jul 22 15:44:30 2022
SNPS_INFO   : PROC_START : sproc_metric_system
SNPS_INFO  : METRIC    | TIMESTAMP SYS.START_TIME   | 1658519070
SNPS_INFO  : METRIC    | STRING    SYS.USER         | alvaro
SNPS_INFO  : METRIC    | STRING    SYS.PROJECT_NAME | PCSQA
SNPS_INFO  : METRIC    | STRING    SYS.BUILD_DIR    | /slowfs/dcopt103/alvaro/sgscratch/pcsqa/builds/ddr54-d820-ddr54v2-tsmc5ffp12-rel1.30a_mrvl_sup1
SNPS_INFO  : METRIC    | STRING    SYS.BUILD_NAME   | ddr54-d820-ddr54v2-tsmc5ffp12-rel1.30a_mrvl_sup1
SNPS_INFO  : METRIC    | STRING    SYS.STEP         | qa_step
SNPS_INFO  : METRIC    | STRING    SYS.SRC          | ref_ccs
SNPS_INFO  : METRIC    | STRING    SYS.DST          | 21vv_lvs_LVS_icv_16M_1X_h_1Xb_v_1Xe_h_1Ya_v_1Yb_h_4Y_vhvh_2Yy2Yx2R
SNPS_INFO  : METRIC    | STRING    SYS.TASK         | LVS_icv_16M_1X_h_1Xb_v_1Xe_h_1Ya_v_1Yb_h_4Y_vhvh_2Yy2Yx2R
SNPS_INFO  : METRIC    | STRING    SYS.TASK_TYPE    | OPTIMIZE
SNPS_INFO  : METRIC    | STRING INFO.START_TIME   | Fri Jul 22 15:44:30 2022
SNPS_INFO  : METRIC    | STRING INFO.MACHINE      | us01msem-amd-63cx970g-2940-010
SNPS_INFO   : PROC_STOP  : sproc_metric_system
SNPS_INFO   : SCRIPT_STOP : /remote/cad-rep/msip/tools/Lynxtools/pcsqa/2022.04/scripts_global/conf/header_stop.tcl : Fri Jul 22 15:44:30 2022
SNPS_INFO   : Mapping from pv prefix 'LVS' to VC component name 'LVS' found in /remote/cad-rep/projects/cad/c253-tsmc5ff-1.2v/rel9.3.1/cad/shared/vc/pv-prefix-vc_mapping.conf
/remote/cad-rep/fab/f101-tsmc/5nm/logic/FF/common/rules/common/icv/lvs/ver1.2b/orig/MAIN_DECK/DFM_LVS_RC_ICV_N5_1p16M_1X1Xb1Xe1Ya1Yb4Y2Yy2Yx2R_ALRDL.1.2b
/remote/cad-rep/projects/cad/c253-tsmc5ff-1.2v/rel9.3.1/cad/16M_1X_h_1Xb_v_1Xe_h_1Ya_v_1Yb_h_4Y_vhvh_2Yy2Yx2R/icv/LVS/LVS_options
SNPS_ERROR  : (PCSQA-2.1vv) No deck Revision (for VC Component Name 'LVS icv' or 'iLVS Interoperable') is defined for LVS_icv_16M_1X_h_1Xb_v_1Xe_h_1Ya_v_1Yb_h_4Y_vhvh_2Yy2Yx2R
Working directory of LVS_icv_16M_1X_h_1Xb_v_1Xe_h_1Ya_v_1Yb_h_4Y_vhvh_2Yy2Yx2R verification for debugging: /slowfs/dcopt103/alvaro/sgscratch/pcsqa/builds/ddr54-d820-ddr54v2-tsmc5ffp12-rel1.30a_mrvl_sup1/qa_step/21vv_lvs_LVS_icv_16M_1X_h_1Xb_v_1Xe_h_1Ya_v_1Yb_h_4Y_vhvh_2Yy2Yx2R/work
SNPS_INFO   : METRIC | INTEGER PCSQA.ISSUES.CHECKDECKVERSIONLVS_icv_16M_1X_h_1Xb_v_1Xe_h_1Ya_v_1Yb_h_4Y_vhvh_2Yy2Yx2R | 1
SNPS_INFO   : PROC_START : sproc_metric_system
SNPS_INFO   : PROC_START : sproc_metric_time_elapsed
SNPS_INFO   : PROC_STOP  : sproc_metric_time_elapsed
SNPS_INFO  : METRIC    | STRING    SYS.JOB_ID       | 509435
SNPS_INFO  : METRIC    | STRING    SYS.TOOL_NAME    | tcl
SNPS_INFO  : METRIC    | STRING    SYS.TOOL_VERSION | 8.6.6
SNPS_INFO  : METRIC    | STRING    SYS.LICENSES     | LicenseDataUnavailable
SNPS_INFO  : METRIC    | TIMESTAMP SYS.STOP_TIME    | 1658519071
SNPS_INFO  : METRIC    | STRING  INFO.STOP_TIME       | Fri Jul 22 15:44:31 2022
SNPS_INFO  : METRIC    | STRING  INFO.TOTAL_TIME      | 00:00:00:01
SNPS_INFO  : METRIC    | STRING  INFO.REPORT_TIME     | unknown
SNPS_INFO  : METRIC    | INTEGER INFO.NUM_JOBS        | 1
SNPS_INFO  : METRIC    | INTEGER INFO.NUM_CORES       | 1
SNPS_INFO  : METRIC    | INTEGER INFO.NUM_CHILD_JOBS  | 1
SNPS_INFO  : METRIC    | INTEGER INFO.NUM_CHILD_CORES | 1
SNPS_INFO  : METRIC    | INTEGER INFO.MEMORY_USED     | NaM
SNPS_INFO   : PROC_STOP  : sproc_metric_system
SNPS_INFO   : SCRIPT_STOP : /remote/cad-rep/msip/tools/Shelltools/ccs_utils/2022.03/tcl/check_switches_run.tcl : Fri Jul 22 15:44:48 2022
