t100-conversion-ss14lpp-18.txt
INFO: common common 
INFO: SKIPPED. NOT RELEASE VESION.

y002-alpha-i2c-ss14lpp-33.txt
INFO: common common "c124-gf14lpp-1.8v"
INFO: SKIPPED. NOT RELEASE VESION.

y003-alpha-tmon-ss14lpp-18.txt
INFO: common common "c124-gf14lpp-1.8v"
INFO: SKIPPED. NOT RELEASE VESION.

y004-alpha-vdac-ss14lpp-18.txt
INFO: common common both
INFO: SKIPPED. NOT RELEASE VESION.

y005-alpha-gpio-ss14lpp-18.txt
INFO: common common 
INFO: SKIPPED. NOT RELEASE VESION.

y006-alpha-sddrphy-ss14lpp-18.txt
INFO: common common 
INFO: SKIPPED. NOT RELEASE VESION.

y007-alpha-pgro-ss14lpp-18.txt
INFO: common common 
INFO: SKIPPED. NOT RELEASE VESION.

y008-alpha-pwrok-ss14lpp-18.txt
INFO: common common "c124-gf14lpp-1.8v"
INFO: SKIPPED. NOT RELEASE VESION.

y010-alpha-esdlib-ss14lpp-18.txt
INFO: common common 
INFO: SKIPPED. NOT RELEASE VESION.

y011-alpha-esdmac-ss14lpp-18.txt
INFO: common common 
INFO: SKIPPED. NOT RELEASE VESION.

y012-alpha-hbm2phy-ss14lpp-18.txt
INFO: common common 
INFO: SKIPPED. NOT RELEASE VESION.

y013-alpha-rtc-ss14lpp-18.txt
INFO: common common "c124-gf14lpp-1.8v"
INFO: SKIPPED. NOT RELEASE VESION.

y014-alpha-cgpll-ss14lpp-18.txt
INFO: common common 
INFO: SKIPPED. NOT RELEASE VESION.

y015-alpha-clkgen-ss14lpp-18.txt
INFO: common common 
INFO: SKIPPED. NOT RELEASE VESION.

y009-alpha-emc-ss14lpp-18.txt
INFO: common common "c124-gf14lpp-1.8v"
INFO: SKIPPED. NOT RELEASE VESION.

n106-c10-ss14lpp-18-ns.txt
INFO: ss14lpp 18" 
INFO: SKIPPED. NOT RELEASE VESION.

n506-dpalt-c10-ss14lpp-18-ns.txt
INFO: ss14lpp 18" 
INFO: SKIPPED. NOT RELEASE VESION.

n556-dptx-c10-ss14lpp-18-ns.txt
INFO:   
INFO: SKIPPED. NOT RELEASE VESION.

m0133-mem-ss14lpp-sa14nlg41p11sadcl02mw.txt
INFO: ss14lpp 18 
INFO: SKIPPED. NOT RELEASE VESION.

e405-hdmi-mhl-rxphy-ss14lpp-18.txt
INFO: common common 
INFO: SKIPPED. NOT RELEASE VESION.

e701-hdmi21-rxphy-ss14lpp-18.txt
INFO: ss14lpp 18 rel3.2
ERROR: IcvRunDRC not defined.
ss14lpp-18_10M_3Mx_4Cx_2Kx_1Gx_LB : /remote/cad-rep/proj/c121-ss14lpp-1.8v/rel3.2/cad/10M_3Mx_4Cx_2Kx_1Gx_LB/env.tcl
ERROR: IcvRunDRC not defined.
ss14lpp-18_13M_3Mx_2Cx_4Kx_2Hx_2Gx_LB : /remote/cad-rep/proj/c121-ss14lpp-1.8v/rel3.2/cad/13M_3Mx_2Cx_4Kx_2Hx_2Gx_LB/env.tcl
z19606-pll-ss14lpp-18.txt
INFO: CHILD_CAD_SETUP CHILD_CAD_SETUP 
INFO: SKIPPED. NOT RELEASE VESION.

l002-scl-ss14lpp-18.txt
INFO: ss14lpp 18" 
INFO: SKIPPED. NOT RELEASE VESION.

x638-ssp-ss14lpp-18.txt
INFO: ss14lpp 18" 
INFO: SKIPPED. NOT RELEASE VESION.

x652-ssp-ss14lpp-18-ns.txt
INFO: ss14lpp 18 
INFO: SKIPPED. NOT RELEASE VESION.

l121-std-ss14lpp-1.8v_SQ0.txt
INFO:   
INFO: SKIPPED. NOT RELEASE VESION.

l121-std-ss14lpp-1.8v.txt
INFO: ss14lpp 18 rel3.9.0
ERROR: IcvRunDRC not defined.
ss14lpp-18_10M_3Mx_4Cx_2Kx_1Gx_LB : /remote/cad-rep/proj/c121-ss14lpp-1.8v/rel3.9.0/cad/10M_3Mx_4Cx_2Kx_1Gx_LB/env.tcl
ERROR: IcvRunDRC not defined.
ss14lpp-18_11M_3Mx_4Cx_2Kx_2Gx_LB : /remote/cad-rep/proj/c121-ss14lpp-1.8v/rel3.9.0/cad/11M_3Mx_4Cx_2Kx_2Gx_LB/env.tcl
ERROR: IcvRunDRC not defined.
ss14lpp-18_13M_3Mx_2Cx_4Kx_2Hx_2Gx_LB : /remote/cad-rep/proj/c121-ss14lpp-1.8v/rel3.9.0/cad/13M_3Mx_2Cx_4Kx_2Hx_2Gx_LB/env.tcl
t900-training-ss14lpp-18.txt
INFO: gf14lpp 18 rel3.8.2
ERROR: IcvRunDRC not defined.
gf14lpp-18_10M_3Mx_4Cx_2Kx_1Gx_LB : /remote/cad-rep/proj/c124-gf14lpp-1.8v/rel3.8.2/cad/10M_3Mx_4Cx_2Kx_1Gx_LB/env.tcl
ERROR: IcvRunDRC not defined.
gf14lpp-18_11M_3Mx_4Cx_2Kx_2Gx_LB : /remote/cad-rep/proj/c124-gf14lpp-1.8v/rel3.8.2/cad/11M_3Mx_4Cx_2Kx_2Gx_LB/env.tcl
ERROR: IcvRunDRC not defined.
gf14lpp-18_13M_3Mx_2Cx_4Kx_2Hx_2Gx_LB : /remote/cad-rep/proj/c124-gf14lpp-1.8v/rel3.8.2/cad/13M_3Mx_2Cx_4Kx_2Hx_2Gx_LB/env.tcl
ERROR: IcvRunDRC not defined.
gf14lpp-18_9M_3Mx_2Cx_2Kx_2Gx_LB : /remote/cad-rep/proj/c124-gf14lpp-1.8v/rel3.8.2/cad/9M_3Mx_2Cx_2Kx_2Gx_LB/env.tcl
x033-up16-ss14lpp-18.txt
INFO: up16 tsmc28hpm 2013/02/25
INFO: SKIPPED. NOT RELEASE VESION.

x652-usb2-ss14lpp-18-ns.txt
INFO: ss14lpp 18" 
INFO: SKIPPED. NOT RELEASE VESION.

x638-usb2-ss14lpp-18-ns.txt
INFO: ss14lpp 18" 
INFO: SKIPPED. NOT RELEASE VESION.

x638-usb3-ss14lpp-18-ns.txt
INFO: ss14lpp 18" 
INFO: SKIPPED. NOT RELEASE VESION.

x652-usb3-ss14lpp-18-ns.txt
INFO: ss14lpp 18 rel3.10.0
ERROR: IcvRunDRC not defined.
ss14lpp-18_10M_3Mx_4Cx_2Kx_1Gx_LB : /remote/cad-rep/proj/c121-ss14lpp-1.8v/rel3.10.0/cad/10M_3Mx_4Cx_2Kx_1Gx_LB/env.tcl
ERROR: IcvRunDRC not defined.
ss14lpp-18_11M_3Mx_4Cx_2Kx_2Gx_LB : /remote/cad-rep/proj/c121-ss14lpp-1.8v/rel3.10.0/cad/11M_3Mx_4Cx_2Kx_2Gx_LB/env.tcl
ERROR: IcvRunDRC not defined.
ss14lpp-18_13M_3Mx_2Cx_4Kx_2Hx_2Gx_LB : /remote/cad-rep/proj/c121-ss14lpp-1.8v/rel3.10.0/cad/13M_3Mx_2Cx_4Kx_2Hx_2Gx_LB/env.tcl
d524-ddr43-ss14lpp18.txt
INFO: ss14lpp 18 
INFO: SKIPPED. NOT RELEASE VESION.

x033-e16-ss14lpp-18.txt
INFO:   CCS
INFO: SKIPPED. NOT RELEASE VESION.

d544-lpddr4mv2-ss14lpp18.txt
INFO: ss14lpp 18" 
INFO: SKIPPED. NOT RELEASE VESION.

y232-emmc-ss14lpp-1.8v.txt
INFO: ss14lpp 18" 
INFO: SKIPPED. NOT RELEASE VESION.

d564-lpddr4xm-ss14lpp18.txt
INFO: ss14lpp 18 rel3.12.0
ERROR: IcvRunDRC not defined.
ss14lpp-18_10M_3Mx_4Cx_2Kx_1Gx_LB : /remote/cad-rep/proj/c121-ss14lpp-1.8v/rel3.12.0/cad/10M_3Mx_4Cx_2Kx_1Gx_LB/env.tcl
ERROR: IcvRunDRC not defined.
ss14lpp-18_11M_3Mx_4Cx_2Kx_2Gx_LB : /remote/cad-rep/proj/c121-ss14lpp-1.8v/rel3.12.0/cad/11M_3Mx_4Cx_2Kx_2Gx_LB/env.tcl
ERROR: IcvRunDRC not defined.
ss14lpp-18_13M_3Mx_2Cx_4Kx_2Hx_2Gx_LB : /remote/cad-rep/proj/c121-ss14lpp-1.8v/rel3.12.0/cad/13M_3Mx_2Cx_4Kx_2Hx_2Gx_LB/env.tcl
f500-gpio-ss14lpp-1.8v.txt
INFO: ss14lpp 18 
INFO: SKIPPED. NOT RELEASE VESION.

