n110-c10-ss8lpp-18-ns.txt
INFO: ss8lpp 18_A00 
INFO: SKIPPED. NOT RELEASE VESION.

u127-cmnblks-ss8lpp-18.txt
INFO: ss8lpp 18 
INFO: SKIPPED. NOT RELEASE VESION.

m0095-mem-ss8lpp-sa08nlg41p11sadsl01ms.txt
INFO: ss8lpp 18 
INFO: SKIPPED. NOT RELEASE VESION.

m0095-mem-ss8lpp-schematic.txt
INFO: CCS CCS "c132-ss8lpp-1.8v"
INFO: SKIPPED. NOT RELEASE VESION.

m0095-mem-ss8lpp-sa08nlg41p10asdv101ms.txt
INFO: "em" "em" "m0095-mem-ss8lpp-sa08nlg41p11sadsl01ms"
INFO: SKIPPED. NOT RELEASE VESION.

m0095-mem-ss8lpp-sa08nlg42p11sacul128s.txt
INFO: "em" "em" "m0095-mem-ss8lpp-sa08nlg41p11sadsl01ms"
INFO: SKIPPED. NOT RELEASE VESION.

m0095-mem-ss8lpp-sa08nlg42p11sasrl64ks.txt
INFO: "em" "em" "m0095-mem-ss8lpp-sa08nlg41p11sadsl01ms"
INFO: SKIPPED. NOT RELEASE VESION.

m0095-mem-ss8lpp-sa08nlg42p22sassl512s.txt
INFO: "em" "em" "m0095-mem-ss8lpp-sa08nlg41p11sadrl128s"
INFO: SKIPPED. NOT RELEASE VESION.

m0095-mem-ss8lpp-sa08nlg41p11sadsl512s.txt
INFO: "em" "em" "m0095-mem-ss8lpp-sa08nlg41p11sadrl128s"
INFO: SKIPPED. NOT RELEASE VESION.

m0095-mem-ss8lpp-sa08nlg41p11sadrl128s.txt
INFO: ss8lpp 18 
INFO: SKIPPED. NOT RELEASE VESION.

m0095-mem-ss8lpp-sa08nlg41p11sasrl128s.txt
INFO: "em" "em" "m0095-mem-ss8lpp-sa08nlg41p11sadsl01ms"
INFO: SKIPPED. NOT RELEASE VESION.

m0095-mem-ss8lpp-sa08nlg41p11sassl01ms.txt
INFO: "em" "em" "m0095-mem-ss8lpp-sa08nlg41p11sadsl01ms"
INFO: SKIPPED. NOT RELEASE VESION.

m0095-mem-ss8lpp-sa08nlg41p11sassl512s.txt
INFO: "em" "em" "m0095-mem-ss8lpp-sa08nlg41p11sadsl01ms"
INFO: SKIPPED. NOT RELEASE VESION.

m0095-mem-ss8lpp-sa08nlg41p11sadtc160s.txt
INFO: "em" "em" "m0095-mem-ss8lpp-sa08nlg41p11sadrl128s"
INFO: SKIPPED. NOT RELEASE VESION.

m0095-mem-ss8lpp-sa08nlg41p11cpsrlhpcs.txt
INFO: "em" "em" "m0095-mem-ss8lpp-sa08nlg41p11sadsl01ms"
INFO: SKIPPED. NOT RELEASE VESION.

m0095-mem-ss8lpp-sa08nlg41p11sagsl512s.txt
INFO: ss8lpp 18 
INFO: SKIPPED. NOT RELEASE VESION.

m0095-mem-ss8lpp-sa08nlg42p11sasul512s.txt
INFO: "em" "em" "m0095-mem-ss8lpp-sa08nlg41p11sagsl512s"
INFO: SKIPPED. NOT RELEASE VESION.

m0095-mem-ss8lpp-uhs-schematic.txt
INFO: ss8lpp 18 
INFO: SKIPPED. NOT RELEASE VESION.

m0095-mem-ss8lpp-sa08nlg41p11sahtc80ks.txt
INFO: "em" "em" "m0095-mem-ss8lpp-sa08nlg41p11sagsl512s"
INFO: SKIPPED. NOT RELEASE VESION.

m0095-mem-ss8lpp-uhs-sram-schematic.txt
INFO: ss8lpp 18 
INFO: SKIPPED. NOT RELEASE VESION.

m0095-mem-ss8lpp-sa08nlg41p11s1dsl512s.txt
INFO: ss8lpp 18_A00 rel1.1.0
ERROR: IcvRunDRC not defined.
ss8lpp-18_A00_11M_3Mx_6Dx_1Gx_1Iz_LB : /remote/cad-rep/proj/c132-ss8lpp-1.8v_A00/rel1.1.0/cad/11M_3Mx_6Dx_1Gx_1Iz_LB/env.tcl
ERROR: IcvRunDRC not defined.
ss8lpp-18_A00_12M_3Mx_6Dx_1Gx_2Iz_LB : /remote/cad-rep/proj/c132-ss8lpp-1.8v_A00/rel1.1.0/cad/12M_3Mx_6Dx_1Gx_2Iz_LB/env.tcl
ERROR: IcvRunDRC not defined.
ss8lpp-18_A00_13M_3Mx_6Dx_2Hx_2Iz_LB : /remote/cad-rep/proj/c132-ss8lpp-1.8v_A00/rel1.1.0/cad/13M_3Mx_6Dx_2Hx_2Iz_LB/env.tcl
m0095-mem-ss8lpp-sa08nlg41p11s1drl128s.txt
INFO: "em" "em" "m0095-mem-ss8lpp-sa08nlg42p11s1cul128s"
INFO: SKIPPED. NOT RELEASE VESION.

m0095-mem-ss8lpp-sa08nlg42p11s1cul128s.txt
INFO:   c132-ss8lpp-1.8v_A00
INFO: SKIPPED. NOT RELEASE VESION.

m0095-mem-ss8lpp-sa08nlg41p11s1ssl512s.txt
INFO: "em" "em" "m0095-mem-ss8lpp-sa08nlg42p11s1cul128s"
INFO: SKIPPED. NOT RELEASE VESION.

m0095-mem-ss8lpp-sa08nlg41p10s1dv101ms.txt
INFO: "em" "em" "m0095-mem-ss8lpp-sa08nlg41p11s1dsl512s"
INFO: SKIPPED. NOT RELEASE VESION.

m0095-mem-ss8lpp-sa08nlg41p11s1srl128s.txt
INFO: "em" "em" "m0095-mem-ss8lpp-sa08nlg42p11s1cul128s"
INFO: SKIPPED. NOT RELEASE VESION.

m0095-mem-ss8lpp-sa08nlg42p11s1srl64ks.txt
INFO: "em" "em" "m0095-mem-ss8lpp-sa08nlg42p11s1cul128s"
INFO: SKIPPED. NOT RELEASE VESION.

m0095-mem-ss8lpp-sa08nlg42p22s1ssl512s.txt
INFO: "em" "em" "m0095-mem-ss8lpp-sa08nlg42p11s1cul128s"
INFO: SKIPPED. NOT RELEASE VESION.

m0095-mem-ss8lpp-sa08nlg41p11s1gsl512s.txt
INFO: "em" "em" "m0095-mem-ss8lpp-sa08nlg42p11s1cul128s"
INFO: SKIPPED. NOT RELEASE VESION.

m0095-mem-ss8lpp-sa08nlg41p11c1srlhpcs.txt
INFO: "em" "em" "m0095-mem-ss8lpp-sa08nlg42p11s1cul128s"
INFO: SKIPPED. NOT RELEASE VESION.

e706-hdmi21-rxphy-ss8lpp-18.txt
INFO: hdmi hdmi e706-hdmi21-rxphy-ss8lpp-18
INFO: SKIPPED. NOT RELEASE VESION.

e706-hdmi21-earctx-ss8lpp-18.txt
INFO: hdmi hdmi e706-hdmi21-rxphy-ss8lpp-18
INFO: SKIPPED. NOT RELEASE VESION.

e706-hdmi21-audiopll-ss8lpp-18.txt
INFO: hdmi hdmi e706-hdmi21-rxphy-ss8lpp-18
INFO: SKIPPED. NOT RELEASE VESION.

z19606-pll-ss8lpp-18.txt
INFO: pll pll z19606-pll-ss8lpp-18
INFO: SKIPPED. NOT RELEASE VESION.

l132-std-ss8lpp-1.8v.txt
INFO: ss8lpp 18 rel3.4.0
ERROR: IcvRunDRC not defined.
ss8lpp-18_11M_3Mx_6Dx_1Gx_1Iz_LB : /remote/cad-rep/proj/c132-ss8lpp-1.8v/rel3.4.0/cad/11M_3Mx_6Dx_1Gx_1Iz_LB/env.tcl
ERROR: IcvRunDRC not defined.
ss8lpp-18_12M_3Mx_6Dx_1Gx_2Iz_LB : /remote/cad-rep/proj/c132-ss8lpp-1.8v/rel3.4.0/cad/12M_3Mx_6Dx_1Gx_2Iz_LB/env.tcl
ERROR: IcvRunDRC not defined.
ss8lpp-18_13M_3Mx_6Dx_2Hx_2Iz_LB : /remote/cad-rep/proj/c132-ss8lpp-1.8v/rel3.4.0/cad/13M_3Mx_6Dx_2Hx_2Iz_LB/env.tcl
l132-std-ss8lpp-1.8v_A00.txt
INFO: ss8lpp 18_A00 rel1.0.0
ERROR: IcvRunDRC not defined.
ss8lpp-18_A00_11M_3Mx_6Dx_1Gx_1Iz_LB : /remote/cad-rep/proj/c132-ss8lpp-1.8v_A00/rel1.0.0/cad/11M_3Mx_6Dx_1Gx_1Iz_LB/env.tcl
ERROR: IcvRunDRC not defined.
ss8lpp-18_A00_12M_3Mx_6Dx_1Gx_2Iz_LB : /remote/cad-rep/proj/c132-ss8lpp-1.8v_A00/rel1.0.0/cad/12M_3Mx_6Dx_1Gx_2Iz_LB/env.tcl
ERROR: IcvRunDRC not defined.
ss8lpp-18_A00_13M_3Mx_6Dx_2Hx_2Iz_LB : /remote/cad-rep/proj/c132-ss8lpp-1.8v_A00/rel1.0.0/cad/13M_3Mx_6Dx_2Hx_2Iz_LB/env.tcl
x687-usb2-ss8lpp-18-ns.txt
INFO: ss8lpp 18_A00 
INFO: SKIPPED. NOT RELEASE VESION.

p021-emclk-ss8lpp-1.8.txt
INFO: CCS CCS "c132-ss8lpp-1.8v"
INFO: SKIPPED. NOT RELEASE VESION.

d545-lpddr4mv2-ss8lpp18.txt
INFO: ss8lpp 18 rel2.1.1
ERROR: IcvRunDRC not defined.
ss8lpp-18_11M_3Mx_6Dx_1Gx_1Iz_LB : /remote/cad-rep/proj/c132-ss8lpp-1.8v/rel2.1.1/cad/11M_3Mx_6Dx_1Gx_1Iz_LB/env.tcl
ERROR: IcvRunDRC not defined.
ss8lpp-18_12M_3Mx_6Dx_1Gx_2Iz_LB : /remote/cad-rep/proj/c132-ss8lpp-1.8v/rel2.1.1/cad/12M_3Mx_6Dx_1Gx_2Iz_LB/env.tcl
ERROR: IcvRunDRC not defined.
ss8lpp-18_13M_3Mx_6Dx_2Hx_2Iz_LB : /remote/cad-rep/proj/c132-ss8lpp-1.8v/rel2.1.1/cad/13M_3Mx_6Dx_2Hx_2Iz_LB/env.tcl
t030-pqv-ss8lpp-1.8.txt
INFO: CCS CCS "c132-ss8lpp-1.8v"
INFO: SKIPPED. NOT RELEASE VESION.

x333-e32-ss8lpp-18-ns.txt
INFO: ss8lpp 18 rel3.3.0
ERROR: IcvRunDRC not defined.
ss8lpp-18_11M_3Mx_6Dx_1Gx_1Iz_LB : /remote/cad-rep/proj/c132-ss8lpp-1.8v/rel3.3.0/cad/11M_3Mx_6Dx_1Gx_1Iz_LB/env.tcl
ERROR: IcvRunDRC not defined.
ss8lpp-18_12M_3Mx_6Dx_1Gx_2Iz_LB : /remote/cad-rep/proj/c132-ss8lpp-1.8v/rel3.3.0/cad/12M_3Mx_6Dx_1Gx_2Iz_LB/env.tcl
ERROR: IcvRunDRC not defined.
ss8lpp-18_13M_3Mx_6Dx_2Hx_2Iz_LB : /remote/cad-rep/proj/c132-ss8lpp-1.8v/rel3.3.0/cad/13M_3Mx_6Dx_2Hx_2Iz_LB/env.tcl
