c124-gf14lpp-1.8v : /remote/cad-rep/projects/adc/z3641-adc-sar-12b5m-gf14lpp-18/rel1.00/cad/project.env
gf14lpp-18_10M_3Mx_4Cx_2Kx_1Gx_LB : /remote/cad-rep/proj/c124-gf14lpp-1.8v/rel3.7.0/cad/10M_3Mx_4Cx_2Kx_1Gx_LB/env.tcl
gf14lpp-18_11M_3Mx_4Cx_2Kx_2Gx_LB : /remote/cad-rep/proj/c124-gf14lpp-1.8v/rel3.7.0/cad/11M_3Mx_4Cx_2Kx_2Gx_LB/env.tcl
gf14lpp-18_13M_3Mx_2Cx_4Kx_2Hx_2Gx_LB : /remote/cad-rep/proj/c124-gf14lpp-1.8v/rel3.7.0/cad/13M_3Mx_2Cx_4Kx_2Hx_2Gx_LB/env.tcl
gf14lpp-18_9M_3Mx_2Cx_2Kx_2Gx_LB : /remote/cad-rep/proj/c124-gf14lpp-1.8v/rel3.7.0/cad/9M_3Mx_2Cx_2Kx_2Gx_LB/env.tcl
gf14lpp-18_10M_3Mx_4Cx_2Kx_1Gx_LB : /remote/cad-rep/proj/c124-gf14lpp-1.8v/rel3.7.0/cad/10M_3Mx_4Cx_2Kx_1Gx_LB/env.tcl
gf14lpp-18_11M_3Mx_4Cx_2Kx_2Gx_LB : /remote/cad-rep/proj/c124-gf14lpp-1.8v/rel3.7.0/cad/11M_3Mx_4Cx_2Kx_2Gx_LB/env.tcl
gf14lpp-18_13M_3Mx_2Cx_4Kx_2Hx_2Gx_LB : /remote/cad-rep/proj/c124-gf14lpp-1.8v/rel3.7.0/cad/13M_3Mx_2Cx_4Kx_2Hx_2Gx_LB/env.tcl
gf14lpp-18_9M_3Mx_2Cx_2Kx_2Gx_LB : /remote/cad-rep/proj/c124-gf14lpp-1.8v/rel3.7.0/cad/9M_3Mx_2Cx_2Kx_2Gx_LB/env.tcl
ss14lpp-18_10M_3Mx_4Cx_2Kx_1Gx_LB : /remote/cad-rep/proj/c121-ss14lpp-1.8v/rel3.2/cad/10M_3Mx_4Cx_2Kx_1Gx_LB/env.tcl
ss14lpp-18_13M_3Mx_2Cx_4Kx_2Hx_2Gx_LB : /remote/cad-rep/proj/c121-ss14lpp-1.8v/rel3.2/cad/13M_3Mx_2Cx_4Kx_2Hx_2Gx_LB/env.tcl
gf14lpp-18_10M_3Mx_4Cx_2Kx_1Gx_LB : /remote/cad-rep/proj/c124-gf14lpp-1.8v/rel3.7.0/cad/10M_3Mx_4Cx_2Kx_1Gx_LB/env.tcl
gf14lpp-18_11M_3Mx_4Cx_2Kx_2Gx_LB : /remote/cad-rep/proj/c124-gf14lpp-1.8v/rel3.7.0/cad/11M_3Mx_4Cx_2Kx_2Gx_LB/env.tcl
gf14lpp-18_13M_3Mx_2Cx_4Kx_2Hx_2Gx_LB : /remote/cad-rep/proj/c124-gf14lpp-1.8v/rel3.7.0/cad/13M_3Mx_2Cx_4Kx_2Hx_2Gx_LB/env.tcl
gf14lpp-18_9M_3Mx_2Cx_2Kx_2Gx_LB : /remote/cad-rep/proj/c124-gf14lpp-1.8v/rel3.7.0/cad/9M_3Mx_2Cx_2Kx_2Gx_LB/env.tcl
gf14lpp-18_11M_3Mx_4Cx_2Kx_2Gx_LB : /remote/cad-rep/proj/c124-gf14lpp-1.8v/rel2.6.2/cad/11M_3Mx_4Cx_2Kx_2Gx_LB/env.tcl
gf14lpp-18_10M_3Mx_4Cx_2Kx_1Gx_LB : /remote/cad-rep/proj/c124-gf14lpp-1.8v/rel3.8.2/cad/10M_3Mx_4Cx_2Kx_1Gx_LB/env.tcl
gf14lpp-18_11M_3Mx_4Cx_2Kx_2Gx_LB : /remote/cad-rep/proj/c124-gf14lpp-1.8v/rel3.8.2/cad/11M_3Mx_4Cx_2Kx_2Gx_LB/env.tcl
gf14lpp-18_13M_3Mx_2Cx_4Kx_2Hx_2Gx_LB : /remote/cad-rep/proj/c124-gf14lpp-1.8v/rel3.8.2/cad/13M_3Mx_2Cx_4Kx_2Hx_2Gx_LB/env.tcl
gf14lpp-18_9M_3Mx_2Cx_2Kx_2Gx_LB : /remote/cad-rep/proj/c124-gf14lpp-1.8v/rel3.8.2/cad/9M_3Mx_2Cx_2Kx_2Gx_LB/env.tcl
