Information: Process ID for tool: 58245
SNPS_INFO   : SCRIPT_START : /remote/cad-rep/msip/tools/Lynxtools/shared/2021.09/qa_scripts/check_env_run.tcl : Tue Jul 19 12:10:33 2022
SNPS_INFO   : SCRIPT_START : /remote/cad-rep/msip/tools/Lynxtools/pcsqa/2021.09-SP1-1/scripts_global/conf/header_start.tcl : Tue Jul 19 12:10:33 2022
SNPS_INFO   : SCRIPT_START : /remote/cad-rep/msip/tools/Lynxtools/pcsqa/2021.09-SP1-1/scripts_global/rtm_shell/rtm_init_public.tcl : Tue Jul 19 12:10:33 2022
SNPS_INFO   : SCRIPT_STOP : /remote/cad-rep/msip/tools/Lynxtools/pcsqa/2021.09-SP1-1/scripts_global/rtm_shell/rtm_init_public.tcl : Tue Jul 19 12:10:33 2022
set SEV(gscript_dir) /slowfs/dcopt103/alvaro/sgscratch/pcsqa/scripts_global
set SEV(tscript_dir) /slowfs/dcopt103/alvaro/sgscratch/pcsqa/scripts_tech
set SEV(pscript_dir) /slowfs/dcopt103/alvaro/sgscratch/pcsqa/scripts_project
SNPS_INFO   : SCRIPT_START : /remote/cad-rep/msip/tools/Lynxtools/pcsqa/2021.09-SP1-1/scripts_global/conf/sev_values.tcl : Tue Jul 19 12:10:33 2022
SNPS_INFO   : SCRIPT_STOP : /remote/cad-rep/msip/tools/Lynxtools/pcsqa/2021.09-SP1-1/scripts_global/conf/sev_values.tcl : Tue Jul 19 12:10:33 2022
SNPS_INFO   : SCRIPT_START : /slowfs/dcopt103/alvaro/sgscratch/pcsqa/builds/hbm3-d763-hbm3-v2-tsmc3eff-12-ew-rel1.00_EWHardened/scripts_build/conf/sev_values.tcl : Tue Jul 19 12:10:33 2022
SNPS_INFO   : SCRIPT_STOP : /slowfs/dcopt103/alvaro/sgscratch/pcsqa/builds/hbm3-d763-hbm3-v2-tsmc3eff-12-ew-rel1.00_EWHardened/scripts_build/conf/sev_values.tcl : Tue Jul 19 12:10:33 2022
SNPS_INFO   : SCRIPT_START : /remote/cad-rep/msip/tools/Lynxtools/pcsqa/2021.09-SP1-1/scripts_global/conf/system_setup.tcl : Tue Jul 19 12:10:33 2022
SNPS_INFO   : Tracelog is not enabled
SNPS_INFO   : SCRIPT_STOP : /remote/cad-rep/msip/tools/Lynxtools/pcsqa/2021.09-SP1-1/scripts_global/conf/system_setup.tcl : Tue Jul 19 12:10:33 2022
SNPS_INFO   : SCRIPT_START : /slowfs/dcopt103/alvaro/sgscratch/pcsqa/builds/hbm3-d763-hbm3-v2-tsmc3eff-12-ew-rel1.00_EWHardened/scripts_build/conf/svar_values.tcl : Tue Jul 19 12:10:33 2022
SNPS_INFO   : SCRIPT_STOP : /slowfs/dcopt103/alvaro/sgscratch/pcsqa/builds/hbm3-d763-hbm3-v2-tsmc3eff-12-ew-rel1.00_EWHardened/scripts_build/conf/svar_values.tcl : Tue Jul 19 12:10:33 2022
SNPS_INFO   : SCRIPT_START : /remote/cad-rep/msip/tools/Lynxtools/pcsqa/2021.09-SP1-1/scripts_global/procs/procs_user.tcl : Tue Jul 19 12:10:33 2022
SNPS_INFO   : SCRIPT_STOP : /remote/cad-rep/msip/tools/Lynxtools/pcsqa/2021.09-SP1-1/scripts_global/procs/procs_user.tcl : Tue Jul 19 12:10:33 2022
SNPS_INFO   : SCRIPT_STOP : /remote/cad-rep/msip/tools/Lynxtools/pcsqa/2021.09-SP1-1/scripts_global/conf/header_start.tcl : Tue Jul 19 12:10:33 2022
SNPS_INFO   : SCRIPT_START : /remote/cad-rep/msip/tools/Lynxtools/shared/2021.09/conf/procs_user.tcl : Tue Jul 19 12:10:33 2022
SNPS_INFO   : SCRIPT_STOP : /remote/cad-rep/msip/tools/Lynxtools/shared/2021.09/conf/procs_user.tcl : Tue Jul 19 12:10:34 2022
SNPS_INFO   : SCRIPT_START : /remote/cad-rep/msip/tools/Lynxtools/pcsqa/2021.09-SP1-1/scripts_global/conf/header_stop.tcl : Tue Jul 19 12:10:34 2022
SNPS_INFO   : SCRIPT_START : /slowfs/dcopt103/alvaro/sgscratch/pcsqa/builds/hbm3-d763-hbm3-v2-tsmc3eff-12-ew-rel1.00_EWHardened/qa_step/check_ude_env_15M_1Xa_h_1Xb_v_1Xc_h_1Xd_v_1Ya_h_1Yb_v_4Y_hvhv_2Yy2Z_SHDMIM/logs/check_ude_env_15M_1Xa_h_1Xb_v_1Xc_h_1Xd_v_1Ya_h_1Yb_v_4Y_hvhv_2Yy2Z_SHDMIM.tev.varfile : Tue Jul 19 12:10:34 2022
SNPS_INFO   : SCRIPT_STOP : /slowfs/dcopt103/alvaro/sgscratch/pcsqa/builds/hbm3-d763-hbm3-v2-tsmc3eff-12-ew-rel1.00_EWHardened/qa_step/check_ude_env_15M_1Xa_h_1Xb_v_1Xc_h_1Xd_v_1Ya_h_1Yb_v_4Y_hvhv_2Yy2Z_SHDMIM/logs/check_ude_env_15M_1Xa_h_1Xb_v_1Xc_h_1Xd_v_1Ya_h_1Yb_v_4Y_hvhv_2Yy2Z_SHDMIM.tev.varfile : Tue Jul 19 12:10:34 2022
SNPS_INFO   : SCRIPT_START : /slowfs/dcopt103/alvaro/sgscratch/pcsqa/builds/hbm3-d763-hbm3-v2-tsmc3eff-12-ew-rel1.00_EWHardened/scripts_build/conf/setup.tcl : Tue Jul 19 12:10:34 2022
SNPS_HEADER : ## ------------------------------------- 
SNPS_INFO   : SEV(analysis_task) : 0
SNPS_INFO   : SEV(aro,errors) : 1
SNPS_INFO   : SEV(aro,port) : 32223
SNPS_INFO   : SEV(aro,port,mongo) : 27017
SNPS_INFO   : SEV(aro,server) : panther-lynx1
SNPS_INFO   : SEV(aro,server,mongo) : panther-lynx2
SNPS_INFO   : SEV(bit) : 64
SNPS_INFO   : SEV(block_dir) : /slowfs/dcopt103/alvaro/sgscratch/pcsqa/builds/hbm3-d763-hbm3-v2-tsmc3eff-12-ew-rel1.00_EWHardened
SNPS_INFO   : SEV(block_name) : hbm3-d763-hbm3-v2-tsmc3eff-12-ew-rel1.00_EWHardened
SNPS_INFO   : SEV(bscript_dir) : /slowfs/dcopt103/alvaro/sgscratch/pcsqa/builds/hbm3-d763-hbm3-v2-tsmc3eff-12-ew-rel1.00_EWHardened/scripts_build
SNPS_INFO   : SEV(build_dir) : /slowfs/dcopt103/alvaro/sgscratch/pcsqa/builds/hbm3-d763-hbm3-v2-tsmc3eff-12-ew-rel1.00_EWHardened
SNPS_INFO   : SEV(build_name) : hbm3-d763-hbm3-v2-tsmc3eff-12-ew-rel1.00_EWHardened
SNPS_INFO   : SEV(builds_dir) : /slowfs/dcopt103/alvaro/sgscratch/pcsqa/builds
SNPS_INFO   : SEV(config,flow_xml) : conf/config_flow.xml
SNPS_INFO   : SEV(config,js_method) : grd
SNPS_INFO   : SEV(config,rc_method) : perforce
SNPS_INFO   : SEV(config,tv_method) : modules
SNPS_INFO   : SEV(config,verbosity) : normal
SNPS_INFO   : SEV(dont_exit) : 0
SNPS_INFO   : SEV(dont_run) : 0
SNPS_INFO   : SEV(dst) : check_ude_env_15M_1Xa_h_1Xb_v_1Xc_h_1Xd_v_1Ya_h_1Yb_v_4Y_hvhv_2Yy2Z_SHDMIM
SNPS_INFO   : SEV(dst_dir) : /slowfs/dcopt103/alvaro/sgscratch/pcsqa/builds/hbm3-d763-hbm3-v2-tsmc3eff-12-ew-rel1.00_EWHardened/qa_step/check_ude_env_15M_1Xa_h_1Xb_v_1Xc_h_1Xd_v_1Ya_h_1Yb_v_4Y_hvhv_2Yy2Z_SHDMIM/work
SNPS_INFO   : SEV(dst_name) : check_ude_env_15M_1Xa_h_1Xb_v_1Xc_h_1Xd_v_1Ya_h_1Yb_v_4Y_hvhv_2Yy2Z_SHDMIM
SNPS_INFO   : SEV(enable,aro) : 0
SNPS_INFO   : SEV(enable,job) : 1
SNPS_INFO   : SEV(enable,metrics) : 0
SNPS_INFO   : SEV(env,FM_WAIT_LICENSE) : 1
SNPS_INFO   : SEV(env,HERCULES_LICENSE_WAIT) : 1
SNPS_INFO   : SEV(env,ICV_LICENSE_WAIT) : 1
SNPS_INFO   : SEV(env,SNPSLMD_QUEUE) : true
SNPS_INFO   : SEV(env,SNPS_MAX_QUEUETIME) : 60
SNPS_INFO   : SEV(env,SNPS_MAX_WAITTIME) : 600
SNPS_INFO   : SEV(env,STARRC_LICENSE_WAIT) : yes
SNPS_INFO   : SEV(exec_cmd) : sh
SNPS_INFO   : SEV(flow_name) : gen_flow_1
SNPS_INFO   : SEV(flow_order) : 3010001
SNPS_INFO   : SEV(gscript_dir) : /slowfs/dcopt103/alvaro/sgscratch/pcsqa/scripts_global
SNPS_INFO   : SEV(gui) : 0
SNPS_INFO   : SEV(job,misc1) : misc1
SNPS_INFO   : SEV(job,misc2) : misc2
SNPS_INFO   : SEV(job,misc3) : misc3
SNPS_INFO   : SEV(job,misc4) : mt
SNPS_INFO   : SEV(job,options) : 
SNPS_INFO   : SEV(job,queue) : bnormal
SNPS_INFO   : SEV(job,queue_batch) : bnormal
SNPS_INFO   : SEV(job,queue_child) : bnormal
SNPS_INFO   : SEV(job,queue_interactive) : iheavy
SNPS_INFO   : SEV(job,resources) : arch=glinux,h_rt=00:10:00
SNPS_INFO   : SEV(log_dir) : /slowfs/dcopt103/alvaro/sgscratch/pcsqa/builds/hbm3-d763-hbm3-v2-tsmc3eff-12-ew-rel1.00_EWHardened/qa_step/check_ude_env_15M_1Xa_h_1Xb_v_1Xc_h_1Xd_v_1Ya_h_1Yb_v_4Y_hvhv_2Yy2Z_SHDMIM/logs
SNPS_INFO   : SEV(log_file) : /slowfs/dcopt103/alvaro/sgscratch/pcsqa/builds/hbm3-d763-hbm3-v2-tsmc3eff-12-ew-rel1.00_EWHardened/qa_step/check_ude_env_15M_1Xa_h_1Xb_v_1Xc_h_1Xd_v_1Ya_h_1Yb_v_4Y_hvhv_2Yy2Z_SHDMIM/logs/check_ude_env_15M_1Xa_h_1Xb_v_1Xc_h_1Xd_v_1Ya_h_1Yb_v_4Y_hvhv_2Yy2Z_SHDMIM.log
SNPS_INFO   : SEV(metrics,errors) : 1
SNPS_INFO   : SEV(metrics,port) : 32222
SNPS_INFO   : SEV(metrics,server) : server_not_defined
SNPS_INFO   : SEV(metrics,server,mongo) : panther-lynx2
SNPS_INFO   : SEV(project_dir) : /global/lynx_dev
SNPS_INFO   : SEV(project_name) : PCSQA
SNPS_INFO   : SEV(pscript_dir) : /slowfs/dcopt103/alvaro/sgscratch/pcsqa/scripts_project
SNPS_INFO   : SEV(publish_dir) : /global/lynx_home/PUBLISH/Lynx
SNPS_INFO   : SEV(release_dir) : /global/lynx_dev/release
SNPS_INFO   : SEV(rpt_dir) : /slowfs/dcopt103/alvaro/sgscratch/pcsqa/builds/hbm3-d763-hbm3-v2-tsmc3eff-12-ew-rel1.00_EWHardened/qa_step/check_ude_env_15M_1Xa_h_1Xb_v_1Xc_h_1Xd_v_1Ya_h_1Yb_v_4Y_hvhv_2Yy2Z_SHDMIM/rpts
SNPS_INFO   : SEV(script_file) : /slowfs/dcopt103/alvaro/sgscratch/pcsqa/../../../../../remote/cad-rep/msip/tools/Lynxtools/shared/2021.09/qa_scripts/check_env_run.tcl
SNPS_INFO   : SEV(snapshot_dir) : /global/lynx_dev/snapshot
SNPS_INFO   : SEV(src) : ref_ccs
SNPS_INFO   : SEV(src_build_name) : hbm3-d763-hbm3-v2-tsmc3eff-12-ew-rel1.00_EWHardened
SNPS_INFO   : SEV(src_dir) : /slowfs/dcopt103/alvaro/sgscratch/pcsqa/builds/hbm3-d763-hbm3-v2-tsmc3eff-12-ew-rel1.00_EWHardened/qa_step/ref_ccs/work
SNPS_INFO   : SEV(src_name) : ref_ccs
SNPS_INFO   : SEV(src_step_name) : qa_step
SNPS_INFO   : SEV(step) : qa_step
SNPS_INFO   : SEV(step_dir) : /slowfs/dcopt103/alvaro/sgscratch/pcsqa/builds/hbm3-d763-hbm3-v2-tsmc3eff-12-ew-rel1.00_EWHardened/qa_step
SNPS_INFO   : SEV(step_name) : qa_step
SNPS_INFO   : SEV(task) : check_ude_env_15M_1Xa_h_1Xb_v_1Xc_h_1Xd_v_1Ya_h_1Yb_v_4Y_hvhv_2Yy2Z_SHDMIM
SNPS_INFO   : SEV(task_rpt_dir) : /slowfs/dcopt103/alvaro/sgscratch/pcsqa/builds/hbm3-d763-hbm3-v2-tsmc3eff-12-ew-rel1.00_EWHardened/qa_step/check_ude_env_15M_1Xa_h_1Xb_v_1Xc_h_1Xd_v_1Ya_h_1Yb_v_4Y_hvhv_2Yy2Z_SHDMIM/rpts/check_ude_env_15M_1Xa_h_1Xb_v_1Xc_h_1Xd_v_1Ya_h_1Yb_v_4Y_hvhv_2Yy2Z_SHDMIM
SNPS_INFO   : SEV(techlib_dir) : 
SNPS_INFO   : SEV(techlib_name) : 
SNPS_INFO   : SEV(tmp_dir) : /slowfs/dcopt103/alvaro/sgscratch/pcsqa/builds/hbm3-d763-hbm3-v2-tsmc3eff-12-ew-rel1.00_EWHardened/qa_step/check_ude_env_15M_1Xa_h_1Xb_v_1Xc_h_1Xd_v_1Ya_h_1Yb_v_4Y_hvhv_2Yy2Z_SHDMIM/tmp
SNPS_INFO   : SEV(trace) : 0
SNPS_INFO   : SEV(tscript_dir) : /slowfs/dcopt103/alvaro/sgscratch/pcsqa/scripts_tech
SNPS_INFO   : SEV(variable_group_files,SVAR) : conf/svar_values.tcl conf/svar_defines.xml conf/svar_checks.tcl
SNPS_INFO   : SEV(variable_groups) : SVAR
SNPS_INFO   : SEV(work_dir) : /slowfs/dcopt103/alvaro/sgscratch/pcsqa/builds/hbm3-d763-hbm3-v2-tsmc3eff-12-ew-rel1.00_EWHardened/qa_step/check_ude_env_15M_1Xa_h_1Xb_v_1Xc_h_1Xd_v_1Ya_h_1Yb_v_4Y_hvhv_2Yy2Z_SHDMIM/work
SNPS_INFO   : SEV(workarea_dir) : /slowfs/dcopt103/alvaro/sgscratch/pcsqa
SNPS_HEADER : ## ------------------------------------- 
SNPS_INFO   : TEV(haspPDK) : 1
SNPS_INFO   : TEV(metalstack) : 15M_1Xa_h_1Xb_v_1Xc_h_1Xd_v_1Ya_h_1Yb_v_4Y_hvhv_2Yy2Z_SHDMIM
SNPS_INFO   : TEV(retry) : 3
SNPS_HEADER : ## ------------------------------------- 
SNPS_INFO   : SCRIPT_START : /remote/cad-rep/msip/tools/Lynxtools/shared/2021.09/conf/procs_user.tcl : Tue Jul 19 12:10:34 2022
SNPS_INFO   : SCRIPT_STOP : /remote/cad-rep/msip/tools/Lynxtools/shared/2021.09/conf/procs_user.tcl : Tue Jul 19 12:10:34 2022
SNPS_INFO   : SCRIPT_STOP : /slowfs/dcopt103/alvaro/sgscratch/pcsqa/builds/hbm3-d763-hbm3-v2-tsmc3eff-12-ew-rel1.00_EWHardened/scripts_build/conf/setup.tcl : Tue Jul 19 12:10:34 2022
SNPS_INFO   : PROC_START : sproc_metric_system
SNPS_INFO  : METRIC    | TIMESTAMP SYS.START_TIME   | 1658247034
SNPS_INFO  : METRIC    | STRING    SYS.USER         | alvaro
SNPS_INFO  : METRIC    | STRING    SYS.PROJECT_NAME | PCSQA
SNPS_INFO  : METRIC    | STRING    SYS.BUILD_DIR    | /slowfs/dcopt103/alvaro/sgscratch/pcsqa/builds/hbm3-d763-hbm3-v2-tsmc3eff-12-ew-rel1.00_EWHardened
SNPS_INFO  : METRIC    | STRING    SYS.BUILD_NAME   | hbm3-d763-hbm3-v2-tsmc3eff-12-ew-rel1.00_EWHardened
SNPS_INFO  : METRIC    | STRING    SYS.STEP         | qa_step
SNPS_INFO  : METRIC    | STRING    SYS.SRC          | ref_ccs
SNPS_INFO  : METRIC    | STRING    SYS.DST          | check_ude_env_15M_1Xa_h_1Xb_v_1Xc_h_1Xd_v_1Ya_h_1Yb_v_4Y_hvhv_2Yy2Z_SHDMIM
SNPS_INFO  : METRIC    | STRING    SYS.TASK         | check_ude_env_15M_1Xa_h_1Xb_v_1Xc_h_1Xd_v_1Ya_h_1Yb_v_4Y_hvhv_2Yy2Z_SHDMIM
SNPS_INFO  : METRIC    | STRING    SYS.TASK_TYPE    | OPTIMIZE
SNPS_INFO  : METRIC    | STRING INFO.START_TIME   | Tue Jul 19 12:10:34 2022
SNPS_INFO  : METRIC    | STRING INFO.MACHINE      | us01msem-amd-64cx1024g-055
SNPS_INFO   : PROC_STOP  : sproc_metric_system
SNPS_INFO   : SCRIPT_STOP : /remote/cad-rep/msip/tools/Lynxtools/pcsqa/2021.09-SP1-1/scripts_global/conf/header_stop.tcl : Tue Jul 19 12:10:34 2022
SNPS_INFO   : Waiting for cdesigner.log or custom_compiler.log file
SNPS_INFO   : Waiting for verification to run...
SNPS_INFO   : UDE Session terminated
SNPS_INFO   : Session terminated with status - Session terminated. Log is at /slowfs/dcopt103/alvaro/sgscratch/pcsqa/builds/hbm3-d763-hbm3-v2-tsmc3eff-12-ew-rel1.00_EWHardened/qa_step/check_ude_env_15M_1Xa_h_1Xb_v_1Xc_h_1Xd_v_1Ya_h_1Yb_v_4Y_hvhv_2Yy2Z_SHDMIM/work/logs/ccompiler.alvaro.2022_7_19_121126_63449.log
SNPS_WARNING: (SDL-3) CCS contains no (default) lpplib, lpplib2, lpplib3 or lpplib4 reference
SNPS_ERROR  : (SDL-5) The pv environment has not properly read in for metal stack 15M_1Xa_h_1Xb_v_1Xc_h_1Xd_v_1Ya_h_1Yb_v_4Y_hvhv_2Yy2Z_SHDMIM, caused by:
SNPS_ERROR  : [12:12:20.35] /e Error: CCSQA found an issue. Please request support for debug
SNPS_ERROR  : (SDL-5) Please start up ude for metal stack 15M_1Xa_h_1Xb_v_1Xc_h_1Xd_v_1Ya_h_1Yb_v_4Y_hvhv_2Yy2Z_SHDMIM and execute invocation after Error to find cause
#############################################
SNPS_INFO   : METRIC | INTEGER CCSQA.ISSUES.check_ude_env_15M_1Xa_h_1Xb_v_1Xc_h_1Xd_v_1Ya_h_1Yb_v_4Y_hvhv_2Yy2Z_SHDMIM | 1
SNPS_INFO   : PROC_START : sproc_metric_system
SNPS_INFO   : PROC_START : sproc_metric_time_elapsed
SNPS_INFO   : PROC_STOP  : sproc_metric_time_elapsed
SNPS_INFO  : METRIC    | STRING    SYS.JOB_ID       | 8657502
SNPS_INFO  : METRIC    | STRING    SYS.TOOL_NAME    | tcl
SNPS_INFO  : METRIC    | STRING    SYS.TOOL_VERSION | 8.6.6
SNPS_INFO  : METRIC    | STRING    SYS.LICENSES     | LicenseDataUnavailable
SNPS_INFO  : METRIC    | TIMESTAMP SYS.STOP_TIME    | 1658247144
SNPS_INFO  : METRIC    | STRING  INFO.STOP_TIME       | Tue Jul 19 12:12:24 2022
SNPS_INFO  : METRIC    | STRING  INFO.TOTAL_TIME      | 00:00:01:50
SNPS_INFO  : METRIC    | STRING  INFO.REPORT_TIME     | unknown
SNPS_INFO  : METRIC    | INTEGER INFO.NUM_JOBS        | 1
SNPS_INFO  : METRIC    | INTEGER INFO.NUM_CORES       | 1
SNPS_INFO  : METRIC    | INTEGER INFO.NUM_CHILD_JOBS  | 1
SNPS_INFO  : METRIC    | INTEGER INFO.NUM_CHILD_CORES | 1
SNPS_INFO  : METRIC    | INTEGER INFO.MEMORY_USED     | NaM
SNPS_INFO   : PROC_STOP  : sproc_metric_system
SNPS_INFO   : SCRIPT_STOP : /remote/cad-rep/msip/tools/Lynxtools/shared/2021.09/qa_scripts/check_env_run.tcl : Tue Jul 19 12:12:39 2022
