tsmc16ffc : rel8.0.0 : 18_iPDK : x561-e56-tsmc16ffc-18-ns
tsmc16ffc : rel8.0.0 : 18_iPDK : x561-e56ec-tsmc16ffc-18-ns
tsmc16ffc : rel7.9.2 : 18 : z00000-dac-iq-12b640m-tsmc16ffc-18
tsmc16ffc : rel7.9.2 : 18 : x321-training_e32-tsmc16ffc-18-ns
tsmc16ffc : rel7.9.2 : 18 : t111-training-tsmc16ffc-1.8v
tsmc16ffc : rel7.9.2 : 18 : n413-c20-tsmc16ffc-18-ns
tsmc16ffc : rel7.9.2 : 18 : g301-dphy-cphy-tsmc16ffc-18
tsmc16ffc : rel7.8.1 : 18 : n113-c10-tsmc16ffc-18-ns
tsmc16ffc : rel7.8.0 : 18 : z19606-pll-tsmc16ffc-18
tsmc16ffc : rel7.6.0 : 18 : x695-ssp-tsmc16ffc-18-ns
tsmc16ffc : rel7.6.0 : 18 : o695-diffbuf-tsmc16ffc-18-ns
tsmc16ffc : rel7.6.0 : 18 : d541-lpddr4xm-tsmc16ffc18
tsmc16ffc : rel7.4.1 : 18 : e312-hdmi-mhl-txphy-tsmc16ffc-18
tsmc16ffc : rel7.3.0 : 18 : z8631-dac-12b20m-tsmc16ffc-18
tsmc16ffc : rel7.3.0 : 18 : z00000-tchip-tdcs32B-tsmc16ffc-18
tsmc16ffc : rel7.17.0 : 18 : x583-training_e112-tsmc16ffc-18-ns
tsmc16ffc : rel7.17.0 : 18 : t112-training-tsmc16ffc-1.8v
tsmc16ffc : rel7.17.0 : 18 : d851-lpddr54-tsmc16ffc18
tsmc16ffc : rel7.16.0 : 18 : x650-usbc3-tsmc16ffc-18-ns
tsmc16ffc : rel7.16.0 : 18 : x650-usb2-tsmc16ffc-18-ns
tsmc16ffc : rel7.16.0 : 18 : x650-ssp-tsmc16ffc-18-ns
tsmc16ffc : rel7.16.0 : 18 : x321-e32-tsmc16ffc-18-ns
tsmc16ffc : rel7.16.0 : 18 : w155-nvm-otp-shfg2-tsmc16ffc-1.8v
tsmc16ffc : rel7.16.0 : 18 : e702-hdmi21-rxphy-tsmc16ffc-18
tsmc16ffc : rel7.15.1 : 18 : x044-e16-tsmc16ffc-18-ns
tsmc16ffc : rel7.15.1 : 18 : g240-mphy-tsmc16ffc-18
tsmc16ffc : rel7.15.1 : 18 : g129-dphy-tsmc16ffc-18
tsmc16ffc : rel7.15.0 : 18 : n505-dpalt-c10-tsmc16ffc-18-ns
tsmc16ffc : rel7.15.0 : 18 : n105-c10-tsmc16ffc-18-ns
tsmc16ffc : rel7.14.2 : 18 : z3647-adc-sar-12b5m-tsmc16ffc-18
tsmc16ffc : rel7.14.2 : 18 : s001-pms-5060pvtc-tsmc16ffc-18
tsmc16ffc : rel7.14.2 : 18 : s001-pms-5040pd-tsmc16ffc-18
tsmc16ffc : rel7.14.2 : 18 : s001-pms-5030vm-tsmc16ffc-18
tsmc16ffc : rel7.14.2 : 18 : s001-pms-5029ts-tsmc16ffc-18
tsmc16ffc : rel7.14.2 : 18 : s001-pms-5029td-tsmc16ffc-18
tsmc16ffc : rel7.14.1 : 18 : u106-cmnblks-tsmc16ffc-18
tsmc16ffc : rel7.14.0 : 18 : w154-nvm-otp-xpm-tsmc16ffc-1.8v
tsmc16ffc : rel7.13.0 : 18 : z00000-adc-sar-12b-tsmc16ffc-18
tsmc16ffc : rel7.13.0 : 18 : d553-lpddr4xm-ap1-tsmc16ffc18
tsmc16ffc : rel7.12.0 : 18 : z34993-adc-iq-12b320m-tsmc16ffc-18
tsmc16ffc : rel7.12.0 : 18 : z00000-adc-sar-gen4p5-tsmc16ffc-18
tsmc16ffc : rel7.12.0 : 18 : x082-e25-tsmc16ffc-18-ns
tsmc16ffc : rel7.12.0 : 18 : d801-ddr54-tsmc16ffc18
tsmc16ffc : rel7.1.1 : 18 : n108-c10-tsmc16ffc-18-ns
tsmc16ffc : rel7.1.1 : 18 : e601-hdmi21-txphy-tsmc16ffc-18
tsmc16ffc : rel7.1.0 : 18 : g134-dphy-tsmc16ffc-18
tsmc16ffc : rel7.1.0 : 18 : d531-lpddr4mv2-tsmc16ffc18
tsmc16ffc : rel7.1.0 : 18 : d511-ddr43-tsmc16ffc18
tsmc16ffc : rel7.10.0 : 18 : z8562-dac-iq-12b640m-tsmc16ffc-18
tsmc16ffc : rel7.10.0 : 18 : z00000-dac-12b1g-tsmc16ffc-18
tsmc16ffc : rel7.10.0 : 18 : w267-nvm-otp-sx-tsmc16ffc-1.8v
tsmc16ffc : rel7.10.0 : 18 : w256-nvm-otp-ops-tsmc16ffc-1.8v
tsmc16ffc : rel7.10.0 : 18 : w001-nvm-otp-commonLibs-tsmc16ffc-1.8v
tsmc16ffc : rel7.10.0 : 18 : l227-std-tsmc16ffc-1.8v
tsmc16ffc : rel6.5.0 : 18 : n301-c10-tsmc16ffc-18-ns
tsmc16ffc : rel6.3.0 : 18 : z00000-tchip-tdcs32B_SiVi-tsmc16ffc-18
tsmc16ffc : rel6.3.0 : 18 : z00000-adc-sar-gen4-tsmc16ffc-18
tsmc16ffc : rel6.3.0 : 18 : z00000-adc-sar-8b28g-tsmc16ffc-18
tsmc16ffc : rel6.2.0 : 18 : n508-dpalt-c10-tsmc16ffc-18-ns
tsmc16ffc : rel6.1.0 : 18 : d525-d5m_sstl-tsmc16ffc18
tsmc16ffc : rel3.3.3_18_06_01_1 : 18 : t333-training-tsmc16ffc-1.8v
tsmc16ffc : rel1.0.0_22_05_17_3 : 18_training : t123-training-tsmc16ffc-1.8v
