c142-gf22fdsoiext-1.8v : /remote/cad-rep/projects/adc/z00000-adc-sar-gen4p5-gf22fdsoi-18/rel1.22/cad/project.env
gf22fdsoiext-18_10M_2Mx_4Cx_2Bx_2Jx_LB : /remote/cad-rep/proj/c142-gf22fdsoiext-1.8v/rel2.9.0/cad/10M_2Mx_4Cx_2Bx_2Jx_LB/env.tcl
gf22fdsoiext-18_10M_2Mx_5Cx_1Jx_2Qx_LB : /remote/cad-rep/proj/c142-gf22fdsoiext-1.8v/rel2.9.0/cad/10M_2Mx_5Cx_1Jx_2Qx_LB/env.tcl
gf22fdsoiext-18_10M_2Mx_6Cx_2Ix_LB : /remote/cad-rep/proj/c142-gf22fdsoiext-1.8v/rel2.9.0/cad/10M_2Mx_6Cx_2Ix_LB/env.tcl
gf22fdsoiext-18_7M_2Mx_3Cx_1Ix_1Ox_LB : /remote/cad-rep/proj/c142-gf22fdsoiext-1.8v/rel2.9.0/cad/7M_2Mx_3Cx_1Ix_1Ox_LB/env.tcl
gf22fdsoiext-18_7M_2Mx_4Cx_1Ix_LB : /remote/cad-rep/proj/c142-gf22fdsoiext-1.8v/rel2.9.0/cad/7M_2Mx_4Cx_1Ix_LB/env.tcl
gf22fdsoiext-18_8M_2Mx_4Cx_1Ix_1Ox_LB : /remote/cad-rep/proj/c142-gf22fdsoiext-1.8v/rel2.9.0/cad/8M_2Mx_4Cx_1Ix_1Ox_LB/env.tcl
gf22fdsoiext-18_8M_2Mx_4Cx_2Ix_LB : /remote/cad-rep/proj/c142-gf22fdsoiext-1.8v/rel2.9.0/cad/8M_2Mx_4Cx_2Ix_LB/env.tcl
gf22fdsoiext-18_8M_2Mx_5Cx_1Ix_LB : /remote/cad-rep/proj/c142-gf22fdsoiext-1.8v/rel2.9.0/cad/8M_2Mx_5Cx_1Ix_LB/env.tcl
gf22fdsoiext-18_9M_2Mx_3Cx_2Bx_1Ix_1Ox_LB : /remote/cad-rep/proj/c142-gf22fdsoiext-1.8v/rel2.9.0/cad/9M_2Mx_3Cx_2Bx_1Ix_1Ox_LB/env.tcl
gf22fdsoiext-18_9M_2Mx_3Cx_2Bx_1Ix_1Ox_LB__eMRAM : /remote/cad-rep/proj/c142-gf22fdsoiext-1.8v/rel2.9.0/cad/9M_2Mx_3Cx_2Bx_1Ix_1Ox_LB__eMRAM/env.tcl
gf22fdsoiext-18_9M_2Mx_5Cx_1Jx_1Ox_LB : /remote/cad-rep/proj/c142-gf22fdsoiext-1.8v/rel2.9.0/cad/9M_2Mx_5Cx_1Jx_1Ox_LB/env.tcl
gf22fdsoiext-18_9M_2Mx_5Cx_2Ix_LB : /remote/cad-rep/proj/c142-gf22fdsoiext-1.8v/rel2.9.0/cad/9M_2Mx_5Cx_2Ix_LB/env.tcl
gf22fdsoiext-18_10M_2Mx_4Cx_2Bx_2Jx_LB : /remote/cad-rep/proj/c142-gf22fdsoiext-1.8v/rel1.5.1/cad/10M_2Mx_4Cx_2Bx_2Jx_LB/env.tcl
gf22fdsoiext-18_10M_2Mx_5Cx_1Jx_2Qx_LB : /remote/cad-rep/proj/c142-gf22fdsoiext-1.8v/rel1.5.1/cad/10M_2Mx_5Cx_1Jx_2Qx_LB/env.tcl
gf22fdsoiext-18_10M_2Mx_6Cx_2Ix_LB : /remote/cad-rep/proj/c142-gf22fdsoiext-1.8v/rel1.5.1/cad/10M_2Mx_6Cx_2Ix_LB/env.tcl
gf22fdsoiext-18_8M_2Mx_4Cx_1Ix_1Ox_LB : /remote/cad-rep/proj/c142-gf22fdsoiext-1.8v/rel1.5.1/cad/8M_2Mx_4Cx_1Ix_1Ox_LB/env.tcl
gf22fdsoiext-18_8M_2Mx_4Cx_2Ix_LB : /remote/cad-rep/proj/c142-gf22fdsoiext-1.8v/rel1.5.1/cad/8M_2Mx_4Cx_2Ix_LB/env.tcl
gf22fdsoiext-18_9M_2Mx_3Cx_2Bx_1Ix_1Ox_LB : /remote/cad-rep/proj/c142-gf22fdsoiext-1.8v/rel1.5.1/cad/9M_2Mx_3Cx_2Bx_1Ix_1Ox_LB/env.tcl
gf22fdsoiext-18_9M_2Mx_3Cx_2Bx_1Ix_1Ox_LB__eMRAM : /remote/cad-rep/proj/c142-gf22fdsoiext-1.8v/rel1.5.1/cad/9M_2Mx_3Cx_2Bx_1Ix_1Ox_LB__eMRAM/env.tcl
gf22fdsoi-18_10M_2Mx_6Cx_2Ix_LB : /remote/cad-rep/proj/c128-gf22fdsoi-1.8v/rel4.3.2/cad/10M_2Mx_6Cx_2Ix_LB/env.tcl
gf22fdsoi-18_7M_2Mx_3Cx_1Ix_1Ox_LB : /remote/cad-rep/proj/c128-gf22fdsoi-1.8v/rel4.3.2/cad/7M_2Mx_3Cx_1Ix_1Ox_LB/env.tcl
gf22fdsoi-18_8M_2Mx_4Cx_1Ix_1Ox_LB : /remote/cad-rep/proj/c128-gf22fdsoi-1.8v/rel4.3.2/cad/8M_2Mx_4Cx_1Ix_1Ox_LB/env.tcl
gf22fdsoi-18_8M_2Mx_4Cx_2Ix_LB : /remote/cad-rep/proj/c128-gf22fdsoi-1.8v/rel4.3.2/cad/8M_2Mx_4Cx_2Ix_LB/env.tcl
gf22fdsoi-18_9M_2Mx_3Cx_2Bx_1Ix_1Ox_LB : /remote/cad-rep/proj/c128-gf22fdsoi-1.8v/rel4.3.2/cad/9M_2Mx_3Cx_2Bx_1Ix_1Ox_LB/env.tcl
gf22fdsoi-18_9M_2Mx_3Cx_2Bx_1Ix_1Ox_LB_MRAM : /remote/cad-rep/proj/c128-gf22fdsoi-1.8v/rel4.3.2/cad/9M_2Mx_3Cx_2Bx_1Ix_1Ox_LB_MRAM/env.tcl
gf22fdsoiext-18_10M_2Mx_4Cx_2Bx_2Jx_LB : /remote/cad-rep/proj/c142-gf22fdsoiext-1.8v/rel2.9.0/cad/10M_2Mx_4Cx_2Bx_2Jx_LB/env.tcl
gf22fdsoiext-18_10M_2Mx_5Cx_1Jx_2Qx_LB : /remote/cad-rep/proj/c142-gf22fdsoiext-1.8v/rel2.9.0/cad/10M_2Mx_5Cx_1Jx_2Qx_LB/env.tcl
gf22fdsoiext-18_10M_2Mx_6Cx_2Ix_LB : /remote/cad-rep/proj/c142-gf22fdsoiext-1.8v/rel2.9.0/cad/10M_2Mx_6Cx_2Ix_LB/env.tcl
gf22fdsoiext-18_7M_2Mx_3Cx_1Ix_1Ox_LB : /remote/cad-rep/proj/c142-gf22fdsoiext-1.8v/rel2.9.0/cad/7M_2Mx_3Cx_1Ix_1Ox_LB/env.tcl
gf22fdsoiext-18_7M_2Mx_4Cx_1Ix_LB : /remote/cad-rep/proj/c142-gf22fdsoiext-1.8v/rel2.9.0/cad/7M_2Mx_4Cx_1Ix_LB/env.tcl
gf22fdsoiext-18_8M_2Mx_4Cx_1Ix_1Ox_LB : /remote/cad-rep/proj/c142-gf22fdsoiext-1.8v/rel2.9.0/cad/8M_2Mx_4Cx_1Ix_1Ox_LB/env.tcl
gf22fdsoiext-18_8M_2Mx_4Cx_2Ix_LB : /remote/cad-rep/proj/c142-gf22fdsoiext-1.8v/rel2.9.0/cad/8M_2Mx_4Cx_2Ix_LB/env.tcl
gf22fdsoiext-18_8M_2Mx_5Cx_1Ix_LB : /remote/cad-rep/proj/c142-gf22fdsoiext-1.8v/rel2.9.0/cad/8M_2Mx_5Cx_1Ix_LB/env.tcl
gf22fdsoiext-18_9M_2Mx_3Cx_2Bx_1Ix_1Ox_LB : /remote/cad-rep/proj/c142-gf22fdsoiext-1.8v/rel2.9.0/cad/9M_2Mx_3Cx_2Bx_1Ix_1Ox_LB/env.tcl
gf22fdsoiext-18_9M_2Mx_3Cx_2Bx_1Ix_1Ox_LB__eMRAM : /remote/cad-rep/proj/c142-gf22fdsoiext-1.8v/rel2.9.0/cad/9M_2Mx_3Cx_2Bx_1Ix_1Ox_LB__eMRAM/env.tcl
gf22fdsoiext-18_9M_2Mx_5Cx_1Jx_1Ox_LB : /remote/cad-rep/proj/c142-gf22fdsoiext-1.8v/rel2.9.0/cad/9M_2Mx_5Cx_1Jx_1Ox_LB/env.tcl
gf22fdsoiext-18_9M_2Mx_5Cx_2Ix_LB : /remote/cad-rep/proj/c142-gf22fdsoiext-1.8v/rel2.9.0/cad/9M_2Mx_5Cx_2Ix_LB/env.tcl
gf22fdsoiext-18_10M_2Mx_4Cx_2Bx_2Jx_LB : /remote/cad-rep/proj/c142-gf22fdsoiext-1.8v/rel1.5.1/cad/10M_2Mx_4Cx_2Bx_2Jx_LB/env.tcl
gf22fdsoiext-18_10M_2Mx_5Cx_1Jx_2Qx_LB : /remote/cad-rep/proj/c142-gf22fdsoiext-1.8v/rel1.5.1/cad/10M_2Mx_5Cx_1Jx_2Qx_LB/env.tcl
gf22fdsoiext-18_10M_2Mx_6Cx_2Ix_LB : /remote/cad-rep/proj/c142-gf22fdsoiext-1.8v/rel1.5.1/cad/10M_2Mx_6Cx_2Ix_LB/env.tcl
gf22fdsoiext-18_8M_2Mx_4Cx_1Ix_1Ox_LB : /remote/cad-rep/proj/c142-gf22fdsoiext-1.8v/rel1.5.1/cad/8M_2Mx_4Cx_1Ix_1Ox_LB/env.tcl
gf22fdsoiext-18_8M_2Mx_4Cx_2Ix_LB : /remote/cad-rep/proj/c142-gf22fdsoiext-1.8v/rel1.5.1/cad/8M_2Mx_4Cx_2Ix_LB/env.tcl
gf22fdsoiext-18_9M_2Mx_3Cx_2Bx_1Ix_1Ox_LB : /remote/cad-rep/proj/c142-gf22fdsoiext-1.8v/rel1.5.1/cad/9M_2Mx_3Cx_2Bx_1Ix_1Ox_LB/env.tcl
gf22fdsoiext-18_9M_2Mx_3Cx_2Bx_1Ix_1Ox_LB__eMRAM : /remote/cad-rep/proj/c142-gf22fdsoiext-1.8v/rel1.5.1/cad/9M_2Mx_3Cx_2Bx_1Ix_1Ox_LB__eMRAM/env.tcl
gf22fdsoi-18_10M_2Mx_6Cx_2Ix_LB : /remote/cad-rep/proj/c128-gf22fdsoi-1.8v/rel4.3.3/cad/10M_2Mx_6Cx_2Ix_LB/env.tcl
gf22fdsoi-18_7M_2Mx_3Cx_1Ix_1Ox_LB : /remote/cad-rep/proj/c128-gf22fdsoi-1.8v/rel4.3.3/cad/7M_2Mx_3Cx_1Ix_1Ox_LB/env.tcl
gf22fdsoi-18_8M_2Mx_4Cx_1Ix_1Ox_LB : /remote/cad-rep/proj/c128-gf22fdsoi-1.8v/rel4.3.3/cad/8M_2Mx_4Cx_1Ix_1Ox_LB/env.tcl
gf22fdsoi-18_8M_2Mx_4Cx_2Ix_LB : /remote/cad-rep/proj/c128-gf22fdsoi-1.8v/rel4.3.3/cad/8M_2Mx_4Cx_2Ix_LB/env.tcl
gf22fdsoi-18_9M_2Mx_3Cx_2Bx_1Ix_1Ox_LB : /remote/cad-rep/proj/c128-gf22fdsoi-1.8v/rel4.3.3/cad/9M_2Mx_3Cx_2Bx_1Ix_1Ox_LB/env.tcl
gf22fdsoi-18_9M_2Mx_3Cx_2Bx_1Ix_1Ox_LB_MRAM : /remote/cad-rep/proj/c128-gf22fdsoi-1.8v/rel4.3.3/cad/9M_2Mx_3Cx_2Bx_1Ix_1Ox_LB_MRAM/env.tcl
gf22fdsoi-18_10M_2Mx_6Cx_2Ix_LB : /remote/cad-rep/proj/c128-gf22fdsoi-1.8v/rel4.3.3/cad/10M_2Mx_6Cx_2Ix_LB/env.tcl
gf22fdsoi-18_7M_2Mx_3Cx_1Ix_1Ox_LB : /remote/cad-rep/proj/c128-gf22fdsoi-1.8v/rel4.3.3/cad/7M_2Mx_3Cx_1Ix_1Ox_LB/env.tcl
gf22fdsoi-18_8M_2Mx_4Cx_1Ix_1Ox_LB : /remote/cad-rep/proj/c128-gf22fdsoi-1.8v/rel4.3.3/cad/8M_2Mx_4Cx_1Ix_1Ox_LB/env.tcl
gf22fdsoi-18_8M_2Mx_4Cx_2Ix_LB : /remote/cad-rep/proj/c128-gf22fdsoi-1.8v/rel4.3.3/cad/8M_2Mx_4Cx_2Ix_LB/env.tcl
gf22fdsoi-18_9M_2Mx_3Cx_2Bx_1Ix_1Ox_LB : /remote/cad-rep/proj/c128-gf22fdsoi-1.8v/rel4.3.3/cad/9M_2Mx_3Cx_2Bx_1Ix_1Ox_LB/env.tcl
gf22fdsoi-18_9M_2Mx_3Cx_2Bx_1Ix_1Ox_LB_MRAM : /remote/cad-rep/proj/c128-gf22fdsoi-1.8v/rel4.3.3/cad/9M_2Mx_3Cx_2Bx_1Ix_1Ox_LB_MRAM/env.tcl
gf22fdsoi-18_10M_2Mx_6Cx_2Ix_LB : /remote/cad-rep/proj/c128-gf22fdsoi-1.8v/rel4.3.1/cad/10M_2Mx_6Cx_2Ix_LB/env.tcl
gf22fdsoi-18_7M_2Mx_3Cx_1Ix_1Ox_LB : /remote/cad-rep/proj/c128-gf22fdsoi-1.8v/rel4.3.1/cad/7M_2Mx_3Cx_1Ix_1Ox_LB/env.tcl
gf22fdsoi-18_8M_2Mx_4Cx_1Ix_1Ox_LB : /remote/cad-rep/proj/c128-gf22fdsoi-1.8v/rel4.3.1/cad/8M_2Mx_4Cx_1Ix_1Ox_LB/env.tcl
gf22fdsoi-18_8M_2Mx_4Cx_2Ix_LB : /remote/cad-rep/proj/c128-gf22fdsoi-1.8v/rel4.3.1/cad/8M_2Mx_4Cx_2Ix_LB/env.tcl
gf22fdsoi-18_9M_2Mx_3Cx_2Bx_1Ix_1Ox_LB : /remote/cad-rep/proj/c128-gf22fdsoi-1.8v/rel4.3.1/cad/9M_2Mx_3Cx_2Bx_1Ix_1Ox_LB/env.tcl
gf22fdsoi-18_9M_2Mx_3Cx_2Bx_1Ix_1Ox_LB_MRAM : /remote/cad-rep/proj/c128-gf22fdsoi-1.8v/rel4.3.1/cad/9M_2Mx_3Cx_2Bx_1Ix_1Ox_LB_MRAM/env.tcl
gf22fdsoi-18_7M_2Mx_3Cx_1Ix_1Ox_LB : /remote/cad-rep/proj/c128-gf22fdsoi-1.8v/rel4.0.0/cad/7M_2Mx_3Cx_1Ix_1Ox_LB/env.tcl
gf22fdsoi-18_8M_2Mx_4Cx_1Ix_1Ox_LB : /remote/cad-rep/proj/c128-gf22fdsoi-1.8v/rel4.0.0/cad/8M_2Mx_4Cx_1Ix_1Ox_LB/env.tcl
gf22fdsoi-18_8M_2Mx_4Cx_2Ix_LB : /remote/cad-rep/proj/c128-gf22fdsoi-1.8v/rel4.0.0/cad/8M_2Mx_4Cx_2Ix_LB/env.tcl
gf22fdsoi-18_9M_2Mx_3Cx_2Bx_1Ix_1Ox_LB : /remote/cad-rep/proj/c128-gf22fdsoi-1.8v/rel4.0.0/cad/9M_2Mx_3Cx_2Bx_1Ix_1Ox_LB/env.tcl
gf22fdsoi-18_8M_2Mx_4Cx_1Ix_1Ox_LB : /remote/cad-rep/proj/c128-gf22fdsoi-1.8v/rel3.0.0/cad/8M_2Mx_4Cx_1Ix_1Ox_LB/env.tcl
gf22fdsoi-18_8M_2Mx_4Cx_2Ix_LB : /remote/cad-rep/proj/c128-gf22fdsoi-1.8v/rel3.0.0/cad/8M_2Mx_4Cx_2Ix_LB/env.tcl
gf22fdsoi-18_10M_2Mx_6Cx_2Ix_LB : /remote/cad-rep/proj/c128-gf22fdsoi-1.8v/rel4.3.4/cad/10M_2Mx_6Cx_2Ix_LB/env.tcl
gf22fdsoi-18_7M_2Mx_3Cx_1Ix_1Ox_LB : /remote/cad-rep/proj/c128-gf22fdsoi-1.8v/rel4.3.4/cad/7M_2Mx_3Cx_1Ix_1Ox_LB/env.tcl
gf22fdsoi-18_8M_2Mx_4Cx_1Ix_1Ox_LB : /remote/cad-rep/proj/c128-gf22fdsoi-1.8v/rel4.3.4/cad/8M_2Mx_4Cx_1Ix_1Ox_LB/env.tcl
gf22fdsoi-18_8M_2Mx_4Cx_2Ix_LB : /remote/cad-rep/proj/c128-gf22fdsoi-1.8v/rel4.3.4/cad/8M_2Mx_4Cx_2Ix_LB/env.tcl
gf22fdsoi-18_9M_2Mx_3Cx_2Bx_1Ix_1Ox_LB : /remote/cad-rep/proj/c128-gf22fdsoi-1.8v/rel4.3.4/cad/9M_2Mx_3Cx_2Bx_1Ix_1Ox_LB/env.tcl
gf22fdsoi-18_9M_2Mx_3Cx_2Bx_1Ix_1Ox_LB_MRAM : /remote/cad-rep/proj/c128-gf22fdsoi-1.8v/rel4.3.4/cad/9M_2Mx_3Cx_2Bx_1Ix_1Ox_LB_MRAM/env.tcl
gf22fdsoi-18_10M_2Mx_6Cx_2Ix_LB : /remote/cad-rep/proj/c128-gf22fdsoi-1.8v/rel4.5.0/cad/10M_2Mx_6Cx_2Ix_LB/env.tcl
gf22fdsoi-18_8M_2Mx_4Cx_1Ix_1Ox_LB : /remote/cad-rep/proj/c128-gf22fdsoi-1.8v/rel4.5.0/cad/8M_2Mx_4Cx_1Ix_1Ox_LB/env.tcl
gf22fdsoi-18_8M_2Mx_4Cx_2Ix_LB : /remote/cad-rep/proj/c128-gf22fdsoi-1.8v/rel4.5.0/cad/8M_2Mx_4Cx_2Ix_LB/env.tcl
gf22fdsoi-18_9M_2Mx_3Cx_2Bx_1Ix_1Ox_LB : /remote/cad-rep/proj/c128-gf22fdsoi-1.8v/rel4.5.0/cad/9M_2Mx_3Cx_2Bx_1Ix_1Ox_LB/env.tcl
gf22fdsoi-18_9M_2Mx_3Cx_2Bx_1Ix_1Ox_LB_MRAM : /remote/cad-rep/proj/c128-gf22fdsoi-1.8v/rel4.5.0/cad/9M_2Mx_3Cx_2Bx_1Ix_1Ox_LB_MRAM/env.tcl
gf22fdsoiext-18_10M_2Mx_4Cx_2Bx_2Jx_LB : /remote/cad-rep/proj/c142-gf22fdsoiext-1.8v/rel1.5.1/cad/10M_2Mx_4Cx_2Bx_2Jx_LB/env.tcl
gf22fdsoiext-18_10M_2Mx_5Cx_1Jx_2Qx_LB : /remote/cad-rep/proj/c142-gf22fdsoiext-1.8v/rel1.5.1/cad/10M_2Mx_5Cx_1Jx_2Qx_LB/env.tcl
gf22fdsoiext-18_10M_2Mx_6Cx_2Ix_LB : /remote/cad-rep/proj/c142-gf22fdsoiext-1.8v/rel1.5.1/cad/10M_2Mx_6Cx_2Ix_LB/env.tcl
gf22fdsoiext-18_8M_2Mx_4Cx_1Ix_1Ox_LB : /remote/cad-rep/proj/c142-gf22fdsoiext-1.8v/rel1.5.1/cad/8M_2Mx_4Cx_1Ix_1Ox_LB/env.tcl
gf22fdsoiext-18_8M_2Mx_4Cx_2Ix_LB : /remote/cad-rep/proj/c142-gf22fdsoiext-1.8v/rel1.5.1/cad/8M_2Mx_4Cx_2Ix_LB/env.tcl
gf22fdsoiext-18_9M_2Mx_3Cx_2Bx_1Ix_1Ox_LB : /remote/cad-rep/proj/c142-gf22fdsoiext-1.8v/rel1.5.1/cad/9M_2Mx_3Cx_2Bx_1Ix_1Ox_LB/env.tcl
gf22fdsoiext-18_9M_2Mx_3Cx_2Bx_1Ix_1Ox_LB__eMRAM : /remote/cad-rep/proj/c142-gf22fdsoiext-1.8v/rel1.5.1/cad/9M_2Mx_3Cx_2Bx_1Ix_1Ox_LB__eMRAM/env.tcl
gf22fdsoi-18_10M_2Mx_6Cx_2Ix_LB : /remote/cad-rep/proj/c128-gf22fdsoi-1.8v/rel4.3.1/cad/10M_2Mx_6Cx_2Ix_LB/env.tcl
gf22fdsoi-18_7M_2Mx_3Cx_1Ix_1Ox_LB : /remote/cad-rep/proj/c128-gf22fdsoi-1.8v/rel4.3.1/cad/7M_2Mx_3Cx_1Ix_1Ox_LB/env.tcl
gf22fdsoi-18_8M_2Mx_4Cx_1Ix_1Ox_LB : /remote/cad-rep/proj/c128-gf22fdsoi-1.8v/rel4.3.1/cad/8M_2Mx_4Cx_1Ix_1Ox_LB/env.tcl
gf22fdsoi-18_8M_2Mx_4Cx_2Ix_LB : /remote/cad-rep/proj/c128-gf22fdsoi-1.8v/rel4.3.1/cad/8M_2Mx_4Cx_2Ix_LB/env.tcl
gf22fdsoi-18_9M_2Mx_3Cx_2Bx_1Ix_1Ox_LB : /remote/cad-rep/proj/c128-gf22fdsoi-1.8v/rel4.3.1/cad/9M_2Mx_3Cx_2Bx_1Ix_1Ox_LB/env.tcl
gf22fdsoi-18_9M_2Mx_3Cx_2Bx_1Ix_1Ox_LB_MRAM : /remote/cad-rep/proj/c128-gf22fdsoi-1.8v/rel4.3.1/cad/9M_2Mx_3Cx_2Bx_1Ix_1Ox_LB_MRAM/env.tcl
gf22fdsoi-18_10M_2Mx_6Cx_2Ix_LB : /remote/cad-rep/proj/c128-gf22fdsoi-1.8v/rel4.3.4/cad/10M_2Mx_6Cx_2Ix_LB/env.tcl
gf22fdsoi-18_7M_2Mx_3Cx_1Ix_1Ox_LB : /remote/cad-rep/proj/c128-gf22fdsoi-1.8v/rel4.3.4/cad/7M_2Mx_3Cx_1Ix_1Ox_LB/env.tcl
gf22fdsoi-18_8M_2Mx_4Cx_1Ix_1Ox_LB : /remote/cad-rep/proj/c128-gf22fdsoi-1.8v/rel4.3.4/cad/8M_2Mx_4Cx_1Ix_1Ox_LB/env.tcl
gf22fdsoi-18_8M_2Mx_4Cx_2Ix_LB : /remote/cad-rep/proj/c128-gf22fdsoi-1.8v/rel4.3.4/cad/8M_2Mx_4Cx_2Ix_LB/env.tcl
gf22fdsoi-18_9M_2Mx_3Cx_2Bx_1Ix_1Ox_LB : /remote/cad-rep/proj/c128-gf22fdsoi-1.8v/rel4.3.4/cad/9M_2Mx_3Cx_2Bx_1Ix_1Ox_LB/env.tcl
gf22fdsoi-18_9M_2Mx_3Cx_2Bx_1Ix_1Ox_LB_MRAM : /remote/cad-rep/proj/c128-gf22fdsoi-1.8v/rel4.3.4/cad/9M_2Mx_3Cx_2Bx_1Ix_1Ox_LB_MRAM/env.tcl
gf22fdsoi-18_10M_2Mx_6Cx_2Ix_LB : /remote/cad-rep/proj/c128-gf22fdsoi-1.8v/rel4.4.1/cad/10M_2Mx_6Cx_2Ix_LB/env.tcl
gf22fdsoi-18_8M_2Mx_4Cx_1Ix_1Ox_LB : /remote/cad-rep/proj/c128-gf22fdsoi-1.8v/rel4.4.1/cad/8M_2Mx_4Cx_1Ix_1Ox_LB/env.tcl
gf22fdsoi-18_8M_2Mx_4Cx_2Ix_LB : /remote/cad-rep/proj/c128-gf22fdsoi-1.8v/rel4.4.1/cad/8M_2Mx_4Cx_2Ix_LB/env.tcl
gf22fdsoi-18_9M_2Mx_3Cx_2Bx_1Ix_1Ox_LB : /remote/cad-rep/proj/c128-gf22fdsoi-1.8v/rel4.4.1/cad/9M_2Mx_3Cx_2Bx_1Ix_1Ox_LB/env.tcl
gf22fdsoi-18_9M_2Mx_3Cx_2Bx_1Ix_1Ox_LB_MRAM : /remote/cad-rep/proj/c128-gf22fdsoi-1.8v/rel4.4.1/cad/9M_2Mx_3Cx_2Bx_1Ix_1Ox_LB_MRAM/env.tcl
gf22fdsoi-18_10M_2Mx_6Cx_2Ix_LB : /remote/cad-rep/proj/c128-gf22fdsoi-1.8v/rel4.4.1/cad/10M_2Mx_6Cx_2Ix_LB/env.tcl
gf22fdsoi-18_8M_2Mx_4Cx_1Ix_1Ox_LB : /remote/cad-rep/proj/c128-gf22fdsoi-1.8v/rel4.4.1/cad/8M_2Mx_4Cx_1Ix_1Ox_LB/env.tcl
gf22fdsoi-18_8M_2Mx_4Cx_2Ix_LB : /remote/cad-rep/proj/c128-gf22fdsoi-1.8v/rel4.4.1/cad/8M_2Mx_4Cx_2Ix_LB/env.tcl
gf22fdsoi-18_9M_2Mx_3Cx_2Bx_1Ix_1Ox_LB : /remote/cad-rep/proj/c128-gf22fdsoi-1.8v/rel4.4.1/cad/9M_2Mx_3Cx_2Bx_1Ix_1Ox_LB/env.tcl
gf22fdsoi-18_9M_2Mx_3Cx_2Bx_1Ix_1Ox_LB_MRAM : /remote/cad-rep/proj/c128-gf22fdsoi-1.8v/rel4.4.1/cad/9M_2Mx_3Cx_2Bx_1Ix_1Ox_LB_MRAM/env.tcl
