z00000-adc-sar-gen4-tsmc28hpcp-18.txt
INFO: tsmc28hpcp 18 
INFO: SKIPPED. NOT RELEASE VESION.

z3641-adc-sar-12b5m-tsmc28hpcp-18.txt
INFO: tsmc28hpcp 18 
INFO: SKIPPED. NOT RELEASE VESION.

z34993-adc-iq-12b320m-tsmc28hpcp-18.txt
INFO: tsmc28hpcp 18 
INFO: SKIPPED. NOT RELEASE VESION.

z34894-adc-12b80m-tsmc28hpcp-25.txt
INFO: tsmc28hpcp 25 
INFO: SKIPPED. NOT RELEASE VESION.

z34991-adc-iq-12b160m-tsmc28hpcp-18.txt
INFO: tsmc28hpcp 18 
INFO: SKIPPED. NOT RELEASE VESION.

z34891-adc-iq-12b80m-tsmc28hpcp-18.txt
INFO: tsmc28hpcp 18 
INFO: SKIPPED. NOT RELEASE VESION.

z00000-adc-sar-gen4c-tsmc28hpcp-25.txt
INFO: tsmc28hpcp 25 rel4.0.0
INFO: DONE

z34897-adc-iq-12b160m-tsmc28hpcp-25ns.txt
INFO: tsmc28hpcp 25 
INFO: SKIPPED. NOT RELEASE VESION.

z34990-adc-12b160m-tsmc28hpcp-18.txt
INFO: tsmc28hpcp 18 
INFO: SKIPPED. NOT RELEASE VESION.

z34890-adc-12b80m-tsmc28hpcp-18.txt
INFO: tsmc28hpcp 18 
INFO: SKIPPED. NOT RELEASE VESION.

u120-cmnblks-tsmc28hpcp-18.txt
INFO: tsmc28hpcp 18 rel3.8.0
ERROR: IcvRunDRC not defined.
tsmc28hpcp-18_10M_5X2Y2Z : /remote/cad-rep/proj/c236-tsmc28hpcp-1.8v/rel3.8.0/cad/10M_5X2Y2Z/env.tcl
ERROR: IcvRunDRC not defined.
tsmc28hpcp-18_6M_4X1Z : /remote/cad-rep/proj/c236-tsmc28hpcp-1.8v/rel3.8.0/cad/6M_4X1Z/env.tcl
ERROR: IcvRunDRC not defined.
tsmc28hpcp-18_7M_4X1Z1U : /remote/cad-rep/proj/c236-tsmc28hpcp-1.8v/rel3.8.0/cad/7M_4X1Z1U/env.tcl
ERROR: IcvRunDRC not defined.
tsmc28hpcp-18_7M_4X2Z : /remote/cad-rep/proj/c236-tsmc28hpcp-1.8v/rel3.8.0/cad/7M_4X2Z/env.tcl
ERROR: IcvRunDRC not defined.
tsmc28hpcp-18_7M_5X1Z : /remote/cad-rep/proj/c236-tsmc28hpcp-1.8v/rel3.8.0/cad/7M_5X1Z/env.tcl
ERROR: IcvRunDRC not defined.
tsmc28hpcp-18_8M_5X1Z1U : /remote/cad-rep/proj/c236-tsmc28hpcp-1.8v/rel3.8.0/cad/8M_5X1Z1U/env.tcl
ERROR: IcvRunDRC not defined.
tsmc28hpcp-18_8M_5X2R : /remote/cad-rep/proj/c236-tsmc28hpcp-1.8v/rel3.8.0/cad/8M_5X2R/env.tcl
ERROR: IcvRunDRC not defined.
tsmc28hpcp-18_8M_5X2Z : /remote/cad-rep/proj/c236-tsmc28hpcp-1.8v/rel3.8.0/cad/8M_5X2Z/env.tcl
ERROR: IcvRunDRC not defined.
tsmc28hpcp-18_9M_4X2Y2R : /remote/cad-rep/proj/c236-tsmc28hpcp-1.8v/rel3.8.0/cad/9M_4X2Y2R/env.tcl
ERROR: IcvRunDRC not defined.
tsmc28hpcp-18_9M_4X2Y2Z : /remote/cad-rep/proj/c236-tsmc28hpcp-1.8v/rel3.8.0/cad/9M_4X2Y2Z/env.tcl
ERROR: IcvRunDRC not defined.
tsmc28hpcp-18_9M_5X3Z : /remote/cad-rep/proj/c236-tsmc28hpcp-1.8v/rel3.8.0/cad/9M_5X3Z/env.tcl
ERROR: IcvRunDRC not defined.
tsmc28hpcp-18_9M_6X1Z1U : /remote/cad-rep/proj/c236-tsmc28hpcp-1.8v/rel3.8.0/cad/9M_6X1Z1U/env.tcl
ERROR: IcvRunDRC not defined.
tsmc28hpcp-18_9M_6X2R : /remote/cad-rep/proj/c236-tsmc28hpcp-1.8v/rel3.8.0/cad/9M_6X2R/env.tcl
ERROR: IcvRunDRC not defined.
tsmc28hpcp-18_9M_6X2Z : /remote/cad-rep/proj/c236-tsmc28hpcp-1.8v/rel3.8.0/cad/9M_6X2Z/env.tcl
INFO: DONE

z8562-dac-iq-12b640m-tsmc28hpcp-18.txt
INFO: tsmc28hpcp 18 rel3.0.0
INFO: DONE

z8714-vdac-10b300m-tsmc28hpcp-18.txt
INFO: tsmc28hpcp 18 
INFO: SKIPPED. NOT RELEASE VESION.

z8631-dac-12b20m-tsmc28hpcp-18.txt
INFO: tsmc28hpcp 18 
INFO: SKIPPED. NOT RELEASE VESION.

d625-ddr4m-tsmc28hpcp18.txt
INFO: tsmc28hpcp 18" 
INFO: SKIPPED. NOT RELEASE VESION.

m0052-mem-tsmc28hpcp-ts28nph41p11sadgl128s.txt
INFO: tsmc28hpcp 18 
INFO: SKIPPED. NOT RELEASE VESION.

m0052-mem-tsmc28hpcp-ts28nph41p11sahtc72ki.txt
INFO: tsmc28hpcp 18 rel4.3.0
ERROR: IcvRunDRC not defined.
tsmc28hpcp-18_10M_5X2Y2Z : /remote/cad-rep/proj/c236-tsmc28hpcp-1.8v/rel4.3.0/cad/10M_5X2Y2Z/env.tcl
ERROR: IcvRunDRC not defined.
tsmc28hpcp-18_6M_4X1Z : /remote/cad-rep/proj/c236-tsmc28hpcp-1.8v/rel4.3.0/cad/6M_4X1Z/env.tcl
ERROR: IcvRunDRC not defined.
tsmc28hpcp-18_7M_4X1Z1U : /remote/cad-rep/proj/c236-tsmc28hpcp-1.8v/rel4.3.0/cad/7M_4X1Z1U/env.tcl
ERROR: IcvRunDRC not defined.
tsmc28hpcp-18_7M_4X2Z : /remote/cad-rep/proj/c236-tsmc28hpcp-1.8v/rel4.3.0/cad/7M_4X2Z/env.tcl
ERROR: IcvRunDRC not defined.
tsmc28hpcp-18_7M_5X1Z : /remote/cad-rep/proj/c236-tsmc28hpcp-1.8v/rel4.3.0/cad/7M_5X1Z/env.tcl
ERROR: IcvRunDRC not defined.
tsmc28hpcp-18_8M_5X1Y1Z : /remote/cad-rep/proj/c236-tsmc28hpcp-1.8v/rel4.3.0/cad/8M_5X1Y1Z/env.tcl
ERROR: IcvRunDRC not defined.
tsmc28hpcp-18_8M_5X1Z1U : /remote/cad-rep/proj/c236-tsmc28hpcp-1.8v/rel4.3.0/cad/8M_5X1Z1U/env.tcl
ERROR: IcvRunDRC not defined.
tsmc28hpcp-18_8M_5X2R : /remote/cad-rep/proj/c236-tsmc28hpcp-1.8v/rel4.3.0/cad/8M_5X2R/env.tcl
ERROR: IcvRunDRC not defined.
tsmc28hpcp-18_8M_5X2Z : /remote/cad-rep/proj/c236-tsmc28hpcp-1.8v/rel4.3.0/cad/8M_5X2Z/env.tcl
ERROR: IcvRunDRC not defined.
tsmc28hpcp-18_9M_4X2Y2R : /remote/cad-rep/proj/c236-tsmc28hpcp-1.8v/rel4.3.0/cad/9M_4X2Y2R/env.tcl
ERROR: IcvRunDRC not defined.
tsmc28hpcp-18_9M_4X2Y2Z : /remote/cad-rep/proj/c236-tsmc28hpcp-1.8v/rel4.3.0/cad/9M_4X2Y2Z/env.tcl
ERROR: IcvRunDRC not defined.
tsmc28hpcp-18_9M_5X3Z : /remote/cad-rep/proj/c236-tsmc28hpcp-1.8v/rel4.3.0/cad/9M_5X3Z/env.tcl
ERROR: IcvRunDRC not defined.
tsmc28hpcp-18_9M_6X1Z1U : /remote/cad-rep/proj/c236-tsmc28hpcp-1.8v/rel4.3.0/cad/9M_6X1Z1U/env.tcl
ERROR: IcvRunDRC not defined.
tsmc28hpcp-18_9M_6X2R : /remote/cad-rep/proj/c236-tsmc28hpcp-1.8v/rel4.3.0/cad/9M_6X2R/env.tcl
ERROR: IcvRunDRC not defined.
tsmc28hpcp-18_9M_6X2Z : /remote/cad-rep/proj/c236-tsmc28hpcp-1.8v/rel4.3.0/cad/9M_6X2Z/env.tcl
INFO: DONE

m0052-mem-tsmc28hpcp-schematic_tcam.txt
INFO: tsmc28hpcp 18 rel4.3.0
ERROR: IcvRunDRC not defined.
tsmc28hpcp-18_10M_5X2Y2Z : /remote/cad-rep/proj/c236-tsmc28hpcp-1.8v/rel4.3.0/cad/10M_5X2Y2Z/env.tcl
ERROR: IcvRunDRC not defined.
tsmc28hpcp-18_6M_4X1Z : /remote/cad-rep/proj/c236-tsmc28hpcp-1.8v/rel4.3.0/cad/6M_4X1Z/env.tcl
ERROR: IcvRunDRC not defined.
tsmc28hpcp-18_7M_4X1Z1U : /remote/cad-rep/proj/c236-tsmc28hpcp-1.8v/rel4.3.0/cad/7M_4X1Z1U/env.tcl
ERROR: IcvRunDRC not defined.
tsmc28hpcp-18_7M_4X2Z : /remote/cad-rep/proj/c236-tsmc28hpcp-1.8v/rel4.3.0/cad/7M_4X2Z/env.tcl
ERROR: IcvRunDRC not defined.
tsmc28hpcp-18_7M_5X1Z : /remote/cad-rep/proj/c236-tsmc28hpcp-1.8v/rel4.3.0/cad/7M_5X1Z/env.tcl
ERROR: IcvRunDRC not defined.
tsmc28hpcp-18_8M_5X1Y1Z : /remote/cad-rep/proj/c236-tsmc28hpcp-1.8v/rel4.3.0/cad/8M_5X1Y1Z/env.tcl
ERROR: IcvRunDRC not defined.
tsmc28hpcp-18_8M_5X1Z1U : /remote/cad-rep/proj/c236-tsmc28hpcp-1.8v/rel4.3.0/cad/8M_5X1Z1U/env.tcl
ERROR: IcvRunDRC not defined.
tsmc28hpcp-18_8M_5X2R : /remote/cad-rep/proj/c236-tsmc28hpcp-1.8v/rel4.3.0/cad/8M_5X2R/env.tcl
ERROR: IcvRunDRC not defined.
tsmc28hpcp-18_8M_5X2Z : /remote/cad-rep/proj/c236-tsmc28hpcp-1.8v/rel4.3.0/cad/8M_5X2Z/env.tcl
ERROR: IcvRunDRC not defined.
tsmc28hpcp-18_9M_4X2Y2R : /remote/cad-rep/proj/c236-tsmc28hpcp-1.8v/rel4.3.0/cad/9M_4X2Y2R/env.tcl
ERROR: IcvRunDRC not defined.
tsmc28hpcp-18_9M_4X2Y2Z : /remote/cad-rep/proj/c236-tsmc28hpcp-1.8v/rel4.3.0/cad/9M_4X2Y2Z/env.tcl
ERROR: IcvRunDRC not defined.
tsmc28hpcp-18_9M_5X3Z : /remote/cad-rep/proj/c236-tsmc28hpcp-1.8v/rel4.3.0/cad/9M_5X3Z/env.tcl
ERROR: IcvRunDRC not defined.
tsmc28hpcp-18_9M_6X1Z1U : /remote/cad-rep/proj/c236-tsmc28hpcp-1.8v/rel4.3.0/cad/9M_6X1Z1U/env.tcl
ERROR: IcvRunDRC not defined.
tsmc28hpcp-18_9M_6X2R : /remote/cad-rep/proj/c236-tsmc28hpcp-1.8v/rel4.3.0/cad/9M_6X2R/env.tcl
ERROR: IcvRunDRC not defined.
tsmc28hpcp-18_9M_6X2Z : /remote/cad-rep/proj/c236-tsmc28hpcp-1.8v/rel4.3.0/cad/9M_6X2Z/env.tcl
INFO: DONE

e406-hdmi-mhl-rxphy-tsmc28hpcp-18.txt
INFO: tsmc28hpcp 18 
INFO: SKIPPED. NOT RELEASE VESION.

e311-hdmi-mhl-txphy-tsmc28hpcp-18.txt
INFO: tsmc28hpcp 18 rel3.4.0
INFO: DONE

e780-hdmi21-rxphy-tsmc28hpcp-18.txt
INFO: tsmc28hpcp 18" 
INFO: SKIPPED. NOT RELEASE VESION.

e680-hdmi21-txphy-tsmc28hpcp-18.txt
INFO: tsmc28hpcp 18 rel3.5.0
INFO: DONE

e704-hdmi21-rxphy-tsmc28hpcp-18.txt
INFO: tsmc28hpcp 18 rel3.6.0
INFO: DONE

h034-hsic-tsmc28hpcp-0.9v-1.8v-ns.txt
INFO:   
INFO: SKIPPED. NOT RELEASE VESION.

g128-dphy-tsmc28hpcp-18.txt
INFO: tsmc28hpcp 18 rel4.3.0
ERROR: IcvRunDRC not defined.
tsmc28hpcp-18_10M_5X2Y2Z : /remote/cad-rep/proj/c236-tsmc28hpcp-1.8v/rel4.3.0/cad/10M_5X2Y2Z/env.tcl
ERROR: IcvRunDRC not defined.
tsmc28hpcp-18_6M_4X1Z : /remote/cad-rep/proj/c236-tsmc28hpcp-1.8v/rel4.3.0/cad/6M_4X1Z/env.tcl
ERROR: IcvRunDRC not defined.
tsmc28hpcp-18_7M_4X1Z1U : /remote/cad-rep/proj/c236-tsmc28hpcp-1.8v/rel4.3.0/cad/7M_4X1Z1U/env.tcl
ERROR: IcvRunDRC not defined.
tsmc28hpcp-18_7M_4X2Z : /remote/cad-rep/proj/c236-tsmc28hpcp-1.8v/rel4.3.0/cad/7M_4X2Z/env.tcl
ERROR: IcvRunDRC not defined.
tsmc28hpcp-18_7M_5X1Z : /remote/cad-rep/proj/c236-tsmc28hpcp-1.8v/rel4.3.0/cad/7M_5X1Z/env.tcl
ERROR: IcvRunDRC not defined.
tsmc28hpcp-18_8M_5X1Y1Z : /remote/cad-rep/proj/c236-tsmc28hpcp-1.8v/rel4.3.0/cad/8M_5X1Y1Z/env.tcl
ERROR: IcvRunDRC not defined.
tsmc28hpcp-18_8M_5X1Z1U : /remote/cad-rep/proj/c236-tsmc28hpcp-1.8v/rel4.3.0/cad/8M_5X1Z1U/env.tcl
ERROR: IcvRunDRC not defined.
tsmc28hpcp-18_8M_5X2R : /remote/cad-rep/proj/c236-tsmc28hpcp-1.8v/rel4.3.0/cad/8M_5X2R/env.tcl
ERROR: IcvRunDRC not defined.
tsmc28hpcp-18_8M_5X2Z : /remote/cad-rep/proj/c236-tsmc28hpcp-1.8v/rel4.3.0/cad/8M_5X2Z/env.tcl
ERROR: IcvRunDRC not defined.
tsmc28hpcp-18_9M_4X2Y2R : /remote/cad-rep/proj/c236-tsmc28hpcp-1.8v/rel4.3.0/cad/9M_4X2Y2R/env.tcl
ERROR: IcvRunDRC not defined.
tsmc28hpcp-18_9M_4X2Y2Z : /remote/cad-rep/proj/c236-tsmc28hpcp-1.8v/rel4.3.0/cad/9M_4X2Y2Z/env.tcl
ERROR: IcvRunDRC not defined.
tsmc28hpcp-18_9M_5X3Z : /remote/cad-rep/proj/c236-tsmc28hpcp-1.8v/rel4.3.0/cad/9M_5X3Z/env.tcl
ERROR: IcvRunDRC not defined.
tsmc28hpcp-18_9M_6X1Z1U : /remote/cad-rep/proj/c236-tsmc28hpcp-1.8v/rel4.3.0/cad/9M_6X1Z1U/env.tcl
ERROR: IcvRunDRC not defined.
tsmc28hpcp-18_9M_6X2R : /remote/cad-rep/proj/c236-tsmc28hpcp-1.8v/rel4.3.0/cad/9M_6X2R/env.tcl
ERROR: IcvRunDRC not defined.
tsmc28hpcp-18_9M_6X2Z : /remote/cad-rep/proj/c236-tsmc28hpcp-1.8v/rel4.3.0/cad/9M_6X2Z/env.tcl
INFO: DONE

g216-mphy-tsmc28hpcp-18.txt
INFO: common common 
INFO: SKIPPED. NOT RELEASE VESION.

g144-dphy-tsmc28hpcp-18.txt
INFO: tsmc28hpcp 18 rel3.4.0
INFO: DONE

g150-dphy-tsmc28hpcp-18.txt
INFO: tsmc28hpcp 18 rel3.8.0
ERROR: IcvRunDRC not defined.
tsmc28hpcp-18_10M_5X2Y2Z : /remote/cad-rep/proj/c236-tsmc28hpcp-1.8v/rel3.8.0/cad/10M_5X2Y2Z/env.tcl
ERROR: IcvRunDRC not defined.
tsmc28hpcp-18_6M_4X1Z : /remote/cad-rep/proj/c236-tsmc28hpcp-1.8v/rel3.8.0/cad/6M_4X1Z/env.tcl
ERROR: IcvRunDRC not defined.
tsmc28hpcp-18_7M_4X1Z1U : /remote/cad-rep/proj/c236-tsmc28hpcp-1.8v/rel3.8.0/cad/7M_4X1Z1U/env.tcl
ERROR: IcvRunDRC not defined.
tsmc28hpcp-18_7M_4X2Z : /remote/cad-rep/proj/c236-tsmc28hpcp-1.8v/rel3.8.0/cad/7M_4X2Z/env.tcl
ERROR: IcvRunDRC not defined.
tsmc28hpcp-18_7M_5X1Z : /remote/cad-rep/proj/c236-tsmc28hpcp-1.8v/rel3.8.0/cad/7M_5X1Z/env.tcl
ERROR: IcvRunDRC not defined.
tsmc28hpcp-18_8M_5X1Z1U : /remote/cad-rep/proj/c236-tsmc28hpcp-1.8v/rel3.8.0/cad/8M_5X1Z1U/env.tcl
ERROR: IcvRunDRC not defined.
tsmc28hpcp-18_8M_5X2R : /remote/cad-rep/proj/c236-tsmc28hpcp-1.8v/rel3.8.0/cad/8M_5X2R/env.tcl
ERROR: IcvRunDRC not defined.
tsmc28hpcp-18_8M_5X2Z : /remote/cad-rep/proj/c236-tsmc28hpcp-1.8v/rel3.8.0/cad/8M_5X2Z/env.tcl
ERROR: IcvRunDRC not defined.
tsmc28hpcp-18_9M_4X2Y2R : /remote/cad-rep/proj/c236-tsmc28hpcp-1.8v/rel3.8.0/cad/9M_4X2Y2R/env.tcl
ERROR: IcvRunDRC not defined.
tsmc28hpcp-18_9M_4X2Y2Z : /remote/cad-rep/proj/c236-tsmc28hpcp-1.8v/rel3.8.0/cad/9M_4X2Y2Z/env.tcl
ERROR: IcvRunDRC not defined.
tsmc28hpcp-18_9M_5X3Z : /remote/cad-rep/proj/c236-tsmc28hpcp-1.8v/rel3.8.0/cad/9M_5X3Z/env.tcl
ERROR: IcvRunDRC not defined.
tsmc28hpcp-18_9M_6X1Z1U : /remote/cad-rep/proj/c236-tsmc28hpcp-1.8v/rel3.8.0/cad/9M_6X1Z1U/env.tcl
ERROR: IcvRunDRC not defined.
tsmc28hpcp-18_9M_6X2R : /remote/cad-rep/proj/c236-tsmc28hpcp-1.8v/rel3.8.0/cad/9M_6X2R/env.tcl
ERROR: IcvRunDRC not defined.
tsmc28hpcp-18_9M_6X2Z : /remote/cad-rep/proj/c236-tsmc28hpcp-1.8v/rel3.8.0/cad/9M_6X2Z/env.tcl
INFO: DONE

z19606-pll-tsmc28hpcp-18.txt
INFO: tsmc28hpcp 18 rel1.3
INFO: DONE

x647-ssp-tsmc28hpcp-18-ns.txt
INFO: tsmc28hpcp 18" 
INFO: SKIPPED. NOT RELEASE VESION.

x527-ssp-tsmc28hpcp-25-ns.txt
INFO:   
INFO: SKIPPED. NOT RELEASE VESION.

x659-ssp-tsmc28hpcp-18-ns.txt
INFO: tsmc28hpcp 18" 
INFO: SKIPPED. NOT RELEASE VESION.

x668-ssp-tsmc28hpcp-18-ns.txt
INFO: tsmc28hpcp 18" 
INFO: SKIPPED. NOT RELEASE VESION.

x703-ssp-tsmc28hpcp-18-ns.txt
INFO: tsmc28hpcp 18" 
INFO: SKIPPED. NOT RELEASE VESION.

l236-std-tsmc28hpcp-1.8v.txt
INFO: tsmc28hpcp 18 rel4.1.0
ERROR: IcvRunDRC not defined.
tsmc28hpcp-18_10M_5X2Y2Z : /remote/cad-rep/proj/c236-tsmc28hpcp-1.8v/rel4.1.0/cad/10M_5X2Y2Z/env.tcl
ERROR: IcvRunDRC not defined.
tsmc28hpcp-18_6M_4X1Z : /remote/cad-rep/proj/c236-tsmc28hpcp-1.8v/rel4.1.0/cad/6M_4X1Z/env.tcl
ERROR: IcvRunDRC not defined.
tsmc28hpcp-18_7M_4X1Z1U : /remote/cad-rep/proj/c236-tsmc28hpcp-1.8v/rel4.1.0/cad/7M_4X1Z1U/env.tcl
ERROR: IcvRunDRC not defined.
tsmc28hpcp-18_7M_4X2Z : /remote/cad-rep/proj/c236-tsmc28hpcp-1.8v/rel4.1.0/cad/7M_4X2Z/env.tcl
ERROR: IcvRunDRC not defined.
tsmc28hpcp-18_7M_5X1Z : /remote/cad-rep/proj/c236-tsmc28hpcp-1.8v/rel4.1.0/cad/7M_5X1Z/env.tcl
ERROR: IcvRunDRC not defined.
tsmc28hpcp-18_8M_5X1Z1U : /remote/cad-rep/proj/c236-tsmc28hpcp-1.8v/rel4.1.0/cad/8M_5X1Z1U/env.tcl
ERROR: IcvRunDRC not defined.
tsmc28hpcp-18_8M_5X2R : /remote/cad-rep/proj/c236-tsmc28hpcp-1.8v/rel4.1.0/cad/8M_5X2R/env.tcl
ERROR: IcvRunDRC not defined.
tsmc28hpcp-18_8M_5X2Z : /remote/cad-rep/proj/c236-tsmc28hpcp-1.8v/rel4.1.0/cad/8M_5X2Z/env.tcl
ERROR: IcvRunDRC not defined.
tsmc28hpcp-18_9M_4X2Y2R : /remote/cad-rep/proj/c236-tsmc28hpcp-1.8v/rel4.1.0/cad/9M_4X2Y2R/env.tcl
ERROR: IcvRunDRC not defined.
tsmc28hpcp-18_9M_4X2Y2Z : /remote/cad-rep/proj/c236-tsmc28hpcp-1.8v/rel4.1.0/cad/9M_4X2Y2Z/env.tcl
ERROR: IcvRunDRC not defined.
tsmc28hpcp-18_9M_5X3Z : /remote/cad-rep/proj/c236-tsmc28hpcp-1.8v/rel4.1.0/cad/9M_5X3Z/env.tcl
ERROR: IcvRunDRC not defined.
tsmc28hpcp-18_9M_6X1Z1U : /remote/cad-rep/proj/c236-tsmc28hpcp-1.8v/rel4.1.0/cad/9M_6X1Z1U/env.tcl
ERROR: IcvRunDRC not defined.
tsmc28hpcp-18_9M_6X2R : /remote/cad-rep/proj/c236-tsmc28hpcp-1.8v/rel4.1.0/cad/9M_6X2R/env.tcl
ERROR: IcvRunDRC not defined.
tsmc28hpcp-18_9M_6X2Z : /remote/cad-rep/proj/c236-tsmc28hpcp-1.8v/rel4.1.0/cad/9M_6X2Z/env.tcl
INFO: DONE

z00000-tchip-tdcs18-tsmc28hpcp-18.txt
INFO: tsmc28hpcp 18 
INFO: SKIPPED. NOT RELEASE VESION.

t668-training-tsmc28hpcp-18-ns.txt
INFO: tsmc28hpcp 18" 
INFO: SKIPPED. NOT RELEASE VESION.

x042-c8-tsmc28hpcp-18.txt
INFO: tsmc28hpcp 18" 
INFO: SKIPPED. NOT RELEASE VESION.

x043-up16-tsmc28hpcp-18.txt
INFO:   CCS
INFO: SKIPPED. NOT RELEASE VESION.

x048-c8-tsmc28hpcp-18.txt
INFO: tsmc28hpcp 18 
INFO: SKIPPED. NOT RELEASE VESION.

x050-c8-tsmc28hpcp-18.txt
INFO: tsmc22ulp 18 
INFO: SKIPPED. NOT RELEASE VESION.

x647-usb2-tsmc28hpcp-18-ns.txt
INFO: tsmc28hpcp 18 
INFO: SKIPPED. NOT RELEASE VESION.

x527-usb2-tsmc28hpcp-25-ns.txt
INFO: tsmc28hpcp 25 
INFO: SKIPPED. NOT RELEASE VESION.

x527-usb3-tsmc28hpcp-25-ns.txt
INFO: tsmc28hpcp 25" 
INFO: SKIPPED. NOT RELEASE VESION.

x647-usb3-tsmc28hpcp-18-ns.txt
INFO: tsmc28hpcp 18" 
INFO: SKIPPED. NOT RELEASE VESION.

i149-usbio-tsmc28hpcp-25.txt
INFO: tsmc28hpcp 25" 
INFO: SKIPPED. NOT RELEASE VESION.

x046-e16-tsmc28hpcp-18-ns.txt
INFO: tsmc28hpcp 18" 
INFO: SKIPPED. NOT RELEASE VESION.

x057-e16-tsmc28hpcp-18-ns.txt
INFO: tsmc28hpcp 18 
INFO: SKIPPED. NOT RELEASE VESION.

p010-emclk-tsmc28hpcp-1.8.txt
INFO: CCS CCS "c236-tsmc28hpcp-1.8v"
INFO: SKIPPED. NOT RELEASE VESION.

d537-lpddr4mv2-tsmc28hpcp18.txt
INFO: common common 
INFO: SKIPPED. NOT RELEASE VESION.

d527-ap-lpddr4mv2-tsmc28hpcp18.txt
INFO: tsmc28hpcp 18 
INFO: SKIPPED. NOT RELEASE VESION.

t025-pqv-tsmc28hpcp-1.8.txt
INFO: CCS CCS "c236-tsmc28hpcp-1.8v"
INFO: SKIPPED. NOT RELEASE VESION.

l006-tio-tsmc28hpcp-1.8v.txt
INFO: common common "c236-tsmc28hpcp-1.8v"
INFO: SKIPPED. NOT RELEASE VESION.

x042-c8-tsmc28hpcp-18.txt
INFO: CCS CCS 
INFO: SKIPPED. NOT RELEASE VESION.

x042-tc-tsmc28hpcp-18.txt
INFO: CCS CCS 
INFO: SKIPPED. NOT RELEASE VESION.

x050-tc-tsmc28hpcp-18.txt
INFO: CCS CCS 
INFO: SKIPPED. NOT RELEASE VESION.

y210-emmc-tsmc28hpcp-1.8v.txt
INFO: tsmc28hpcp 18" 
INFO: SKIPPED. NOT RELEASE VESION.

v201-eusb2-tsmc28hpcp-18-ns.txt
INFO: tsmc28hpcp 18 rel3.8.0
ERROR: IcvRunDRC not defined.
tsmc28hpcp-18_10M_5X2Y2Z : /remote/cad-rep/proj/c236-tsmc28hpcp-1.8v/rel3.8.0/cad/10M_5X2Y2Z/env.tcl
ERROR: IcvRunDRC not defined.
tsmc28hpcp-18_6M_4X1Z : /remote/cad-rep/proj/c236-tsmc28hpcp-1.8v/rel3.8.0/cad/6M_4X1Z/env.tcl
ERROR: IcvRunDRC not defined.
tsmc28hpcp-18_7M_4X1Z1U : /remote/cad-rep/proj/c236-tsmc28hpcp-1.8v/rel3.8.0/cad/7M_4X1Z1U/env.tcl
ERROR: IcvRunDRC not defined.
tsmc28hpcp-18_7M_4X2Z : /remote/cad-rep/proj/c236-tsmc28hpcp-1.8v/rel3.8.0/cad/7M_4X2Z/env.tcl
ERROR: IcvRunDRC not defined.
tsmc28hpcp-18_7M_5X1Z : /remote/cad-rep/proj/c236-tsmc28hpcp-1.8v/rel3.8.0/cad/7M_5X1Z/env.tcl
ERROR: IcvRunDRC not defined.
tsmc28hpcp-18_8M_5X1Z1U : /remote/cad-rep/proj/c236-tsmc28hpcp-1.8v/rel3.8.0/cad/8M_5X1Z1U/env.tcl
ERROR: IcvRunDRC not defined.
tsmc28hpcp-18_8M_5X2R : /remote/cad-rep/proj/c236-tsmc28hpcp-1.8v/rel3.8.0/cad/8M_5X2R/env.tcl
ERROR: IcvRunDRC not defined.
tsmc28hpcp-18_8M_5X2Z : /remote/cad-rep/proj/c236-tsmc28hpcp-1.8v/rel3.8.0/cad/8M_5X2Z/env.tcl
ERROR: IcvRunDRC not defined.
tsmc28hpcp-18_9M_4X2Y2R : /remote/cad-rep/proj/c236-tsmc28hpcp-1.8v/rel3.8.0/cad/9M_4X2Y2R/env.tcl
ERROR: IcvRunDRC not defined.
tsmc28hpcp-18_9M_4X2Y2Z : /remote/cad-rep/proj/c236-tsmc28hpcp-1.8v/rel3.8.0/cad/9M_4X2Y2Z/env.tcl
ERROR: IcvRunDRC not defined.
tsmc28hpcp-18_9M_5X3Z : /remote/cad-rep/proj/c236-tsmc28hpcp-1.8v/rel3.8.0/cad/9M_5X3Z/env.tcl
ERROR: IcvRunDRC not defined.
tsmc28hpcp-18_9M_6X1Z1U : /remote/cad-rep/proj/c236-tsmc28hpcp-1.8v/rel3.8.0/cad/9M_6X1Z1U/env.tcl
ERROR: IcvRunDRC not defined.
tsmc28hpcp-18_9M_6X2R : /remote/cad-rep/proj/c236-tsmc28hpcp-1.8v/rel3.8.0/cad/9M_6X2R/env.tcl
ERROR: IcvRunDRC not defined.
tsmc28hpcp-18_9M_6X2Z : /remote/cad-rep/proj/c236-tsmc28hpcp-1.8v/rel3.8.0/cad/9M_6X2Z/env.tcl
INFO: DONE

w166-nvm-otp-shf-tsmc28hpcp-1.8v.txt
INFO: tsmc28hpcp 18 rel4.1.0
ERROR: IcvRunDRC not defined.
tsmc28hpcp-18_10M_5X2Y2Z : /remote/cad-rep/proj/c236-tsmc28hpcp-1.8v/rel4.1.0/cad/10M_5X2Y2Z/env.tcl
ERROR: IcvRunDRC not defined.
tsmc28hpcp-18_6M_4X1Z : /remote/cad-rep/proj/c236-tsmc28hpcp-1.8v/rel4.1.0/cad/6M_4X1Z/env.tcl
ERROR: IcvRunDRC not defined.
tsmc28hpcp-18_7M_4X1Z1U : /remote/cad-rep/proj/c236-tsmc28hpcp-1.8v/rel4.1.0/cad/7M_4X1Z1U/env.tcl
ERROR: IcvRunDRC not defined.
tsmc28hpcp-18_7M_4X2Z : /remote/cad-rep/proj/c236-tsmc28hpcp-1.8v/rel4.1.0/cad/7M_4X2Z/env.tcl
ERROR: IcvRunDRC not defined.
tsmc28hpcp-18_7M_5X1Z : /remote/cad-rep/proj/c236-tsmc28hpcp-1.8v/rel4.1.0/cad/7M_5X1Z/env.tcl
ERROR: IcvRunDRC not defined.
tsmc28hpcp-18_8M_5X1Z1U : /remote/cad-rep/proj/c236-tsmc28hpcp-1.8v/rel4.1.0/cad/8M_5X1Z1U/env.tcl
ERROR: IcvRunDRC not defined.
tsmc28hpcp-18_8M_5X2R : /remote/cad-rep/proj/c236-tsmc28hpcp-1.8v/rel4.1.0/cad/8M_5X2R/env.tcl
ERROR: IcvRunDRC not defined.
tsmc28hpcp-18_8M_5X2Z : /remote/cad-rep/proj/c236-tsmc28hpcp-1.8v/rel4.1.0/cad/8M_5X2Z/env.tcl
ERROR: IcvRunDRC not defined.
tsmc28hpcp-18_9M_4X2Y2R : /remote/cad-rep/proj/c236-tsmc28hpcp-1.8v/rel4.1.0/cad/9M_4X2Y2R/env.tcl
ERROR: IcvRunDRC not defined.
tsmc28hpcp-18_9M_4X2Y2Z : /remote/cad-rep/proj/c236-tsmc28hpcp-1.8v/rel4.1.0/cad/9M_4X2Y2Z/env.tcl
ERROR: IcvRunDRC not defined.
tsmc28hpcp-18_9M_5X3Z : /remote/cad-rep/proj/c236-tsmc28hpcp-1.8v/rel4.1.0/cad/9M_5X3Z/env.tcl
ERROR: IcvRunDRC not defined.
tsmc28hpcp-18_9M_6X1Z1U : /remote/cad-rep/proj/c236-tsmc28hpcp-1.8v/rel4.1.0/cad/9M_6X1Z1U/env.tcl
ERROR: IcvRunDRC not defined.
tsmc28hpcp-18_9M_6X2R : /remote/cad-rep/proj/c236-tsmc28hpcp-1.8v/rel4.1.0/cad/9M_6X2R/env.tcl
ERROR: IcvRunDRC not defined.
tsmc28hpcp-18_9M_6X2Z : /remote/cad-rep/proj/c236-tsmc28hpcp-1.8v/rel4.1.0/cad/9M_6X2Z/env.tcl
INFO: DONE

w010-nvm-otp-commonLibs-tsmc28hpcp-1.8v.txt
INFO: tsmc28hpcp 18 rel4.0.0
ERROR: IcvRunDRC not defined.
tsmc28hpcp-18_10M_5X2Y2Z : /remote/cad-rep/proj/c236-tsmc28hpcp-1.8v/rel4.0.0/cad/10M_5X2Y2Z/env.tcl
ERROR: IcvRunDRC not defined.
tsmc28hpcp-18_6M_4X1Z : /remote/cad-rep/proj/c236-tsmc28hpcp-1.8v/rel4.0.0/cad/6M_4X1Z/env.tcl
ERROR: IcvRunDRC not defined.
tsmc28hpcp-18_7M_4X1Z1U : /remote/cad-rep/proj/c236-tsmc28hpcp-1.8v/rel4.0.0/cad/7M_4X1Z1U/env.tcl
ERROR: IcvRunDRC not defined.
tsmc28hpcp-18_7M_4X2Z : /remote/cad-rep/proj/c236-tsmc28hpcp-1.8v/rel4.0.0/cad/7M_4X2Z/env.tcl
ERROR: IcvRunDRC not defined.
tsmc28hpcp-18_7M_5X1Z : /remote/cad-rep/proj/c236-tsmc28hpcp-1.8v/rel4.0.0/cad/7M_5X1Z/env.tcl
ERROR: IcvRunDRC not defined.
tsmc28hpcp-18_8M_5X1Z1U : /remote/cad-rep/proj/c236-tsmc28hpcp-1.8v/rel4.0.0/cad/8M_5X1Z1U/env.tcl
ERROR: IcvRunDRC not defined.
tsmc28hpcp-18_8M_5X2R : /remote/cad-rep/proj/c236-tsmc28hpcp-1.8v/rel4.0.0/cad/8M_5X2R/env.tcl
ERROR: IcvRunDRC not defined.
tsmc28hpcp-18_8M_5X2Z : /remote/cad-rep/proj/c236-tsmc28hpcp-1.8v/rel4.0.0/cad/8M_5X2Z/env.tcl
ERROR: IcvRunDRC not defined.
tsmc28hpcp-18_9M_4X2Y2R : /remote/cad-rep/proj/c236-tsmc28hpcp-1.8v/rel4.0.0/cad/9M_4X2Y2R/env.tcl
ERROR: IcvRunDRC not defined.
tsmc28hpcp-18_9M_4X2Y2Z : /remote/cad-rep/proj/c236-tsmc28hpcp-1.8v/rel4.0.0/cad/9M_4X2Y2Z/env.tcl
ERROR: IcvRunDRC not defined.
tsmc28hpcp-18_9M_5X3Z : /remote/cad-rep/proj/c236-tsmc28hpcp-1.8v/rel4.0.0/cad/9M_5X3Z/env.tcl
ERROR: IcvRunDRC not defined.
tsmc28hpcp-18_9M_6X1Z1U : /remote/cad-rep/proj/c236-tsmc28hpcp-1.8v/rel4.0.0/cad/9M_6X1Z1U/env.tcl
ERROR: IcvRunDRC not defined.
tsmc28hpcp-18_9M_6X2R : /remote/cad-rep/proj/c236-tsmc28hpcp-1.8v/rel4.0.0/cad/9M_6X2R/env.tcl
ERROR: IcvRunDRC not defined.
tsmc28hpcp-18_9M_6X2Z : /remote/cad-rep/proj/c236-tsmc28hpcp-1.8v/rel4.0.0/cad/9M_6X2Z/env.tcl
INFO: DONE

w264-nvm-otp-ops-tsmc28hpcp-1.8v.txt
INFO: tsmc28hpcp 18 rel4.3.0
ERROR: IcvRunDRC not defined.
tsmc28hpcp-18_10M_5X2Y2Z : /remote/cad-rep/proj/c236-tsmc28hpcp-1.8v/rel4.3.0/cad/10M_5X2Y2Z/env.tcl
ERROR: IcvRunDRC not defined.
tsmc28hpcp-18_6M_4X1Z : /remote/cad-rep/proj/c236-tsmc28hpcp-1.8v/rel4.3.0/cad/6M_4X1Z/env.tcl
ERROR: IcvRunDRC not defined.
tsmc28hpcp-18_7M_4X1Z1U : /remote/cad-rep/proj/c236-tsmc28hpcp-1.8v/rel4.3.0/cad/7M_4X1Z1U/env.tcl
ERROR: IcvRunDRC not defined.
tsmc28hpcp-18_7M_4X2Z : /remote/cad-rep/proj/c236-tsmc28hpcp-1.8v/rel4.3.0/cad/7M_4X2Z/env.tcl
ERROR: IcvRunDRC not defined.
tsmc28hpcp-18_7M_5X1Z : /remote/cad-rep/proj/c236-tsmc28hpcp-1.8v/rel4.3.0/cad/7M_5X1Z/env.tcl
ERROR: IcvRunDRC not defined.
tsmc28hpcp-18_8M_5X1Y1Z : /remote/cad-rep/proj/c236-tsmc28hpcp-1.8v/rel4.3.0/cad/8M_5X1Y1Z/env.tcl
ERROR: IcvRunDRC not defined.
tsmc28hpcp-18_8M_5X1Z1U : /remote/cad-rep/proj/c236-tsmc28hpcp-1.8v/rel4.3.0/cad/8M_5X1Z1U/env.tcl
ERROR: IcvRunDRC not defined.
tsmc28hpcp-18_8M_5X2R : /remote/cad-rep/proj/c236-tsmc28hpcp-1.8v/rel4.3.0/cad/8M_5X2R/env.tcl
ERROR: IcvRunDRC not defined.
tsmc28hpcp-18_8M_5X2Z : /remote/cad-rep/proj/c236-tsmc28hpcp-1.8v/rel4.3.0/cad/8M_5X2Z/env.tcl
ERROR: IcvRunDRC not defined.
tsmc28hpcp-18_9M_4X2Y2R : /remote/cad-rep/proj/c236-tsmc28hpcp-1.8v/rel4.3.0/cad/9M_4X2Y2R/env.tcl
ERROR: IcvRunDRC not defined.
tsmc28hpcp-18_9M_4X2Y2Z : /remote/cad-rep/proj/c236-tsmc28hpcp-1.8v/rel4.3.0/cad/9M_4X2Y2Z/env.tcl
ERROR: IcvRunDRC not defined.
tsmc28hpcp-18_9M_5X3Z : /remote/cad-rep/proj/c236-tsmc28hpcp-1.8v/rel4.3.0/cad/9M_5X3Z/env.tcl
ERROR: IcvRunDRC not defined.
tsmc28hpcp-18_9M_6X1Z1U : /remote/cad-rep/proj/c236-tsmc28hpcp-1.8v/rel4.3.0/cad/9M_6X1Z1U/env.tcl
ERROR: IcvRunDRC not defined.
tsmc28hpcp-18_9M_6X2R : /remote/cad-rep/proj/c236-tsmc28hpcp-1.8v/rel4.3.0/cad/9M_6X2R/env.tcl
ERROR: IcvRunDRC not defined.
tsmc28hpcp-18_9M_6X2Z : /remote/cad-rep/proj/c236-tsmc28hpcp-1.8v/rel4.3.0/cad/9M_6X2Z/env.tcl
INFO: DONE

w278-nvm-otp-x-tsmc28hpcp-2.5v.txt
INFO: tsmc28hpcp 25 rel4.4.0
INFO: DONE

w276-nvm-otp-xs-tsmc28hpcp-1.8v.txt
INFO: tsmc28hpcp 18 rel4.3.0
ERROR: IcvRunDRC not defined.
tsmc28hpcp-18_10M_5X2Y2Z : /remote/cad-rep/proj/c236-tsmc28hpcp-1.8v/rel4.3.0/cad/10M_5X2Y2Z/env.tcl
ERROR: IcvRunDRC not defined.
tsmc28hpcp-18_6M_4X1Z : /remote/cad-rep/proj/c236-tsmc28hpcp-1.8v/rel4.3.0/cad/6M_4X1Z/env.tcl
ERROR: IcvRunDRC not defined.
tsmc28hpcp-18_7M_4X1Z1U : /remote/cad-rep/proj/c236-tsmc28hpcp-1.8v/rel4.3.0/cad/7M_4X1Z1U/env.tcl
ERROR: IcvRunDRC not defined.
tsmc28hpcp-18_7M_4X2Z : /remote/cad-rep/proj/c236-tsmc28hpcp-1.8v/rel4.3.0/cad/7M_4X2Z/env.tcl
ERROR: IcvRunDRC not defined.
tsmc28hpcp-18_7M_5X1Z : /remote/cad-rep/proj/c236-tsmc28hpcp-1.8v/rel4.3.0/cad/7M_5X1Z/env.tcl
ERROR: IcvRunDRC not defined.
tsmc28hpcp-18_8M_5X1Y1Z : /remote/cad-rep/proj/c236-tsmc28hpcp-1.8v/rel4.3.0/cad/8M_5X1Y1Z/env.tcl
ERROR: IcvRunDRC not defined.
tsmc28hpcp-18_8M_5X1Z1U : /remote/cad-rep/proj/c236-tsmc28hpcp-1.8v/rel4.3.0/cad/8M_5X1Z1U/env.tcl
ERROR: IcvRunDRC not defined.
tsmc28hpcp-18_8M_5X2R : /remote/cad-rep/proj/c236-tsmc28hpcp-1.8v/rel4.3.0/cad/8M_5X2R/env.tcl
ERROR: IcvRunDRC not defined.
tsmc28hpcp-18_8M_5X2Z : /remote/cad-rep/proj/c236-tsmc28hpcp-1.8v/rel4.3.0/cad/8M_5X2Z/env.tcl
ERROR: IcvRunDRC not defined.
tsmc28hpcp-18_9M_4X2Y2R : /remote/cad-rep/proj/c236-tsmc28hpcp-1.8v/rel4.3.0/cad/9M_4X2Y2R/env.tcl
ERROR: IcvRunDRC not defined.
tsmc28hpcp-18_9M_4X2Y2Z : /remote/cad-rep/proj/c236-tsmc28hpcp-1.8v/rel4.3.0/cad/9M_4X2Y2Z/env.tcl
ERROR: IcvRunDRC not defined.
tsmc28hpcp-18_9M_5X3Z : /remote/cad-rep/proj/c236-tsmc28hpcp-1.8v/rel4.3.0/cad/9M_5X3Z/env.tcl
ERROR: IcvRunDRC not defined.
tsmc28hpcp-18_9M_6X1Z1U : /remote/cad-rep/proj/c236-tsmc28hpcp-1.8v/rel4.3.0/cad/9M_6X1Z1U/env.tcl
ERROR: IcvRunDRC not defined.
tsmc28hpcp-18_9M_6X2R : /remote/cad-rep/proj/c236-tsmc28hpcp-1.8v/rel4.3.0/cad/9M_6X2R/env.tcl
ERROR: IcvRunDRC not defined.
tsmc28hpcp-18_9M_6X2Z : /remote/cad-rep/proj/c236-tsmc28hpcp-1.8v/rel4.3.0/cad/9M_6X2Z/env.tcl
INFO: DONE

s001-pms-5017ts-tsmc28hpcp-18.txt
INFO: tsmc28hpcp 18 
INFO: SKIPPED. NOT RELEASE VESION.

s001-pms-5015pd-tsmc28hpcp-18.txt
INFO: tsmc28hpcp 18 
INFO: SKIPPED. NOT RELEASE VESION.

s001-pms-5038vm-tsmc28hpcp-18.txt
INFO: tsmc28hpcp 18 
INFO: SKIPPED. NOT RELEASE VESION.

s001-pms-5086pvtc-tsmc28hpcp-18.txt
INFO: tsmc28hpcp 18 
INFO: SKIPPED. NOT RELEASE VESION.

