c236-tsmc28hpcp-1.8v : /remote/cad-rep/projects/cmnblks/u120-cmnblks-tsmc28hpcp-18/rel1.01/cad/project.env
tsmc28hpcp-18_10M_5X2Y2Z : /remote/cad-rep/proj/c236-tsmc28hpcp-1.8v/rel3.8.0/cad/10M_5X2Y2Z/env.tcl
tsmc28hpcp-18_6M_4X1Z : /remote/cad-rep/proj/c236-tsmc28hpcp-1.8v/rel3.8.0/cad/6M_4X1Z/env.tcl
tsmc28hpcp-18_7M_4X1Z1U : /remote/cad-rep/proj/c236-tsmc28hpcp-1.8v/rel3.8.0/cad/7M_4X1Z1U/env.tcl
tsmc28hpcp-18_7M_4X2Z : /remote/cad-rep/proj/c236-tsmc28hpcp-1.8v/rel3.8.0/cad/7M_4X2Z/env.tcl
tsmc28hpcp-18_7M_5X1Z : /remote/cad-rep/proj/c236-tsmc28hpcp-1.8v/rel3.8.0/cad/7M_5X1Z/env.tcl
tsmc28hpcp-18_8M_5X1Z1U : /remote/cad-rep/proj/c236-tsmc28hpcp-1.8v/rel3.8.0/cad/8M_5X1Z1U/env.tcl
tsmc28hpcp-18_8M_5X2R : /remote/cad-rep/proj/c236-tsmc28hpcp-1.8v/rel3.8.0/cad/8M_5X2R/env.tcl
tsmc28hpcp-18_8M_5X2Z : /remote/cad-rep/proj/c236-tsmc28hpcp-1.8v/rel3.8.0/cad/8M_5X2Z/env.tcl
tsmc28hpcp-18_9M_4X2Y2R : /remote/cad-rep/proj/c236-tsmc28hpcp-1.8v/rel3.8.0/cad/9M_4X2Y2R/env.tcl
tsmc28hpcp-18_9M_4X2Y2Z : /remote/cad-rep/proj/c236-tsmc28hpcp-1.8v/rel3.8.0/cad/9M_4X2Y2Z/env.tcl
tsmc28hpcp-18_9M_5X3Z : /remote/cad-rep/proj/c236-tsmc28hpcp-1.8v/rel3.8.0/cad/9M_5X3Z/env.tcl
tsmc28hpcp-18_9M_6X1Z1U : /remote/cad-rep/proj/c236-tsmc28hpcp-1.8v/rel3.8.0/cad/9M_6X1Z1U/env.tcl
tsmc28hpcp-18_9M_6X2R : /remote/cad-rep/proj/c236-tsmc28hpcp-1.8v/rel3.8.0/cad/9M_6X2R/env.tcl
tsmc28hpcp-18_9M_6X2Z : /remote/cad-rep/proj/c236-tsmc28hpcp-1.8v/rel3.8.0/cad/9M_6X2Z/env.tcl
tsmc28hpcp-18_10M_5X2Y2Z : /remote/cad-rep/proj/c236-tsmc28hpcp-1.8v/rel4.3.0/cad/10M_5X2Y2Z/env.tcl
tsmc28hpcp-18_6M_4X1Z : /remote/cad-rep/proj/c236-tsmc28hpcp-1.8v/rel4.3.0/cad/6M_4X1Z/env.tcl
tsmc28hpcp-18_7M_4X1Z1U : /remote/cad-rep/proj/c236-tsmc28hpcp-1.8v/rel4.3.0/cad/7M_4X1Z1U/env.tcl
tsmc28hpcp-18_7M_4X2Z : /remote/cad-rep/proj/c236-tsmc28hpcp-1.8v/rel4.3.0/cad/7M_4X2Z/env.tcl
tsmc28hpcp-18_7M_5X1Z : /remote/cad-rep/proj/c236-tsmc28hpcp-1.8v/rel4.3.0/cad/7M_5X1Z/env.tcl
tsmc28hpcp-18_8M_5X1Y1Z : /remote/cad-rep/proj/c236-tsmc28hpcp-1.8v/rel4.3.0/cad/8M_5X1Y1Z/env.tcl
tsmc28hpcp-18_8M_5X1Z1U : /remote/cad-rep/proj/c236-tsmc28hpcp-1.8v/rel4.3.0/cad/8M_5X1Z1U/env.tcl
tsmc28hpcp-18_8M_5X2R : /remote/cad-rep/proj/c236-tsmc28hpcp-1.8v/rel4.3.0/cad/8M_5X2R/env.tcl
tsmc28hpcp-18_8M_5X2Z : /remote/cad-rep/proj/c236-tsmc28hpcp-1.8v/rel4.3.0/cad/8M_5X2Z/env.tcl
tsmc28hpcp-18_9M_4X2Y2R : /remote/cad-rep/proj/c236-tsmc28hpcp-1.8v/rel4.3.0/cad/9M_4X2Y2R/env.tcl
tsmc28hpcp-18_9M_4X2Y2Z : /remote/cad-rep/proj/c236-tsmc28hpcp-1.8v/rel4.3.0/cad/9M_4X2Y2Z/env.tcl
tsmc28hpcp-18_9M_5X3Z : /remote/cad-rep/proj/c236-tsmc28hpcp-1.8v/rel4.3.0/cad/9M_5X3Z/env.tcl
tsmc28hpcp-18_9M_6X1Z1U : /remote/cad-rep/proj/c236-tsmc28hpcp-1.8v/rel4.3.0/cad/9M_6X1Z1U/env.tcl
tsmc28hpcp-18_9M_6X2R : /remote/cad-rep/proj/c236-tsmc28hpcp-1.8v/rel4.3.0/cad/9M_6X2R/env.tcl
tsmc28hpcp-18_9M_6X2Z : /remote/cad-rep/proj/c236-tsmc28hpcp-1.8v/rel4.3.0/cad/9M_6X2Z/env.tcl
tsmc28hpcp-18_10M_5X2Y2Z : /remote/cad-rep/proj/c236-tsmc28hpcp-1.8v/rel4.3.0/cad/10M_5X2Y2Z/env.tcl
tsmc28hpcp-18_6M_4X1Z : /remote/cad-rep/proj/c236-tsmc28hpcp-1.8v/rel4.3.0/cad/6M_4X1Z/env.tcl
tsmc28hpcp-18_7M_4X1Z1U : /remote/cad-rep/proj/c236-tsmc28hpcp-1.8v/rel4.3.0/cad/7M_4X1Z1U/env.tcl
tsmc28hpcp-18_7M_4X2Z : /remote/cad-rep/proj/c236-tsmc28hpcp-1.8v/rel4.3.0/cad/7M_4X2Z/env.tcl
tsmc28hpcp-18_7M_5X1Z : /remote/cad-rep/proj/c236-tsmc28hpcp-1.8v/rel4.3.0/cad/7M_5X1Z/env.tcl
tsmc28hpcp-18_8M_5X1Y1Z : /remote/cad-rep/proj/c236-tsmc28hpcp-1.8v/rel4.3.0/cad/8M_5X1Y1Z/env.tcl
tsmc28hpcp-18_8M_5X1Z1U : /remote/cad-rep/proj/c236-tsmc28hpcp-1.8v/rel4.3.0/cad/8M_5X1Z1U/env.tcl
tsmc28hpcp-18_8M_5X2R : /remote/cad-rep/proj/c236-tsmc28hpcp-1.8v/rel4.3.0/cad/8M_5X2R/env.tcl
tsmc28hpcp-18_8M_5X2Z : /remote/cad-rep/proj/c236-tsmc28hpcp-1.8v/rel4.3.0/cad/8M_5X2Z/env.tcl
tsmc28hpcp-18_9M_4X2Y2R : /remote/cad-rep/proj/c236-tsmc28hpcp-1.8v/rel4.3.0/cad/9M_4X2Y2R/env.tcl
tsmc28hpcp-18_9M_4X2Y2Z : /remote/cad-rep/proj/c236-tsmc28hpcp-1.8v/rel4.3.0/cad/9M_4X2Y2Z/env.tcl
tsmc28hpcp-18_9M_5X3Z : /remote/cad-rep/proj/c236-tsmc28hpcp-1.8v/rel4.3.0/cad/9M_5X3Z/env.tcl
tsmc28hpcp-18_9M_6X1Z1U : /remote/cad-rep/proj/c236-tsmc28hpcp-1.8v/rel4.3.0/cad/9M_6X1Z1U/env.tcl
tsmc28hpcp-18_9M_6X2R : /remote/cad-rep/proj/c236-tsmc28hpcp-1.8v/rel4.3.0/cad/9M_6X2R/env.tcl
tsmc28hpcp-18_9M_6X2Z : /remote/cad-rep/proj/c236-tsmc28hpcp-1.8v/rel4.3.0/cad/9M_6X2Z/env.tcl
tsmc28hpcp-18_10M_5X2Y2Z : /remote/cad-rep/proj/c236-tsmc28hpcp-1.8v/rel4.3.0/cad/10M_5X2Y2Z/env.tcl
tsmc28hpcp-18_6M_4X1Z : /remote/cad-rep/proj/c236-tsmc28hpcp-1.8v/rel4.3.0/cad/6M_4X1Z/env.tcl
tsmc28hpcp-18_7M_4X1Z1U : /remote/cad-rep/proj/c236-tsmc28hpcp-1.8v/rel4.3.0/cad/7M_4X1Z1U/env.tcl
tsmc28hpcp-18_7M_4X2Z : /remote/cad-rep/proj/c236-tsmc28hpcp-1.8v/rel4.3.0/cad/7M_4X2Z/env.tcl
tsmc28hpcp-18_7M_5X1Z : /remote/cad-rep/proj/c236-tsmc28hpcp-1.8v/rel4.3.0/cad/7M_5X1Z/env.tcl
tsmc28hpcp-18_8M_5X1Y1Z : /remote/cad-rep/proj/c236-tsmc28hpcp-1.8v/rel4.3.0/cad/8M_5X1Y1Z/env.tcl
tsmc28hpcp-18_8M_5X1Z1U : /remote/cad-rep/proj/c236-tsmc28hpcp-1.8v/rel4.3.0/cad/8M_5X1Z1U/env.tcl
tsmc28hpcp-18_8M_5X2R : /remote/cad-rep/proj/c236-tsmc28hpcp-1.8v/rel4.3.0/cad/8M_5X2R/env.tcl
tsmc28hpcp-18_8M_5X2Z : /remote/cad-rep/proj/c236-tsmc28hpcp-1.8v/rel4.3.0/cad/8M_5X2Z/env.tcl
tsmc28hpcp-18_9M_4X2Y2R : /remote/cad-rep/proj/c236-tsmc28hpcp-1.8v/rel4.3.0/cad/9M_4X2Y2R/env.tcl
tsmc28hpcp-18_9M_4X2Y2Z : /remote/cad-rep/proj/c236-tsmc28hpcp-1.8v/rel4.3.0/cad/9M_4X2Y2Z/env.tcl
tsmc28hpcp-18_9M_5X3Z : /remote/cad-rep/proj/c236-tsmc28hpcp-1.8v/rel4.3.0/cad/9M_5X3Z/env.tcl
tsmc28hpcp-18_9M_6X1Z1U : /remote/cad-rep/proj/c236-tsmc28hpcp-1.8v/rel4.3.0/cad/9M_6X1Z1U/env.tcl
tsmc28hpcp-18_9M_6X2R : /remote/cad-rep/proj/c236-tsmc28hpcp-1.8v/rel4.3.0/cad/9M_6X2R/env.tcl
tsmc28hpcp-18_9M_6X2Z : /remote/cad-rep/proj/c236-tsmc28hpcp-1.8v/rel4.3.0/cad/9M_6X2Z/env.tcl
tsmc28hpcp-18_10M_5X2Y2Z : /remote/cad-rep/proj/c236-tsmc28hpcp-1.8v/rel3.8.0/cad/10M_5X2Y2Z/env.tcl
tsmc28hpcp-18_6M_4X1Z : /remote/cad-rep/proj/c236-tsmc28hpcp-1.8v/rel3.8.0/cad/6M_4X1Z/env.tcl
tsmc28hpcp-18_7M_4X1Z1U : /remote/cad-rep/proj/c236-tsmc28hpcp-1.8v/rel3.8.0/cad/7M_4X1Z1U/env.tcl
tsmc28hpcp-18_7M_4X2Z : /remote/cad-rep/proj/c236-tsmc28hpcp-1.8v/rel3.8.0/cad/7M_4X2Z/env.tcl
tsmc28hpcp-18_7M_5X1Z : /remote/cad-rep/proj/c236-tsmc28hpcp-1.8v/rel3.8.0/cad/7M_5X1Z/env.tcl
tsmc28hpcp-18_8M_5X1Z1U : /remote/cad-rep/proj/c236-tsmc28hpcp-1.8v/rel3.8.0/cad/8M_5X1Z1U/env.tcl
tsmc28hpcp-18_8M_5X2R : /remote/cad-rep/proj/c236-tsmc28hpcp-1.8v/rel3.8.0/cad/8M_5X2R/env.tcl
tsmc28hpcp-18_8M_5X2Z : /remote/cad-rep/proj/c236-tsmc28hpcp-1.8v/rel3.8.0/cad/8M_5X2Z/env.tcl
tsmc28hpcp-18_9M_4X2Y2R : /remote/cad-rep/proj/c236-tsmc28hpcp-1.8v/rel3.8.0/cad/9M_4X2Y2R/env.tcl
tsmc28hpcp-18_9M_4X2Y2Z : /remote/cad-rep/proj/c236-tsmc28hpcp-1.8v/rel3.8.0/cad/9M_4X2Y2Z/env.tcl
tsmc28hpcp-18_9M_5X3Z : /remote/cad-rep/proj/c236-tsmc28hpcp-1.8v/rel3.8.0/cad/9M_5X3Z/env.tcl
tsmc28hpcp-18_9M_6X1Z1U : /remote/cad-rep/proj/c236-tsmc28hpcp-1.8v/rel3.8.0/cad/9M_6X1Z1U/env.tcl
tsmc28hpcp-18_9M_6X2R : /remote/cad-rep/proj/c236-tsmc28hpcp-1.8v/rel3.8.0/cad/9M_6X2R/env.tcl
tsmc28hpcp-18_9M_6X2Z : /remote/cad-rep/proj/c236-tsmc28hpcp-1.8v/rel3.8.0/cad/9M_6X2Z/env.tcl
tsmc28hpcp-18_10M_5X2Y2Z : /remote/cad-rep/proj/c236-tsmc28hpcp-1.8v/rel4.1.0/cad/10M_5X2Y2Z/env.tcl
tsmc28hpcp-18_6M_4X1Z : /remote/cad-rep/proj/c236-tsmc28hpcp-1.8v/rel4.1.0/cad/6M_4X1Z/env.tcl
tsmc28hpcp-18_7M_4X1Z1U : /remote/cad-rep/proj/c236-tsmc28hpcp-1.8v/rel4.1.0/cad/7M_4X1Z1U/env.tcl
tsmc28hpcp-18_7M_4X2Z : /remote/cad-rep/proj/c236-tsmc28hpcp-1.8v/rel4.1.0/cad/7M_4X2Z/env.tcl
tsmc28hpcp-18_7M_5X1Z : /remote/cad-rep/proj/c236-tsmc28hpcp-1.8v/rel4.1.0/cad/7M_5X1Z/env.tcl
tsmc28hpcp-18_8M_5X1Z1U : /remote/cad-rep/proj/c236-tsmc28hpcp-1.8v/rel4.1.0/cad/8M_5X1Z1U/env.tcl
tsmc28hpcp-18_8M_5X2R : /remote/cad-rep/proj/c236-tsmc28hpcp-1.8v/rel4.1.0/cad/8M_5X2R/env.tcl
tsmc28hpcp-18_8M_5X2Z : /remote/cad-rep/proj/c236-tsmc28hpcp-1.8v/rel4.1.0/cad/8M_5X2Z/env.tcl
tsmc28hpcp-18_9M_4X2Y2R : /remote/cad-rep/proj/c236-tsmc28hpcp-1.8v/rel4.1.0/cad/9M_4X2Y2R/env.tcl
tsmc28hpcp-18_9M_4X2Y2Z : /remote/cad-rep/proj/c236-tsmc28hpcp-1.8v/rel4.1.0/cad/9M_4X2Y2Z/env.tcl
tsmc28hpcp-18_9M_5X3Z : /remote/cad-rep/proj/c236-tsmc28hpcp-1.8v/rel4.1.0/cad/9M_5X3Z/env.tcl
tsmc28hpcp-18_9M_6X1Z1U : /remote/cad-rep/proj/c236-tsmc28hpcp-1.8v/rel4.1.0/cad/9M_6X1Z1U/env.tcl
tsmc28hpcp-18_9M_6X2R : /remote/cad-rep/proj/c236-tsmc28hpcp-1.8v/rel4.1.0/cad/9M_6X2R/env.tcl
tsmc28hpcp-18_9M_6X2Z : /remote/cad-rep/proj/c236-tsmc28hpcp-1.8v/rel4.1.0/cad/9M_6X2Z/env.tcl
tsmc28hpcp-18_10M_5X2Y2Z : /remote/cad-rep/proj/c236-tsmc28hpcp-1.8v/rel3.8.0/cad/10M_5X2Y2Z/env.tcl
tsmc28hpcp-18_6M_4X1Z : /remote/cad-rep/proj/c236-tsmc28hpcp-1.8v/rel3.8.0/cad/6M_4X1Z/env.tcl
tsmc28hpcp-18_7M_4X1Z1U : /remote/cad-rep/proj/c236-tsmc28hpcp-1.8v/rel3.8.0/cad/7M_4X1Z1U/env.tcl
tsmc28hpcp-18_7M_4X2Z : /remote/cad-rep/proj/c236-tsmc28hpcp-1.8v/rel3.8.0/cad/7M_4X2Z/env.tcl
tsmc28hpcp-18_7M_5X1Z : /remote/cad-rep/proj/c236-tsmc28hpcp-1.8v/rel3.8.0/cad/7M_5X1Z/env.tcl
tsmc28hpcp-18_8M_5X1Z1U : /remote/cad-rep/proj/c236-tsmc28hpcp-1.8v/rel3.8.0/cad/8M_5X1Z1U/env.tcl
tsmc28hpcp-18_8M_5X2R : /remote/cad-rep/proj/c236-tsmc28hpcp-1.8v/rel3.8.0/cad/8M_5X2R/env.tcl
tsmc28hpcp-18_8M_5X2Z : /remote/cad-rep/proj/c236-tsmc28hpcp-1.8v/rel3.8.0/cad/8M_5X2Z/env.tcl
tsmc28hpcp-18_9M_4X2Y2R : /remote/cad-rep/proj/c236-tsmc28hpcp-1.8v/rel3.8.0/cad/9M_4X2Y2R/env.tcl
tsmc28hpcp-18_9M_4X2Y2Z : /remote/cad-rep/proj/c236-tsmc28hpcp-1.8v/rel3.8.0/cad/9M_4X2Y2Z/env.tcl
tsmc28hpcp-18_9M_5X3Z : /remote/cad-rep/proj/c236-tsmc28hpcp-1.8v/rel3.8.0/cad/9M_5X3Z/env.tcl
tsmc28hpcp-18_9M_6X1Z1U : /remote/cad-rep/proj/c236-tsmc28hpcp-1.8v/rel3.8.0/cad/9M_6X1Z1U/env.tcl
tsmc28hpcp-18_9M_6X2R : /remote/cad-rep/proj/c236-tsmc28hpcp-1.8v/rel3.8.0/cad/9M_6X2R/env.tcl
tsmc28hpcp-18_9M_6X2Z : /remote/cad-rep/proj/c236-tsmc28hpcp-1.8v/rel3.8.0/cad/9M_6X2Z/env.tcl
tsmc28hpcp-18_10M_5X2Y2Z : /remote/cad-rep/proj/c236-tsmc28hpcp-1.8v/rel4.1.0/cad/10M_5X2Y2Z/env.tcl
tsmc28hpcp-18_6M_4X1Z : /remote/cad-rep/proj/c236-tsmc28hpcp-1.8v/rel4.1.0/cad/6M_4X1Z/env.tcl
tsmc28hpcp-18_7M_4X1Z1U : /remote/cad-rep/proj/c236-tsmc28hpcp-1.8v/rel4.1.0/cad/7M_4X1Z1U/env.tcl
tsmc28hpcp-18_7M_4X2Z : /remote/cad-rep/proj/c236-tsmc28hpcp-1.8v/rel4.1.0/cad/7M_4X2Z/env.tcl
tsmc28hpcp-18_7M_5X1Z : /remote/cad-rep/proj/c236-tsmc28hpcp-1.8v/rel4.1.0/cad/7M_5X1Z/env.tcl
tsmc28hpcp-18_8M_5X1Z1U : /remote/cad-rep/proj/c236-tsmc28hpcp-1.8v/rel4.1.0/cad/8M_5X1Z1U/env.tcl
tsmc28hpcp-18_8M_5X2R : /remote/cad-rep/proj/c236-tsmc28hpcp-1.8v/rel4.1.0/cad/8M_5X2R/env.tcl
tsmc28hpcp-18_8M_5X2Z : /remote/cad-rep/proj/c236-tsmc28hpcp-1.8v/rel4.1.0/cad/8M_5X2Z/env.tcl
tsmc28hpcp-18_9M_4X2Y2R : /remote/cad-rep/proj/c236-tsmc28hpcp-1.8v/rel4.1.0/cad/9M_4X2Y2R/env.tcl
tsmc28hpcp-18_9M_4X2Y2Z : /remote/cad-rep/proj/c236-tsmc28hpcp-1.8v/rel4.1.0/cad/9M_4X2Y2Z/env.tcl
tsmc28hpcp-18_9M_5X3Z : /remote/cad-rep/proj/c236-tsmc28hpcp-1.8v/rel4.1.0/cad/9M_5X3Z/env.tcl
tsmc28hpcp-18_9M_6X1Z1U : /remote/cad-rep/proj/c236-tsmc28hpcp-1.8v/rel4.1.0/cad/9M_6X1Z1U/env.tcl
tsmc28hpcp-18_9M_6X2R : /remote/cad-rep/proj/c236-tsmc28hpcp-1.8v/rel4.1.0/cad/9M_6X2R/env.tcl
tsmc28hpcp-18_9M_6X2Z : /remote/cad-rep/proj/c236-tsmc28hpcp-1.8v/rel4.1.0/cad/9M_6X2Z/env.tcl
tsmc28hpcp-18_10M_5X2Y2Z : /remote/cad-rep/proj/c236-tsmc28hpcp-1.8v/rel4.0.0/cad/10M_5X2Y2Z/env.tcl
tsmc28hpcp-18_6M_4X1Z : /remote/cad-rep/proj/c236-tsmc28hpcp-1.8v/rel4.0.0/cad/6M_4X1Z/env.tcl
tsmc28hpcp-18_7M_4X1Z1U : /remote/cad-rep/proj/c236-tsmc28hpcp-1.8v/rel4.0.0/cad/7M_4X1Z1U/env.tcl
tsmc28hpcp-18_7M_4X2Z : /remote/cad-rep/proj/c236-tsmc28hpcp-1.8v/rel4.0.0/cad/7M_4X2Z/env.tcl
tsmc28hpcp-18_7M_5X1Z : /remote/cad-rep/proj/c236-tsmc28hpcp-1.8v/rel4.0.0/cad/7M_5X1Z/env.tcl
tsmc28hpcp-18_8M_5X1Z1U : /remote/cad-rep/proj/c236-tsmc28hpcp-1.8v/rel4.0.0/cad/8M_5X1Z1U/env.tcl
tsmc28hpcp-18_8M_5X2R : /remote/cad-rep/proj/c236-tsmc28hpcp-1.8v/rel4.0.0/cad/8M_5X2R/env.tcl
tsmc28hpcp-18_8M_5X2Z : /remote/cad-rep/proj/c236-tsmc28hpcp-1.8v/rel4.0.0/cad/8M_5X2Z/env.tcl
tsmc28hpcp-18_9M_4X2Y2R : /remote/cad-rep/proj/c236-tsmc28hpcp-1.8v/rel4.0.0/cad/9M_4X2Y2R/env.tcl
tsmc28hpcp-18_9M_4X2Y2Z : /remote/cad-rep/proj/c236-tsmc28hpcp-1.8v/rel4.0.0/cad/9M_4X2Y2Z/env.tcl
tsmc28hpcp-18_9M_5X3Z : /remote/cad-rep/proj/c236-tsmc28hpcp-1.8v/rel4.0.0/cad/9M_5X3Z/env.tcl
tsmc28hpcp-18_9M_6X1Z1U : /remote/cad-rep/proj/c236-tsmc28hpcp-1.8v/rel4.0.0/cad/9M_6X1Z1U/env.tcl
tsmc28hpcp-18_9M_6X2R : /remote/cad-rep/proj/c236-tsmc28hpcp-1.8v/rel4.0.0/cad/9M_6X2R/env.tcl
tsmc28hpcp-18_9M_6X2Z : /remote/cad-rep/proj/c236-tsmc28hpcp-1.8v/rel4.0.0/cad/9M_6X2Z/env.tcl
tsmc28hpcp-18_10M_5X2Y2Z : /remote/cad-rep/proj/c236-tsmc28hpcp-1.8v/rel4.3.0/cad/10M_5X2Y2Z/env.tcl
tsmc28hpcp-18_6M_4X1Z : /remote/cad-rep/proj/c236-tsmc28hpcp-1.8v/rel4.3.0/cad/6M_4X1Z/env.tcl
tsmc28hpcp-18_7M_4X1Z1U : /remote/cad-rep/proj/c236-tsmc28hpcp-1.8v/rel4.3.0/cad/7M_4X1Z1U/env.tcl
tsmc28hpcp-18_7M_4X2Z : /remote/cad-rep/proj/c236-tsmc28hpcp-1.8v/rel4.3.0/cad/7M_4X2Z/env.tcl
tsmc28hpcp-18_7M_5X1Z : /remote/cad-rep/proj/c236-tsmc28hpcp-1.8v/rel4.3.0/cad/7M_5X1Z/env.tcl
tsmc28hpcp-18_8M_5X1Y1Z : /remote/cad-rep/proj/c236-tsmc28hpcp-1.8v/rel4.3.0/cad/8M_5X1Y1Z/env.tcl
tsmc28hpcp-18_8M_5X1Z1U : /remote/cad-rep/proj/c236-tsmc28hpcp-1.8v/rel4.3.0/cad/8M_5X1Z1U/env.tcl
tsmc28hpcp-18_8M_5X2R : /remote/cad-rep/proj/c236-tsmc28hpcp-1.8v/rel4.3.0/cad/8M_5X2R/env.tcl
tsmc28hpcp-18_8M_5X2Z : /remote/cad-rep/proj/c236-tsmc28hpcp-1.8v/rel4.3.0/cad/8M_5X2Z/env.tcl
tsmc28hpcp-18_9M_4X2Y2R : /remote/cad-rep/proj/c236-tsmc28hpcp-1.8v/rel4.3.0/cad/9M_4X2Y2R/env.tcl
tsmc28hpcp-18_9M_4X2Y2Z : /remote/cad-rep/proj/c236-tsmc28hpcp-1.8v/rel4.3.0/cad/9M_4X2Y2Z/env.tcl
tsmc28hpcp-18_9M_5X3Z : /remote/cad-rep/proj/c236-tsmc28hpcp-1.8v/rel4.3.0/cad/9M_5X3Z/env.tcl
tsmc28hpcp-18_9M_6X1Z1U : /remote/cad-rep/proj/c236-tsmc28hpcp-1.8v/rel4.3.0/cad/9M_6X1Z1U/env.tcl
tsmc28hpcp-18_9M_6X2R : /remote/cad-rep/proj/c236-tsmc28hpcp-1.8v/rel4.3.0/cad/9M_6X2R/env.tcl
tsmc28hpcp-18_9M_6X2Z : /remote/cad-rep/proj/c236-tsmc28hpcp-1.8v/rel4.3.0/cad/9M_6X2Z/env.tcl
tsmc28hpcp-18_10M_5X2Y2Z : /remote/cad-rep/proj/c236-tsmc28hpcp-1.8v/rel4.3.0/cad/10M_5X2Y2Z/env.tcl
tsmc28hpcp-18_6M_4X1Z : /remote/cad-rep/proj/c236-tsmc28hpcp-1.8v/rel4.3.0/cad/6M_4X1Z/env.tcl
tsmc28hpcp-18_7M_4X1Z1U : /remote/cad-rep/proj/c236-tsmc28hpcp-1.8v/rel4.3.0/cad/7M_4X1Z1U/env.tcl
tsmc28hpcp-18_7M_4X2Z : /remote/cad-rep/proj/c236-tsmc28hpcp-1.8v/rel4.3.0/cad/7M_4X2Z/env.tcl
tsmc28hpcp-18_7M_5X1Z : /remote/cad-rep/proj/c236-tsmc28hpcp-1.8v/rel4.3.0/cad/7M_5X1Z/env.tcl
tsmc28hpcp-18_8M_5X1Y1Z : /remote/cad-rep/proj/c236-tsmc28hpcp-1.8v/rel4.3.0/cad/8M_5X1Y1Z/env.tcl
tsmc28hpcp-18_8M_5X1Z1U : /remote/cad-rep/proj/c236-tsmc28hpcp-1.8v/rel4.3.0/cad/8M_5X1Z1U/env.tcl
tsmc28hpcp-18_8M_5X2R : /remote/cad-rep/proj/c236-tsmc28hpcp-1.8v/rel4.3.0/cad/8M_5X2R/env.tcl
tsmc28hpcp-18_8M_5X2Z : /remote/cad-rep/proj/c236-tsmc28hpcp-1.8v/rel4.3.0/cad/8M_5X2Z/env.tcl
tsmc28hpcp-18_9M_4X2Y2R : /remote/cad-rep/proj/c236-tsmc28hpcp-1.8v/rel4.3.0/cad/9M_4X2Y2R/env.tcl
tsmc28hpcp-18_9M_4X2Y2Z : /remote/cad-rep/proj/c236-tsmc28hpcp-1.8v/rel4.3.0/cad/9M_4X2Y2Z/env.tcl
tsmc28hpcp-18_9M_5X3Z : /remote/cad-rep/proj/c236-tsmc28hpcp-1.8v/rel4.3.0/cad/9M_5X3Z/env.tcl
tsmc28hpcp-18_9M_6X1Z1U : /remote/cad-rep/proj/c236-tsmc28hpcp-1.8v/rel4.3.0/cad/9M_6X1Z1U/env.tcl
tsmc28hpcp-18_9M_6X2R : /remote/cad-rep/proj/c236-tsmc28hpcp-1.8v/rel4.3.0/cad/9M_6X2R/env.tcl
tsmc28hpcp-18_9M_6X2Z : /remote/cad-rep/proj/c236-tsmc28hpcp-1.8v/rel4.3.0/cad/9M_6X2Z/env.tcl
