c146-gf12lpp-1.8v : /remote/cad-rep/projects/adc/z00000-adc-sar-12b5m-gf12lpp-18/rel1.00/cad/project.env
gf12lpp-18_11M_3Mx_4Cx_2Kx_2Gx_LB : /remote/cad-rep/proj/c146-gf12lpp-1.8v/rel2.3.2/cad/11M_3Mx_4Cx_2Kx_2Gx_LB/env.tcl
gf12lpp-18_13M_3Mx_2Cx_4Kx_2Hx_2Gx_LB : /remote/cad-rep/proj/c146-gf12lpp-1.8v/rel2.3.2/cad/13M_3Mx_2Cx_4Kx_2Hx_2Gx_LB/env.tcl
gf12lpp-18_9M_3Mx_2Cx_2Kx_2Gx_LB : /remote/cad-rep/proj/c146-gf12lpp-1.8v/rel2.3.2/cad/9M_3Mx_2Cx_2Kx_2Gx_LB/env.tcl
gf12lpp-18_9M_3Mx_4Cx_2Gx_LB : /remote/cad-rep/proj/c146-gf12lpp-1.8v/rel2.3.2/cad/9M_3Mx_4Cx_2Gx_LB/env.tcl
gf12lpp-18_11M_3Mx_4Cx_2Kx_2Gx_LB : /remote/cad-rep/proj/c146-gf12lpp-1.8v/rel2.3.2/cad/11M_3Mx_4Cx_2Kx_2Gx_LB/env.tcl
gf12lpp-18_13M_3Mx_2Cx_4Kx_2Hx_2Gx_LB : /remote/cad-rep/proj/c146-gf12lpp-1.8v/rel2.3.2/cad/13M_3Mx_2Cx_4Kx_2Hx_2Gx_LB/env.tcl
gf12lpp-18_9M_3Mx_2Cx_2Kx_2Gx_LB : /remote/cad-rep/proj/c146-gf12lpp-1.8v/rel2.3.2/cad/9M_3Mx_2Cx_2Kx_2Gx_LB/env.tcl
gf12lpp-18_9M_3Mx_4Cx_2Gx_LB : /remote/cad-rep/proj/c146-gf12lpp-1.8v/rel2.3.2/cad/9M_3Mx_4Cx_2Gx_LB/env.tcl
gf12lpp-18_11M_3Mx_4Cx_2Kx_2Gx_LB : /remote/cad-rep/proj/c146-gf12lpp-1.8v/rel2.3.2/cad/11M_3Mx_4Cx_2Kx_2Gx_LB/env.tcl
gf12lpp-18_13M_3Mx_2Cx_4Kx_2Hx_2Gx_LB : /remote/cad-rep/proj/c146-gf12lpp-1.8v/rel2.3.2/cad/13M_3Mx_2Cx_4Kx_2Hx_2Gx_LB/env.tcl
gf12lpp-18_9M_3Mx_2Cx_2Kx_2Gx_LB : /remote/cad-rep/proj/c146-gf12lpp-1.8v/rel2.3.2/cad/9M_3Mx_2Cx_2Kx_2Gx_LB/env.tcl
gf12lpp-18_9M_3Mx_4Cx_2Gx_LB : /remote/cad-rep/proj/c146-gf12lpp-1.8v/rel2.3.2/cad/9M_3Mx_4Cx_2Gx_LB/env.tcl
gf12lpp-18_11M_3Mx_4Cx_2Kx_2Gx_LB : /remote/cad-rep/proj/c146-gf12lpp-1.8v/rel2.3.2/cad/11M_3Mx_4Cx_2Kx_2Gx_LB/env.tcl
gf12lpp-18_13M_3Mx_2Cx_4Kx_2Hx_2Gx_LB : /remote/cad-rep/proj/c146-gf12lpp-1.8v/rel2.3.2/cad/13M_3Mx_2Cx_4Kx_2Hx_2Gx_LB/env.tcl
gf12lpp-18_9M_3Mx_2Cx_2Kx_2Gx_LB : /remote/cad-rep/proj/c146-gf12lpp-1.8v/rel2.3.2/cad/9M_3Mx_2Cx_2Kx_2Gx_LB/env.tcl
gf12lpp-18_9M_3Mx_4Cx_2Gx_LB : /remote/cad-rep/proj/c146-gf12lpp-1.8v/rel2.3.2/cad/9M_3Mx_4Cx_2Gx_LB/env.tcl
gf12lpp-18_11M_3Mx_4Cx_2Kx_2Gx_LB : /remote/cad-rep/proj/c146-gf12lpp-1.8v/rel2.3.0/cad/11M_3Mx_4Cx_2Kx_2Gx_LB/env.tcl
gf12lpp-18_13M_3Mx_2Cx_4Kx_2Hx_2Gx_LB : /remote/cad-rep/proj/c146-gf12lpp-1.8v/rel2.3.0/cad/13M_3Mx_2Cx_4Kx_2Hx_2Gx_LB/env.tcl
gf12lpp-18_11M_3Mx_4Cx_2Kx_2Gx_LB : /remote/cad-rep/proj/c146-gf12lpp-1.8v/rel2.6.0/cad/11M_3Mx_4Cx_2Kx_2Gx_LB/env.tcl
gf12lpp-18_11M_3Mx_4Cx_2Kx_2Gx_LB_MIM : /remote/cad-rep/proj/c146-gf12lpp-1.8v/rel2.6.0/cad/11M_3Mx_4Cx_2Kx_2Gx_LB_MIM/env.tcl
gf12lpp-18_13M_3Mx_2Cx_4Kx_2Hx_2Gx_LB : /remote/cad-rep/proj/c146-gf12lpp-1.8v/rel2.6.0/cad/13M_3Mx_2Cx_4Kx_2Hx_2Gx_LB/env.tcl
gf12lpp-18_9M_3Mx_2Cx_2Kx_2Gx_LB : /remote/cad-rep/proj/c146-gf12lpp-1.8v/rel2.6.0/cad/9M_3Mx_2Cx_2Kx_2Gx_LB/env.tcl
gf12lpp-18_9M_3Mx_4Cx_2Gx_LB : /remote/cad-rep/proj/c146-gf12lpp-1.8v/rel2.6.0/cad/9M_3Mx_4Cx_2Gx_LB/env.tcl
gf12lpp-18_11M_3Mx_4Cx_2Kx_2Gx_LB : /remote/cad-rep/proj/c146-gf12lpp-1.8v/rel2.3.2/cad/11M_3Mx_4Cx_2Kx_2Gx_LB/env.tcl
gf12lpp-18_13M_3Mx_2Cx_4Kx_2Hx_2Gx_LB : /remote/cad-rep/proj/c146-gf12lpp-1.8v/rel2.3.2/cad/13M_3Mx_2Cx_4Kx_2Hx_2Gx_LB/env.tcl
gf12lpp-18_9M_3Mx_2Cx_2Kx_2Gx_LB : /remote/cad-rep/proj/c146-gf12lpp-1.8v/rel2.3.2/cad/9M_3Mx_2Cx_2Kx_2Gx_LB/env.tcl
gf12lpp-18_9M_3Mx_4Cx_2Gx_LB : /remote/cad-rep/proj/c146-gf12lpp-1.8v/rel2.3.2/cad/9M_3Mx_4Cx_2Gx_LB/env.tcl
gf12lpp-18_11M_3Mx_4Cx_2Kx_2Gx_LB : /remote/cad-rep/proj/c146-gf12lpp-1.8v/rel2.3.0/cad/11M_3Mx_4Cx_2Kx_2Gx_LB/env.tcl
gf12lpp-18_13M_3Mx_2Cx_4Kx_2Hx_2Gx_LB : /remote/cad-rep/proj/c146-gf12lpp-1.8v/rel2.3.0/cad/13M_3Mx_2Cx_4Kx_2Hx_2Gx_LB/env.tcl
gf12lpp-18_11M_3Mx_4Cx_2Kx_2Gx_LB : /remote/cad-rep/proj/c146-gf12lpp-1.8v/rel2.3.2/cad/11M_3Mx_4Cx_2Kx_2Gx_LB/env.tcl
gf12lpp-18_13M_3Mx_2Cx_4Kx_2Hx_2Gx_LB : /remote/cad-rep/proj/c146-gf12lpp-1.8v/rel2.3.2/cad/13M_3Mx_2Cx_4Kx_2Hx_2Gx_LB/env.tcl
gf12lpp-18_9M_3Mx_2Cx_2Kx_2Gx_LB : /remote/cad-rep/proj/c146-gf12lpp-1.8v/rel2.3.2/cad/9M_3Mx_2Cx_2Kx_2Gx_LB/env.tcl
gf12lpp-18_9M_3Mx_4Cx_2Gx_LB : /remote/cad-rep/proj/c146-gf12lpp-1.8v/rel2.3.2/cad/9M_3Mx_4Cx_2Gx_LB/env.tcl
gf12lpp-18_11M_3Mx_4Cx_2Kx_2Gx_LB : /remote/cad-rep/proj/c146-gf12lpp-1.8v/rel2.3.0/cad/11M_3Mx_4Cx_2Kx_2Gx_LB/env.tcl
gf12lpp-18_13M_3Mx_2Cx_4Kx_2Hx_2Gx_LB : /remote/cad-rep/proj/c146-gf12lpp-1.8v/rel2.3.0/cad/13M_3Mx_2Cx_4Kx_2Hx_2Gx_LB/env.tcl
gf12lpp-18_11M_3Mx_4Cx_2Kx_2Gx_LB : /remote/cad-rep/proj/c146-gf12lpp-1.8v/rel2.4.0/cad/11M_3Mx_4Cx_2Kx_2Gx_LB/env.tcl
gf12lpp-18_13M_3Mx_2Cx_4Kx_2Hx_2Gx_LB : /remote/cad-rep/proj/c146-gf12lpp-1.8v/rel2.4.0/cad/13M_3Mx_2Cx_4Kx_2Hx_2Gx_LB/env.tcl
gf12lpp-18_9M_3Mx_2Cx_2Kx_2Gx_LB : /remote/cad-rep/proj/c146-gf12lpp-1.8v/rel2.4.0/cad/9M_3Mx_2Cx_2Kx_2Gx_LB/env.tcl
gf12lpp-18_9M_3Mx_4Cx_2Gx_LB : /remote/cad-rep/proj/c146-gf12lpp-1.8v/rel2.4.0/cad/9M_3Mx_4Cx_2Gx_LB/env.tcl
gf12lpp-18_11M_3Mx_4Cx_2Kx_2Gx_LB : /remote/cad-rep/proj/c146-gf12lpp-1.8v/rel2.6.0/cad/11M_3Mx_4Cx_2Kx_2Gx_LB/env.tcl
gf12lpp-18_11M_3Mx_4Cx_2Kx_2Gx_LB_MIM : /remote/cad-rep/proj/c146-gf12lpp-1.8v/rel2.6.0/cad/11M_3Mx_4Cx_2Kx_2Gx_LB_MIM/env.tcl
gf12lpp-18_13M_3Mx_2Cx_4Kx_2Hx_2Gx_LB : /remote/cad-rep/proj/c146-gf12lpp-1.8v/rel2.6.0/cad/13M_3Mx_2Cx_4Kx_2Hx_2Gx_LB/env.tcl
gf12lpp-18_9M_3Mx_2Cx_2Kx_2Gx_LB : /remote/cad-rep/proj/c146-gf12lpp-1.8v/rel2.6.0/cad/9M_3Mx_2Cx_2Kx_2Gx_LB/env.tcl
gf12lpp-18_9M_3Mx_4Cx_2Gx_LB : /remote/cad-rep/proj/c146-gf12lpp-1.8v/rel2.6.0/cad/9M_3Mx_4Cx_2Gx_LB/env.tcl
gf12lpp-18_11M_3Mx_4Cx_2Kx_2Gx_LB : /remote/cad-rep/proj/c146-gf12lpp-1.8v/rel2.3.3/cad/11M_3Mx_4Cx_2Kx_2Gx_LB/env.tcl
gf12lpp-18_13M_3Mx_2Cx_4Kx_2Hx_2Gx_LB : /remote/cad-rep/proj/c146-gf12lpp-1.8v/rel2.3.3/cad/13M_3Mx_2Cx_4Kx_2Hx_2Gx_LB/env.tcl
gf12lpp-18_9M_3Mx_2Cx_2Kx_2Gx_LB : /remote/cad-rep/proj/c146-gf12lpp-1.8v/rel2.3.3/cad/9M_3Mx_2Cx_2Kx_2Gx_LB/env.tcl
gf12lpp-18_9M_3Mx_4Cx_2Gx_LB : /remote/cad-rep/proj/c146-gf12lpp-1.8v/rel2.3.3/cad/9M_3Mx_4Cx_2Gx_LB/env.tcl
gf12lpp-18_11M_3Mx_4Cx_2Kx_2Gx_LB : /remote/cad-rep/proj/c146-gf12lpp-1.8v/rel2.3.2/cad/11M_3Mx_4Cx_2Kx_2Gx_LB/env.tcl
gf12lpp-18_13M_3Mx_2Cx_4Kx_2Hx_2Gx_LB : /remote/cad-rep/proj/c146-gf12lpp-1.8v/rel2.3.2/cad/13M_3Mx_2Cx_4Kx_2Hx_2Gx_LB/env.tcl
gf12lpp-18_9M_3Mx_2Cx_2Kx_2Gx_LB : /remote/cad-rep/proj/c146-gf12lpp-1.8v/rel2.3.2/cad/9M_3Mx_2Cx_2Kx_2Gx_LB/env.tcl
gf12lpp-18_9M_3Mx_4Cx_2Gx_LB : /remote/cad-rep/proj/c146-gf12lpp-1.8v/rel2.3.2/cad/9M_3Mx_4Cx_2Gx_LB/env.tcl
gf12lpp-18_11M_3Mx_4Cx_2Kx_2Gx_LB : /remote/cad-rep/proj/c146-gf12lpp-1.8v/rel2.3.3/cad/11M_3Mx_4Cx_2Kx_2Gx_LB/env.tcl
gf12lpp-18_13M_3Mx_2Cx_4Kx_2Hx_2Gx_LB : /remote/cad-rep/proj/c146-gf12lpp-1.8v/rel2.3.3/cad/13M_3Mx_2Cx_4Kx_2Hx_2Gx_LB/env.tcl
gf12lpp-18_9M_3Mx_2Cx_2Kx_2Gx_LB : /remote/cad-rep/proj/c146-gf12lpp-1.8v/rel2.3.3/cad/9M_3Mx_2Cx_2Kx_2Gx_LB/env.tcl
gf12lpp-18_9M_3Mx_4Cx_2Gx_LB : /remote/cad-rep/proj/c146-gf12lpp-1.8v/rel2.3.3/cad/9M_3Mx_4Cx_2Gx_LB/env.tcl
