tsmc6ff : rel2.9.0 : 18 : x706-usb2-tsmc6ff-18-ns
tsmc6ff : rel2.9.0 : 18 : x161-e16-lp-tsmc6ff-18-ns
tsmc6ff : rel2.9.0 : 18 : s001-pms-5182dts2-tsmc6ff-18
tsmc6ff : rel2.9.0 : 18 : s001-pms-5177tchip-tsmc6ff-18
tsmc6ff : rel2.9.0 : 18 : n406-c20-tsmc6ff-18-ns
tsmc6ff : rel2.9.0 : 18 : d842-ddr54v2-tsmc6ff18
tsmc6ff : rel2.8.0 : 18 : x332-e32-tsmc6ff-18-ns
tsmc6ff : rel2.8.0 : 18 : x092-e25-tsmc6ff-18-ns
tsmc6ff : rel2.8.0 : 18 : u132-cmnblks-tsmc6ff-18
tsmc6ff : rel2.8.0 : 18 : n221-c10-tsmc6ff-18-ns
tsmc6ff : rel2.8.0 : 18 : g305-dphy-cphy-tsmc6ff-18
tsmc6ff : rel2.7.2 : 18 : x706-usb2-tsmc6ff-6port-18-ns
tsmc6ff : rel2.7.2 : 18 : x340-e32-tsmc6ff-18-ns
tsmc6ff : rel2.7.2 : 18 : w299-nvm-otp-shfg4xpm-tsmc6ff-1.8v
tsmc6ff : rel2.7.2 : 18 : w022-nvm-otp-commonLibs-tsmc6ff-1.8v
tsmc6ff : rel2.7.2 : 18 : o706-diffbuf-tsmc6ff-18-ns
tsmc6ff : rel2.7.2 : 18 : g312-dphy-cphy-tsmc6ff-18
tsmc6ff : rel2.7.0 : 18 : s001-pms-5143cat-tsmc6ff-18
tsmc6ff : rel2.7.0 : 18 : s001-pms-5141pvtc-tsmc6ff-18
tsmc6ff : rel2.7.0 : 18 : s001-pms-5138vm-tsmc6ff-18
tsmc6ff : rel2.7.0 : 18 : s001-pms-5137td-tsmc6ff-18
tsmc6ff : rel2.7.0 : 18 : l260-std-tsmc6ff-1.8v
tsmc6ff : rel2.7.0 : 18 : g158-dphy-tsmc6ff-18
tsmc6ff : rel2.5.0 : 18 : x342-e32-tsmc6ff-18-ns
tsmc6ff : rel2.5.0 : 18 : x335-e32-ldo-tsmc6ff-18-ns
tsmc6ff : rel2.5.0 : 18 : t123-pcsmngqa-tsmc6ff-18
tsmc6ff : rel2.4.0 : 18_amd : p260-program-amd_navi4c-tsmc6ff-18
tsmc6ff : rel2.3.0 : 18 : e323-hdmi-earcrx-tsmc6ff-18
tsmc6ff : rel2.3.0 : 18_amd : d832-ddr54v2-cuamd-tsmc6ff18
tsmc6ff : rel2.2.2 : 18_amd : d752-hbm3-tsmc6ff18
tsmc6ff : rel2.2.1 : 18 : x161-e16-lpcuint-tsmc6ff-18-ns
tsmc6ff : rel2.2.1 : 18 : n402-c20-tsmc6ff-18-ns
tsmc6ff : rel2.1.0 : 18 : x706-usb2-tsmc6ff-18-ns-5port
tsmc6ff : rel2.10.0 : 18 : x586-e112-tsmc6ff-18-ns
tsmc6ff : rel2.10.0 : 18 : x225-xsr-tsmc6ff-18-ns
tsmc6ff : rel2.10.0 : 18 : s001-pms-5140dts-tsmc6ff-18
tsmc6ff : rel2.10.0 : 18 : s001-pms-5139pd-tsmc6ff-18
tsmc6ff : rel2.10.0 : 18 : m0119-mem-tsmc6ff-ts06n0g42p11sacrl128s
tsmc6ff : rel2.10.0 : 18 : e709-hdmi21-rxphy-tsmc6ff-18
tsmc6ff : rel2.10.0 : 18 : d852-lpddr54-tsmc6ff18
tsmc6ff : rel1.3.0 : 18_amd : n217-c10-tsmc6ff-18-ns
tsmc6ff : rel1.3.0 : 18_amd : d812-ddr54-cuamd-tsmc6ff18
tsmc6ff : rel1.1.0 : 18 : v011-eusb2-tsmc6ff-18-ns
tsmc6ff : rel1.1.0 : 18_amd : l260-std-tsmc6ff-1.8v_amd
