c130-gf7lp-1.8v : /remote/cad-rep/projects/c10/n204-c10-gf7lp-18-ns/rel2.01_snap_2018_08_07/cad/project.env
gf7lp-18_11M_3Mx_4Cx_2Kx_2Gx_LB : /remote/cad-rep/proj/c130-gf7lp-1.8v/rel3.1.0/cad/11M_3Mx_4Cx_2Kx_2Gx_LB/env.tcl
gf7lp-18_13M_3Mx_6Cx_2Kx_2Gx_LB : /remote/cad-rep/proj/c130-gf7lp-1.8v/rel3.1.0/cad/13M_3Mx_6Cx_2Kx_2Gx_LB/env.tcl
gf7lp-18_15M_3Mx_6Cx_2Kx_2Hx_2Gx_LB : /remote/cad-rep/proj/c130-gf7lp-1.8v/rel3.1.0/cad/15M_3Mx_6Cx_2Kx_2Hx_2Gx_LB/env.tcl
gf7lp-18_11M_3Mx_4Cx_2Kx_2Gx_LB : /remote/cad-rep/proj/c130-gf7lp-1.8v/rel3.0.0_18_07_22_1/cad/11M_3Mx_4Cx_2Kx_2Gx_LB/env.tcl
gf7lp-18_13M_3Mx_6Cx_2Kx_2Gx_LB : /remote/cad-rep/proj/c130-gf7lp-1.8v/rel3.0.0_18_07_22_1/cad/13M_3Mx_6Cx_2Kx_2Gx_LB/env.tcl
gf7lp-18_15M_3Mx_6Cx_2Kx_2Hx_2Gx_LB : /remote/cad-rep/proj/c130-gf7lp-1.8v/rel3.0.0_18_07_22_1/cad/15M_3Mx_6Cx_2Kx_2Hx_2Gx_LB/env.tcl
gf7lp-18_11M_3Mx_4Cx_2Kx_2Gx_LB : /remote/cad-rep/proj/c130-gf7lp-1.8v/rel2.4.0/cad/11M_3Mx_4Cx_2Kx_2Gx_LB/env.tcl
gf7lp-18_13M_3Mx_6Cx_2Kx_2Gx_LB : /remote/cad-rep/proj/c130-gf7lp-1.8v/rel2.4.0/cad/13M_3Mx_6Cx_2Kx_2Gx_LB/env.tcl
gf7lp-18_15M_3Mx_6Cx_2Kx_2Hx_2Gx_LB : /remote/cad-rep/proj/c130-gf7lp-1.8v/rel2.4.0/cad/15M_3Mx_6Cx_2Kx_2Hx_2Gx_LB/env.tcl
gf7lp-18_11M_3Mx_4Cx_2Kx_2Gx_LB : /remote/cad-rep/proj/c130-gf7lp-1.8v/rel3.0.0/cad/11M_3Mx_4Cx_2Kx_2Gx_LB/env.tcl
gf7lp-18_13M_3Mx_6Cx_2Kx_2Gx_LB : /remote/cad-rep/proj/c130-gf7lp-1.8v/rel3.0.0/cad/13M_3Mx_6Cx_2Kx_2Gx_LB/env.tcl
gf7lp-18_15M_3Mx_6Cx_2Kx_2Hx_2Gx_LB : /remote/cad-rep/proj/c130-gf7lp-1.8v/rel3.0.0/cad/15M_3Mx_6Cx_2Kx_2Hx_2Gx_LB/env.tcl
gf7lp-18_11M_3Mx_4Cx_2Kx_2Gx_LB : /remote/cad-rep/proj/c130-gf7lp-1.8v/rel3.1.0/cad/11M_3Mx_4Cx_2Kx_2Gx_LB/env.tcl
gf7lp-18_13M_3Mx_6Cx_2Kx_2Gx_LB : /remote/cad-rep/proj/c130-gf7lp-1.8v/rel3.1.0/cad/13M_3Mx_6Cx_2Kx_2Gx_LB/env.tcl
gf7lp-18_15M_3Mx_6Cx_2Kx_2Hx_2Gx_LB : /remote/cad-rep/proj/c130-gf7lp-1.8v/rel3.1.0/cad/15M_3Mx_6Cx_2Kx_2Hx_2Gx_LB/env.tcl
gf7lp-18_11M_3Mx_4Cx_2Kx_2Gx_LB : /remote/cad-rep/proj/c130-gf7lp-1.8v/rel3.0.0/cad/11M_3Mx_4Cx_2Kx_2Gx_LB/env.tcl
gf7lp-18_13M_3Mx_6Cx_2Kx_2Gx_LB : /remote/cad-rep/proj/c130-gf7lp-1.8v/rel3.0.0/cad/13M_3Mx_6Cx_2Kx_2Gx_LB/env.tcl
gf7lp-18_15M_3Mx_6Cx_2Kx_2Hx_2Gx_LB : /remote/cad-rep/proj/c130-gf7lp-1.8v/rel3.0.0/cad/15M_3Mx_6Cx_2Kx_2Hx_2Gx_LB/env.tcl
gf7lp-18_11M_3Mx_4Cx_2Kx_2Gx_LB : /remote/cad-rep/proj/c130-gf7lp-1.8v/rel2.2.0/cad/11M_3Mx_4Cx_2Kx_2Gx_LB/env.tcl
gf7lp-18_13M_3Mx_6Cx_2Kx_2Gx_LB : /remote/cad-rep/proj/c130-gf7lp-1.8v/rel2.2.0/cad/13M_3Mx_6Cx_2Kx_2Gx_LB/env.tcl
gf7lp-18_15M_3Mx_6Cx_2Kx_2Hx_2Gx_LB : /remote/cad-rep/proj/c130-gf7lp-1.8v/rel2.2.0/cad/15M_3Mx_6Cx_2Kx_2Hx_2Gx_LB/env.tcl
gf7lp-18_11M_3Mx_4Cx_2Kx_2Gx_LB : /remote/cad-rep/proj/c130-gf7lp-1.8v/rel3.0.0/cad/11M_3Mx_4Cx_2Kx_2Gx_LB/env.tcl
gf7lp-18_13M_3Mx_6Cx_2Kx_2Gx_LB : /remote/cad-rep/proj/c130-gf7lp-1.8v/rel3.0.0/cad/13M_3Mx_6Cx_2Kx_2Gx_LB/env.tcl
gf7lp-18_15M_3Mx_6Cx_2Kx_2Hx_2Gx_LB : /remote/cad-rep/proj/c130-gf7lp-1.8v/rel3.0.0/cad/15M_3Mx_6Cx_2Kx_2Hx_2Gx_LB/env.tcl
gf7lp-18_11M_3Mx_4Cx_2Kx_2Gx_LB : /remote/cad-rep/proj/c130-gf7lp-1.8v/rel3.1.0/cad/11M_3Mx_4Cx_2Kx_2Gx_LB/env.tcl
gf7lp-18_13M_3Mx_6Cx_2Kx_2Gx_LB : /remote/cad-rep/proj/c130-gf7lp-1.8v/rel3.1.0/cad/13M_3Mx_6Cx_2Kx_2Gx_LB/env.tcl
gf7lp-18_15M_3Mx_6Cx_2Kx_2Hx_2Gx_LB : /remote/cad-rep/proj/c130-gf7lp-1.8v/rel3.1.0/cad/15M_3Mx_6Cx_2Kx_2Hx_2Gx_LB/env.tcl
gf7lp-18_11M_3Mx_4Cx_2Kx_2Gx_LB : /remote/cad-rep/proj/c130-gf7lp-1.8v/rel3.0.0/cad/11M_3Mx_4Cx_2Kx_2Gx_LB/env.tcl
gf7lp-18_13M_3Mx_6Cx_2Kx_2Gx_LB : /remote/cad-rep/proj/c130-gf7lp-1.8v/rel3.0.0/cad/13M_3Mx_6Cx_2Kx_2Gx_LB/env.tcl
gf7lp-18_15M_3Mx_6Cx_2Kx_2Hx_2Gx_LB : /remote/cad-rep/proj/c130-gf7lp-1.8v/rel3.0.0/cad/15M_3Mx_6Cx_2Kx_2Hx_2Gx_LB/env.tcl
